[25.09.2016 08:41:40,221] [main] INFO  org.jgap.gp.impl.GPGenotype  - Evolving generation 0, memory free: 240.7 MB
[25.09.2016 08:41:40,298] [main] INFO  org.jgap.gp.impl.GPGenotype  - Best solution fitness: 100.0
[25.09.2016 08:41:40,299] [main] INFO  org.jgap.gp.impl.GPGenotype  - Best solution: (x2 - x1) * (x2 - x1) ==> (Arg(1) + Arg(2) + Arg(2)) + (Arg(2) + Arg(1) + Arg(2)) + (Arg(0) + Arg(1) + Arg(1))
[25.09.2016 08:41:40,300] [main] INFO  org.jgap.gp.impl.GPGenotype  - Depths of chroms: 2 / 2
[25.09.2016 08:41:40,301] [main] INFO  org.jgap.gp.impl.GPGenotype  - Best solution fitness: 100.0
[25.09.2016 08:41:40,302] [main] INFO  org.jgap.gp.impl.GPGenotype  - Best solution: (x2 - x1) * (x2 - x1) ==> (Arg(1) + Arg(2) + Arg(2)) + (Arg(2) + Arg(1) + Arg(2)) + (Arg(0) + Arg(1) + Arg(1))
[25.09.2016 08:41:40,303] [main] INFO  org.jgap.gp.impl.GPGenotype  - Depths of chroms: 2 / 2
[25.09.2016 08:41:40,996] [main] INFO  org.jgap.gp.impl.GPGenotype  - Creating initial population
[25.09.2016 08:41:41,003] [main] INFO  org.jgap.gp.impl.GPGenotype  - Mem free: 245.5 MB
[25.09.2016 08:41:41,012] [main] INFO  org.jgap.gp.impl.GPPopulation  - Prototype program set
[25.09.2016 08:41:41,149] [main] INFO  org.jgap.gp.impl.GPGenotype  - Mem free after creating population: 245.5 MB
[25.09.2016 08:41:41,152] [main] INFO  org.jgap.gp.impl.GPGenotype  - Your configuration does not contain unused commands, this is good
[25.09.2016 08:41:41,154] [main] INFO  org.jgap.gp.impl.GPGenotype  - Evolving generation 0, memory free: 240.8 MB
[25.09.2016 08:41:41,251] [main] INFO  org.jgap.gp.impl.GPGenotype  - Best solution fitness: 100.0
[25.09.2016 08:41:41,252] [main] INFO  org.jgap.gp.impl.GPGenotype  - Best solution: (x2 - x1) * ((x2 - x1) - x1) ==> (Arg(1) + Arg(2) + Arg(1)) + (Arg(0) + Arg(2) + Arg(0)) + (Arg(1) + Arg(2) + Arg(2))
[25.09.2016 08:41:41,253] [main] INFO  org.jgap.gp.impl.GPGenotype  - Depths of chroms: 3 / 2
[25.09.2016 08:41:41,254] [main] INFO  org.jgap.gp.impl.GPGenotype  - Best solution fitness: 100.0
[25.09.2016 08:41:41,254] [main] INFO  org.jgap.gp.impl.GPGenotype  - Best solution: (x2 - x1) * ((x2 - x1) - x1) ==> (Arg(1) + Arg(2) + Arg(1)) + (Arg(0) + Arg(2) + Arg(0)) + (Arg(1) + Arg(2) + Arg(2))
[25.09.2016 08:41:41,255] [main] INFO  org.jgap.gp.impl.GPGenotype  - Depths of chroms: 3 / 2
[25.09.2016 08:41:42,281] [main] INFO  org.jgap.gp.impl.GPGenotype  - Creating initial population
[25.09.2016 08:41:42,286] [main] INFO  org.jgap.gp.impl.GPGenotype  - Mem free: 245.5 MB
[25.09.2016 08:41:42,296] [main] INFO  org.jgap.gp.impl.GPPopulation  - Prototype program set
[25.09.2016 08:41:42,436] [main] INFO  org.jgap.gp.impl.GPGenotype  - Mem free after creating population: 245.5 MB
[25.09.2016 08:41:42,439] [main] INFO  org.jgap.gp.impl.GPGenotype  - Your configuration does not contain unused commands, this is good
[25.09.2016 08:41:42,440] [main] INFO  org.jgap.gp.impl.GPGenotype  - Evolving generation 0, memory free: 240.8 MB
[25.09.2016 08:41:42,530] [main] INFO  org.jgap.gp.impl.GPGenotype  - Best solution fitness: 100.0
[25.09.2016 08:41:42,532] [main] INFO  org.jgap.gp.impl.GPGenotype  - Best solution: (x2 - x1) * (x2 - x1) ==> (Arg(0) + Arg(0) + Arg(1)) + (Arg(1) + Arg(1) + Arg(0)) + (Arg(1) + Arg(0) + Arg(2))
[25.09.2016 08:41:42,533] [main] INFO  org.jgap.gp.impl.GPGenotype  - Depths of chroms: 2 / 2
[25.09.2016 08:41:42,534] [main] INFO  org.jgap.gp.impl.GPGenotype  - Best solution fitness: 100.0
[25.09.2016 08:41:42,535] [main] INFO  org.jgap.gp.impl.GPGenotype  - Best solution: (x2 - x1) * (x2 - x1) ==> (Arg(0) + Arg(0) + Arg(1)) + (Arg(1) + Arg(1) + Arg(0)) + (Arg(1) + Arg(0) + Arg(2))
[25.09.2016 08:41:42,535] [main] INFO  org.jgap.gp.impl.GPGenotype  - Depths of chroms: 2 / 2
[25.09.2016 08:41:43,466] [main] INFO  org.jgap.gp.impl.GPGenotype  - Creating initial population
[25.09.2016 08:41:43,471] [main] INFO  org.jgap.gp.impl.GPGenotype  - Mem free: 245.5 MB
[25.09.2016 08:41:43,480] [main] INFO  org.jgap.gp.impl.GPPopulation  - Prototype program set
[25.09.2016 08:41:43,624] [main] INFO  org.jgap.gp.impl.GPGenotype  - Mem free after creating population: 245.5 MB
[25.09.2016 08:41:43,626] [main] INFO  org.jgap.gp.impl.GPGenotype  - Your configuration does not contain unused commands, this is good
[25.09.2016 08:41:43,627] [main] INFO  org.jgap.gp.impl.GPGenotype  - Evolving generation 0, memory free: 240.8 MB
[25.09.2016 08:41:43,705] [main] INFO  org.jgap.gp.impl.GPGenotype  - Best solution fitness: 100.0
[25.09.2016 08:41:43,707] [main] INFO  org.jgap.gp.impl.GPGenotype  - Best solution: (x1 - x2) * (x1 - x2) ==> (Arg(1) + Arg(0) + Arg(1)) + (Arg(2) + Arg(2) + Arg(0)) + (Arg(1) + Arg(0) + Arg(1))
[25.09.2016 08:41:43,708] [main] INFO  org.jgap.gp.impl.GPGenotype  - Depths of chroms: 2 / 2
[25.09.2016 08:41:43,709] [main] INFO  org.jgap.gp.impl.GPGenotype  - Best solution fitness: 100.0
[25.09.2016 08:41:43,710] [main] INFO  org.jgap.gp.impl.GPGenotype  - Best solution: (x1 - x2) * (x1 - x2) ==> (Arg(1) + Arg(0) + Arg(1)) + (Arg(2) + Arg(2) + Arg(0)) + (Arg(1) + Arg(0) + Arg(1))
[25.09.2016 08:41:43,710] [main] INFO  org.jgap.gp.impl.GPGenotype  - Depths of chroms: 2 / 2
[25.09.2016 08:41:54,617] [main] INFO  org.jgap.gp.impl.GPGenotype  - Creating initial population
[25.09.2016 08:41:54,626] [main] INFO  org.jgap.gp.impl.GPGenotype  - Mem free: 245.5 MB
[25.09.2016 08:41:54,646] [main] INFO  org.jgap.gp.impl.GPPopulation  - Prototype program set
[25.09.2016 08:41:54,820] [main] INFO  org.jgap.gp.impl.GPGenotype  - Mem free after creating population: 245.5 MB
[25.09.2016 08:41:54,823] [main] INFO  org.jgap.gp.impl.GPGenotype  - Your configuration does not contain unused commands, this is good
[25.09.2016 08:41:54,825] [main] INFO  org.jgap.gp.impl.GPGenotype  - Evolving generation 0, memory free: 240.7 MB
[25.09.2016 08:41:54,925] [main] INFO  org.jgap.gp.impl.GPGenotype  - Best solution fitness: 100.0
[25.09.2016 08:41:54,935] [main] INFO  org.jgap.gp.impl.GPGenotype  - Best solution: (x2 - x1) * (((x2 - x2) - (x1 - x2)) - (x1 * (x1 * x2))) ==> Arg(2)
[25.09.2016 08:41:54,940] [main] INFO  org.jgap.gp.impl.GPGenotype  - Depths of chroms: 4 / 0
[25.09.2016 08:41:54,941] [main] INFO  org.jgap.gp.impl.GPGenotype  - Best solution fitness: 100.0
[25.09.2016 08:41:54,942] [main] INFO  org.jgap.gp.impl.GPGenotype  - Best solution: (x2 - x1) * (((x2 - x2) - (x1 - x2)) - (x1 * (x1 * x2))) ==> Arg(2)
[25.09.2016 08:41:54,942] [main] INFO  org.jgap.gp.impl.GPGenotype  - Depths of chroms: 4 / 0
[25.09.2016 08:41:56,144] [main] INFO  org.jgap.gp.impl.GPGenotype  - Creating initial population
[25.09.2016 08:41:56,149] [main] INFO  org.jgap.gp.impl.GPGenotype  - Mem free: 245.5 MB
[25.09.2016 08:41:56,159] [main] INFO  org.jgap.gp.impl.GPPopulation  - Prototype program set
[25.09.2016 08:41:56,305] [main] INFO  org.jgap.gp.impl.GPGenotype  - Mem free after creating population: 245.5 MB
[25.09.2016 08:41:56,307] [main] INFO  org.jgap.gp.impl.GPGenotype  - Your configuration does not contain unused commands, this is good
[25.09.2016 08:41:56,309] [main] INFO  org.jgap.gp.impl.GPGenotype  - Evolving generation 0, memory free: 240.7 MB
[25.09.2016 08:41:56,393] [main] INFO  org.jgap.gp.impl.GPGenotype  - Best solution fitness: 100.0
[25.09.2016 08:41:56,395] [main] INFO  org.jgap.gp.impl.GPGenotype  - Best solution: (x2 - x1) * (x2 - x1) ==> (Arg(0) + Arg(2) + Arg(0)) + (Arg(2) + Arg(1) + Arg(0)) + (Arg(0) + Arg(1) + Arg(2))
[25.09.2016 08:41:56,396] [main] INFO  org.jgap.gp.impl.GPGenotype  - Depths of chroms: 2 / 2
[25.09.2016 08:41:56,396] [main] INFO  org.jgap.gp.impl.GPGenotype  - Best solution fitness: 100.0
[25.09.2016 08:41:56,397] [main] INFO  org.jgap.gp.impl.GPGenotype  - Best solution: (x2 - x1) * (x2 - x1) ==> (Arg(0) + Arg(2) + Arg(0)) + (Arg(2) + Arg(1) + Arg(0)) + (Arg(0) + Arg(1) + Arg(2))
[25.09.2016 08:41:56,398] [main] INFO  org.jgap.gp.impl.GPGenotype  - Depths of chroms: 2 / 2
[25.09.2016 08:41:57,290] [main] INFO  org.jgap.gp.impl.GPGenotype  - Creating initial population
[25.09.2016 08:41:57,296] [main] INFO  org.jgap.gp.impl.GPGenotype  - Mem free: 245.5 MB
[25.09.2016 08:41:57,305] [main] INFO  org.jgap.gp.impl.GPPopulation  - Prototype program set
[25.09.2016 08:41:57,450] [main] INFO  org.jgap.gp.impl.GPGenotype  - Mem free after creating population: 245.5 MB
[25.09.2016 08:41:57,452] [main] INFO  org.jgap.gp.impl.GPGenotype  - Your configuration does not contain unused commands, this is good
[25.09.2016 08:41:57,453] [main] INFO  org.jgap.gp.impl.GPGenotype  - Evolving generation 0, memory free: 240.7 MB
[25.09.2016 08:41:57,529] [main] INFO  org.jgap.gp.impl.GPGenotype  - Best solution fitness: 100.0
[25.09.2016 08:41:57,531] [main] INFO  org.jgap.gp.impl.GPGenotype  - Best solution: (x1 - x2) * (x1 - x2) ==> (Arg(1) + Arg(0) + Arg(0)) + (Arg(1) + Arg(0) + Arg(2)) + (Arg(2) + Arg(2) + (Arg(0) + Arg(0) + Arg(2)))
[25.09.2016 08:41:57,531] [main] INFO  org.jgap.gp.impl.GPGenotype  - Depths of chroms: 2 / 3
[25.09.2016 08:41:57,532] [main] INFO  org.jgap.gp.impl.GPGenotype  - Best solution fitness: 100.0
[25.09.2016 08:41:57,533] [main] INFO  org.jgap.gp.impl.GPGenotype  - Best solution: (x1 - x2) * (x1 - x2) ==> (Arg(1) + Arg(0) + Arg(0)) + (Arg(1) + Arg(0) + Arg(2)) + (Arg(2) + Arg(2) + (Arg(0) + Arg(0) + Arg(2)))
[25.09.2016 08:41:57,533] [main] INFO  org.jgap.gp.impl.GPGenotype  - Depths of chroms: 2 / 3
[25.09.2016 08:41:58,500] [main] INFO  org.jgap.gp.impl.GPGenotype  - Creating initial population
[25.09.2016 08:41:58,506] [main] INFO  org.jgap.gp.impl.GPGenotype  - Mem free: 245.5 MB
[25.09.2016 08:41:58,515] [main] INFO  org.jgap.gp.impl.GPPopulation  - Prototype program set
[25.09.2016 08:41:58,655] [main] INFO  org.jgap.gp.impl.GPGenotype  - Mem free after creating population: 245.5 MB
[25.09.2016 08:41:58,658] [main] INFO  org.jgap.gp.impl.GPGenotype  - Your configuration does not contain unused commands, this is good
[25.09.2016 08:41:58,659] [main] INFO  org.jgap.gp.impl.GPGenotype  - Evolving generation 0, memory free: 240.8 MB
[25.09.2016 08:41:58,740] [main] INFO  org.jgap.gp.impl.GPGenotype  - Best solution fitness: 100.0
[25.09.2016 08:41:58,742] [main] INFO  org.jgap.gp.impl.GPGenotype  - Best solution: (x1 - x2) * (x1 - x2) ==> (Arg(0) + Arg(0) + Arg(1)) + (Arg(1) + Arg(1) + Arg(0)) + (Arg(2) + Arg(2) + Arg(2))
[25.09.2016 08:41:58,743] [main] INFO  org.jgap.gp.impl.GPGenotype  - Depths of chroms: 2 / 2
[25.09.2016 08:41:58,743] [main] INFO  org.jgap.gp.impl.GPGenotype  - Best solution fitness: 100.0
[25.09.2016 08:41:58,745] [main] INFO  org.jgap.gp.impl.GPGenotype  - Best solution: (x1 - x2) * (x1 - x2) ==> (Arg(0) + Arg(0) + Arg(1)) + (Arg(1) + Arg(1) + Arg(0)) + (Arg(2) + Arg(2) + Arg(2))
[25.09.2016 08:41:58,745] [main] INFO  org.jgap.gp.impl.GPGenotype  - Depths of chroms: 2 / 2
[25.09.2016 08:41:59,872] [main] INFO  org.jgap.gp.impl.GPGenotype  - Creating initial population
[25.09.2016 08:41:59,877] [main] INFO  org.jgap.gp.impl.GPGenotype  - Mem free: 245.5 MB
[25.09.2016 08:41:59,886] [main] INFO  org.jgap.gp.impl.GPPopulation  - Prototype program set
[25.09.2016 08:42:00,038] [main] INFO  org.jgap.gp.impl.GPGenotype  - Mem free after creating population: 245.5 MB
[25.09.2016 08:42:00,041] [main] INFO  org.jgap.gp.impl.GPGenotype  - Your configuration does not contain unused commands, this is good
[25.09.2016 08:42:00,042] [main] INFO  org.jgap.gp.impl.GPGenotype  - Evolving generation 0, memory free: 240.8 MB
[25.09.2016 08:42:00,121] [main] INFO  org.jgap.gp.impl.GPGenotype  - Best solution fitness: 100.0
[25.09.2016 08:42:00,123] [main] INFO  org.jgap.gp.impl.GPGenotype  - Best solution: (x2 - x1) * (x2 - x1) ==> (Arg(0) + Arg(1) + Arg(1)) + (Arg(1) + Arg(0) + Arg(1)) + (Arg(1) + Arg(1) + Arg(1))
[25.09.2016 08:42:00,123] [main] INFO  org.jgap.gp.impl.GPGenotype  - Depths of chroms: 2 / 2
[25.09.2016 08:42:00,124] [main] INFO  org.jgap.gp.impl.GPGenotype  - Best solution fitness: 100.0
[25.09.2016 08:42:00,125] [main] INFO  org.jgap.gp.impl.GPGenotype  - Best solution: (x2 - x1) * (x2 - x1) ==> (Arg(0) + Arg(1) + Arg(1)) + (Arg(1) + Arg(0) + Arg(1)) + (Arg(1) + Arg(1) + Arg(1))
[25.09.2016 08:42:00,125] [main] INFO  org.jgap.gp.impl.GPGenotype  - Depths of chroms: 2 / 2
[25.09.2016 08:42:03,332] [main] INFO  org.jgap.gp.impl.GPGenotype  - Creating initial population
[25.09.2016 08:42:03,339] [main] INFO  org.jgap.gp.impl.GPGenotype  - Mem free: 245.5 MB
[25.09.2016 08:42:03,349] [main] INFO  org.jgap.gp.impl.GPPopulation  - Prototype program set
[25.09.2016 08:42:03,490] [main] INFO  org.jgap.gp.impl.GPGenotype  - Mem free after creating population: 245.5 MB
[25.09.2016 08:42:03,492] [main] INFO  org.jgap.gp.impl.GPGenotype  - Your configuration does not contain unused commands, this is good
[25.09.2016 08:42:03,493] [main] INFO  org.jgap.gp.impl.GPGenotype  - Evolving generation 0, memory free: 240.7 MB
[25.09.2016 08:42:03,583] [main] INFO  org.jgap.gp.impl.GPGenotype  - Best solution fitness: 100.0
[25.09.2016 08:42:03,585] [main] INFO  org.jgap.gp.impl.GPGenotype  - Best solution: (x2 - x1) * (x2 - x1) ==> (Arg(0) + Arg(0) + Arg(0)) + (Arg(1) + Arg(0) + Arg(2)) + (Arg(2) + Arg(0) + Arg(2))
[25.09.2016 08:42:03,585] [main] INFO  org.jgap.gp.impl.GPGenotype  - Depths of chroms: 2 / 2
[25.09.2016 08:42:03,586] [main] INFO  org.jgap.gp.impl.GPGenotype  - Best solution fitness: 100.0
[25.09.2016 08:42:03,587] [main] INFO  org.jgap.gp.impl.GPGenotype  - Best solution: (x2 - x1) * (x2 - x1) ==> (Arg(0) + Arg(0) + Arg(0)) + (Arg(1) + Arg(0) + Arg(2)) + (Arg(2) + Arg(0) + Arg(2))
[25.09.2016 08:42:03,588] [main] INFO  org.jgap.gp.impl.GPGenotype  - Depths of chroms: 2 / 2
[25.09.2016 08:43:46,913] [main] INFO  org.jgap.gp.impl.GPGenotype  - Creating initial population
[25.09.2016 08:43:46,921] [main] INFO  org.jgap.gp.impl.GPGenotype  - Mem free: 245.5 MB
[25.09.2016 08:43:46,932] [main] INFO  org.jgap.gp.impl.GPPopulation  - Prototype program set
[25.09.2016 08:43:47,092] [main] INFO  org.jgap.gp.impl.GPGenotype  - Mem free after creating population: 245.5 MB
[25.09.2016 08:43:47,095] [main] INFO  org.jgap.gp.impl.GPGenotype  - Your configuration does not contain unused commands, this is good
[25.09.2016 08:43:47,096] [main] INFO  org.jgap.gp.impl.GPGenotype  - Evolving generation 0, memory free: 240.8 MB
[25.09.2016 08:43:47,190] [main] INFO  org.jgap.gp.impl.GPGenotype  - Best solution fitness: 100.0
[25.09.2016 08:43:47,192] [main] INFO  org.jgap.gp.impl.GPGenotype  - Best solution: (x1 - (((x1 - x2) * x2) * x2)) - (x2 * x1) ==> Arg(0)
[25.09.2016 08:43:47,193] [main] INFO  org.jgap.gp.impl.GPGenotype  - Depths of chroms: 5 / 0
[25.09.2016 08:43:47,193] [main] INFO  org.jgap.gp.impl.GPGenotype  - Best solution fitness: 100.0
[25.09.2016 08:43:47,194] [main] INFO  org.jgap.gp.impl.GPGenotype  - Best solution: (x1 - (((x1 - x2) * x2) * x2)) - (x2 * x1) ==> Arg(0)
[25.09.2016 08:43:47,196] [main] INFO  org.jgap.gp.impl.GPGenotype  - Depths of chroms: 5 / 0
[25.09.2016 08:43:49,022] [main] INFO  org.jgap.gp.impl.GPGenotype  - Creating initial population
[25.09.2016 08:43:49,028] [main] INFO  org.jgap.gp.impl.GPGenotype  - Mem free: 245.5 MB
[25.09.2016 08:43:49,038] [main] INFO  org.jgap.gp.impl.GPPopulation  - Prototype program set
[25.09.2016 08:43:49,175] [main] INFO  org.jgap.gp.impl.GPGenotype  - Mem free after creating population: 245.5 MB
[25.09.2016 08:43:49,178] [main] INFO  org.jgap.gp.impl.GPGenotype  - Your configuration does not contain unused commands, this is good
[25.09.2016 08:43:49,180] [main] INFO  org.jgap.gp.impl.GPGenotype  - Evolving generation 0, memory free: 240.8 MB
[25.09.2016 08:43:49,255] [main] INFO  org.jgap.gp.impl.GPGenotype  - Best solution fitness: 100.0
[25.09.2016 08:43:49,257] [main] INFO  org.jgap.gp.impl.GPGenotype  - Best solution: (((x1 - (x2 - x1)) - x2) * x1) - ((x1 - x2) - (x2 - x2)) ==> Arg(1)
[25.09.2016 08:43:49,257] [main] INFO  org.jgap.gp.impl.GPGenotype  - Depths of chroms: 5 / 0
[25.09.2016 08:43:49,258] [main] INFO  org.jgap.gp.impl.GPGenotype  - Best solution fitness: 100.0
[25.09.2016 08:43:49,259] [main] INFO  org.jgap.gp.impl.GPGenotype  - Best solution: (((x1 - (x2 - x1)) - x2) * x1) - ((x1 - x2) - (x2 - x2)) ==> Arg(1)
[25.09.2016 08:43:49,259] [main] INFO  org.jgap.gp.impl.GPGenotype  - Depths of chroms: 5 / 0
[25.09.2016 08:43:51,674] [main] INFO  org.jgap.gp.impl.GPGenotype  - Creating initial population
[25.09.2016 08:43:51,680] [main] INFO  org.jgap.gp.impl.GPGenotype  - Mem free: 245.5 MB
[25.09.2016 08:43:51,690] [main] INFO  org.jgap.gp.impl.GPPopulation  - Prototype program set
[25.09.2016 08:43:51,827] [main] INFO  org.jgap.gp.impl.GPGenotype  - Mem free after creating population: 245.5 MB
[25.09.2016 08:43:51,830] [main] INFO  org.jgap.gp.impl.GPGenotype  - Your configuration does not contain unused commands, this is good
[25.09.2016 08:43:51,831] [main] INFO  org.jgap.gp.impl.GPGenotype  - Evolving generation 0, memory free: 242.0 MB
[25.09.2016 08:43:51,904] [main] INFO  org.jgap.gp.impl.GPGenotype  - Best solution fitness: 100.0
[25.09.2016 08:43:51,906] [main] INFO  org.jgap.gp.impl.GPGenotype  - Best solution: (x2 - x1) * ((x2 - x1) - (x1 * x2)) ==> (Arg(0) + Arg(0) + Arg(1)) + (Arg(0) + Arg(1) + Arg(1)) + (Arg(1) + Arg(2) + Arg(2))
[25.09.2016 08:43:51,907] [main] INFO  org.jgap.gp.impl.GPGenotype  - Depths of chroms: 3 / 2
[25.09.2016 08:43:51,908] [main] INFO  org.jgap.gp.impl.GPGenotype  - Best solution fitness: 100.0
[25.09.2016 08:43:51,909] [main] INFO  org.jgap.gp.impl.GPGenotype  - Best solution: (x2 - x1) * ((x2 - x1) - (x1 * x2)) ==> (Arg(0) + Arg(0) + Arg(1)) + (Arg(0) + Arg(1) + Arg(1)) + (Arg(1) + Arg(2) + Arg(2))
[25.09.2016 08:43:51,909] [main] INFO  org.jgap.gp.impl.GPGenotype  - Depths of chroms: 3 / 2
[25.09.2016 08:43:53,659] [main] INFO  org.jgap.gp.impl.GPGenotype  - Creating initial population
[25.09.2016 08:43:53,664] [main] INFO  org.jgap.gp.impl.GPGenotype  - Mem free: 245.5 MB
[25.09.2016 08:43:53,673] [main] INFO  org.jgap.gp.impl.GPPopulation  - Prototype program set
[25.09.2016 08:43:53,805] [main] INFO  org.jgap.gp.impl.GPGenotype  - Mem free after creating population: 245.5 MB
[25.09.2016 08:43:53,808] [main] INFO  org.jgap.gp.impl.GPGenotype  - Your configuration does not contain unused commands, this is good
[25.09.2016 08:43:53,809] [main] INFO  org.jgap.gp.impl.GPGenotype  - Evolving generation 0, memory free: 240.7 MB
[25.09.2016 08:43:53,891] [main] INFO  org.jgap.gp.impl.GPGenotype  - Best solution fitness: 100.0
[25.09.2016 08:43:53,893] [main] INFO  org.jgap.gp.impl.GPGenotype  - Best solution: (x2 - x1) * (x2 - x1) ==> (Arg(1) + Arg(2) + Arg(1)) + (Arg(2) + Arg(1) + Arg(2)) + (Arg(2) + Arg(2) + Arg(2))
[25.09.2016 08:43:53,894] [main] INFO  org.jgap.gp.impl.GPGenotype  - Depths of chroms: 2 / 2
[25.09.2016 08:43:53,895] [main] INFO  org.jgap.gp.impl.GPGenotype  - Best solution fitness: 100.0
[25.09.2016 08:43:53,896] [main] INFO  org.jgap.gp.impl.GPGenotype  - Best solution: (x2 - x1) * (x2 - x1) ==> (Arg(1) + Arg(2) + Arg(1)) + (Arg(2) + Arg(1) + Arg(2)) + (Arg(2) + Arg(2) + Arg(2))
[25.09.2016 08:43:53,897] [main] INFO  org.jgap.gp.impl.GPGenotype  - Depths of chroms: 2 / 2
[25.09.2016 08:43:56,609] [main] INFO  org.jgap.gp.impl.GPGenotype  - Creating initial population
[25.09.2016 08:43:56,614] [main] INFO  org.jgap.gp.impl.GPGenotype  - Mem free: 245.5 MB
[25.09.2016 08:43:56,624] [main] INFO  org.jgap.gp.impl.GPPopulation  - Prototype program set
[25.09.2016 08:43:56,761] [main] INFO  org.jgap.gp.impl.GPGenotype  - Mem free after creating population: 245.5 MB
[25.09.2016 08:43:56,765] [main] INFO  org.jgap.gp.impl.GPGenotype  - Your configuration does not contain unused commands, this is good
[25.09.2016 08:43:56,766] [main] INFO  org.jgap.gp.impl.GPGenotype  - Evolving generation 0, memory free: 240.7 MB
[25.09.2016 08:43:56,847] [main] INFO  org.jgap.gp.impl.GPGenotype  - Best solution fitness: 100.0
[25.09.2016 08:43:56,849] [main] INFO  org.jgap.gp.impl.GPGenotype  - Best solution: (x2 - x1) * (x2 - x1) ==> (Arg(2) + Arg(1) + Arg(1)) + (Arg(1) + Arg(2) + Arg(2)) + (Arg(2) + Arg(1) + Arg(2))
[25.09.2016 08:43:56,849] [main] INFO  org.jgap.gp.impl.GPGenotype  - Depths of chroms: 2 / 2
[25.09.2016 08:43:56,850] [main] INFO  org.jgap.gp.impl.GPGenotype  - Best solution fitness: 100.0
[25.09.2016 08:43:56,851] [main] INFO  org.jgap.gp.impl.GPGenotype  - Best solution: (x2 - x1) * (x2 - x1) ==> (Arg(2) + Arg(1) + Arg(1)) + (Arg(1) + Arg(2) + Arg(2)) + (Arg(2) + Arg(1) + Arg(2))
[25.09.2016 08:43:56,852] [main] INFO  org.jgap.gp.impl.GPGenotype  - Depths of chroms: 2 / 2
[25.09.2016 08:44:15,755] [main] INFO  org.jgap.gp.impl.GPGenotype  - Creating initial population
[25.09.2016 08:44:15,762] [main] INFO  org.jgap.gp.impl.GPGenotype  - Mem free: 245.5 MB
[25.09.2016 08:44:15,775] [main] INFO  org.jgap.gp.impl.GPPopulation  - Prototype program set
[25.09.2016 08:44:15,946] [main] INFO  org.jgap.gp.impl.GPGenotype  - Mem free after creating population: 245.5 MB
[25.09.2016 08:44:15,950] [main] INFO  org.jgap.gp.impl.GPGenotype  - Your configuration does not contain unused commands, this is good
[25.09.2016 08:44:15,953] [main] INFO  org.jgap.gp.impl.GPGenotype  - Evolving generation 0, memory free: 240.7 MB
[25.09.2016 08:44:16,080] [main] INFO  org.jgap.gp.impl.GPGenotype  - Best solution fitness: 100.0
[25.09.2016 08:44:16,090] [main] INFO  org.jgap.gp.impl.GPGenotype  - Best solution: (x2 - x1) * (x2 - (x1 * x1)) ==> (Arg(2) + Arg(1) + Arg(1)) + (Arg(1) + Arg(1) + Arg(2)) + (Arg(0) + Arg(0) + Arg(0))
[25.09.2016 08:44:16,091] [main] INFO  org.jgap.gp.impl.GPGenotype  - Depths of chroms: 3 / 2
[25.09.2016 08:44:16,092] [main] INFO  org.jgap.gp.impl.GPGenotype  - Best solution fitness: 100.0
[25.09.2016 08:44:16,093] [main] INFO  org.jgap.gp.impl.GPGenotype  - Best solution: (x2 - x1) * (x2 - (x1 * x1)) ==> (Arg(2) + Arg(1) + Arg(1)) + (Arg(1) + Arg(1) + Arg(2)) + (Arg(0) + Arg(0) + Arg(0))
[25.09.2016 08:44:16,094] [main] INFO  org.jgap.gp.impl.GPGenotype  - Depths of chroms: 3 / 2
[25.09.2016 08:44:17,718] [main] INFO  org.jgap.gp.impl.GPGenotype  - Creating initial population
[25.09.2016 08:44:17,725] [main] INFO  org.jgap.gp.impl.GPGenotype  - Mem free: 245.5 MB
[25.09.2016 08:44:17,737] [main] INFO  org.jgap.gp.impl.GPPopulation  - Prototype program set
[25.09.2016 08:44:17,888] [main] INFO  org.jgap.gp.impl.GPGenotype  - Mem free after creating population: 245.5 MB
[25.09.2016 08:44:17,890] [main] INFO  org.jgap.gp.impl.GPGenotype  - Your configuration does not contain unused commands, this is good
[25.09.2016 08:44:17,892] [main] INFO  org.jgap.gp.impl.GPGenotype  - Evolving generation 0, memory free: 240.7 MB
[25.09.2016 08:44:17,985] [main] INFO  org.jgap.gp.impl.GPGenotype  - Best solution fitness: 100.0
[25.09.2016 08:44:17,986] [main] INFO  org.jgap.gp.impl.GPGenotype  - Best solution: (x2 - x1) * (x2 - x1) ==> (Arg(1) + Arg(2) + Arg(2)) + (Arg(0) + Arg(0) + Arg(2)) + (Arg(0) + Arg(0) + Arg(2))
[25.09.2016 08:44:17,987] [main] INFO  org.jgap.gp.impl.GPGenotype  - Depths of chroms: 2 / 2
[25.09.2016 08:44:17,987] [main] INFO  org.jgap.gp.impl.GPGenotype  - Best solution fitness: 100.0
[25.09.2016 08:44:17,989] [main] INFO  org.jgap.gp.impl.GPGenotype  - Best solution: (x2 - x1) * (x2 - x1) ==> (Arg(1) + Arg(2) + Arg(2)) + (Arg(0) + Arg(0) + Arg(2)) + (Arg(0) + Arg(0) + Arg(2))
[25.09.2016 08:44:17,989] [main] INFO  org.jgap.gp.impl.GPGenotype  - Depths of chroms: 2 / 2
[25.09.2016 08:44:19,586] [main] INFO  org.jgap.gp.impl.GPGenotype  - Creating initial population
[25.09.2016 08:44:19,592] [main] INFO  org.jgap.gp.impl.GPGenotype  - Mem free: 245.5 MB
[25.09.2016 08:44:19,601] [main] INFO  org.jgap.gp.impl.GPPopulation  - Prototype program set
[25.09.2016 08:44:19,743] [main] INFO  org.jgap.gp.impl.GPGenotype  - Mem free after creating population: 245.5 MB
[25.09.2016 08:44:19,746] [main] INFO  org.jgap.gp.impl.GPGenotype  - Your configuration does not contain unused commands, this is good
[25.09.2016 08:44:19,747] [main] INFO  org.jgap.gp.impl.GPGenotype  - Evolving generation 0, memory free: 240.7 MB
[25.09.2016 08:44:19,822] [main] INFO  org.jgap.gp.impl.GPGenotype  - Best solution fitness: 100.0
[25.09.2016 08:44:19,824] [main] INFO  org.jgap.gp.impl.GPGenotype  - Best solution: (x1 - x2) * (x1 - x2) ==> (Arg(1) + Arg(2) + Arg(1)) + (Arg(1) + Arg(2) + Arg(1)) + (Arg(0) + Arg(0) + Arg(0))
[25.09.2016 08:44:19,825] [main] INFO  org.jgap.gp.impl.GPGenotype  - Depths of chroms: 2 / 2
[25.09.2016 08:44:19,825] [main] INFO  org.jgap.gp.impl.GPGenotype  - Best solution fitness: 100.0
[25.09.2016 08:44:19,826] [main] INFO  org.jgap.gp.impl.GPGenotype  - Best solution: (x1 - x2) * (x1 - x2) ==> (Arg(1) + Arg(2) + Arg(1)) + (Arg(1) + Arg(2) + Arg(1)) + (Arg(0) + Arg(0) + Arg(0))
[25.09.2016 08:44:19,827] [main] INFO  org.jgap.gp.impl.GPGenotype  - Depths of chroms: 2 / 2
[25.09.2016 08:44:28,398] [main] INFO  org.jgap.gp.impl.GPGenotype  - Creating initial population
[25.09.2016 08:44:28,403] [main] INFO  org.jgap.gp.impl.GPGenotype  - Mem free: 245.5 MB
[25.09.2016 08:44:28,413] [main] INFO  org.jgap.gp.impl.GPPopulation  - Prototype program set
[25.09.2016 08:44:28,548] [main] INFO  org.jgap.gp.impl.GPGenotype  - Mem free after creating population: 245.5 MB
[25.09.2016 08:44:28,550] [main] INFO  org.jgap.gp.impl.GPGenotype  - Your configuration does not contain unused commands, this is good
[25.09.2016 08:44:28,551] [main] INFO  org.jgap.gp.impl.GPGenotype  - Evolving generation 0, memory free: 240.8 MB
[25.09.2016 08:44:28,630] [main] INFO  org.jgap.gp.impl.GPGenotype  - Best solution fitness: 100.0
[25.09.2016 08:44:28,631] [main] INFO  org.jgap.gp.impl.GPGenotype  - Best solution: (x1 - x2) * (((x2 - x2) * x1) - (x2 - x1)) ==> Arg(1)
[25.09.2016 08:44:28,632] [main] INFO  org.jgap.gp.impl.GPGenotype  - Depths of chroms: 4 / 0
[25.09.2016 08:44:28,633] [main] INFO  org.jgap.gp.impl.GPGenotype  - Best solution fitness: 100.0
[25.09.2016 08:44:28,634] [main] INFO  org.jgap.gp.impl.GPGenotype  - Best solution: (x1 - x2) * (((x2 - x2) * x1) - (x2 - x1)) ==> Arg(1)
[25.09.2016 08:44:28,634] [main] INFO  org.jgap.gp.impl.GPGenotype  - Depths of chroms: 4 / 0
[25.09.2016 08:44:30,764] [main] INFO  org.jgap.gp.impl.GPGenotype  - Creating initial population
[25.09.2016 08:44:30,769] [main] INFO  org.jgap.gp.impl.GPGenotype  - Mem free: 245.5 MB
[25.09.2016 08:44:30,779] [main] INFO  org.jgap.gp.impl.GPPopulation  - Prototype program set
[25.09.2016 08:44:30,914] [main] INFO  org.jgap.gp.impl.GPGenotype  - Mem free after creating population: 245.5 MB
[25.09.2016 08:44:30,917] [main] INFO  org.jgap.gp.impl.GPGenotype  - Your configuration does not contain unused commands, this is good
[25.09.2016 08:44:30,918] [main] INFO  org.jgap.gp.impl.GPGenotype  - Evolving generation 0, memory free: 240.7 MB
[25.09.2016 08:44:31,004] [main] INFO  org.jgap.gp.impl.GPGenotype  - Best solution fitness: 100.0
[25.09.2016 08:44:31,005] [main] INFO  org.jgap.gp.impl.GPGenotype  - Best solution: (x2 - x1) * (x2 - x1) ==> Arg(1)
[25.09.2016 08:44:31,006] [main] INFO  org.jgap.gp.impl.GPGenotype  - Depths of chroms: 2 / 0
[25.09.2016 08:44:31,006] [main] INFO  org.jgap.gp.impl.GPGenotype  - Best solution fitness: 100.0
[25.09.2016 08:44:31,007] [main] INFO  org.jgap.gp.impl.GPGenotype  - Best solution: (x2 - x1) * (x2 - x1) ==> Arg(1)
[25.09.2016 08:44:31,007] [main] INFO  org.jgap.gp.impl.GPGenotype  - Depths of chroms: 2 / 0
[25.09.2016 08:44:32,548] [main] INFO  org.jgap.gp.impl.GPGenotype  - Creating initial population
[25.09.2016 08:44:32,553] [main] INFO  org.jgap.gp.impl.GPGenotype  - Mem free: 245.5 MB
[25.09.2016 08:44:32,562] [main] INFO  org.jgap.gp.impl.GPPopulation  - Prototype program set
[25.09.2016 08:44:32,695] [main] INFO  org.jgap.gp.impl.GPGenotype  - Mem free after creating population: 245.5 MB
[25.09.2016 08:44:32,698] [main] INFO  org.jgap.gp.impl.GPGenotype  - Your configuration does not contain unused commands, this is good
[25.09.2016 08:44:32,699] [main] INFO  org.jgap.gp.impl.GPGenotype  - Evolving generation 0, memory free: 240.7 MB
[25.09.2016 08:44:32,789] [main] INFO  org.jgap.gp.impl.GPGenotype  - Best solution fitness: 100.0
[25.09.2016 08:44:32,791] [main] INFO  org.jgap.gp.impl.GPGenotype  - Best solution: (x1 - x2) * (x1 - x2) ==> (Arg(0) + Arg(2) + Arg(1)) + (Arg(1) + Arg(2) + Arg(0)) + (Arg(1) + Arg(0) + Arg(2))
[25.09.2016 08:44:32,792] [main] INFO  org.jgap.gp.impl.GPGenotype  - Depths of chroms: 2 / 2
[25.09.2016 08:44:32,792] [main] INFO  org.jgap.gp.impl.GPGenotype  - Best solution fitness: 100.0
[25.09.2016 08:44:32,793] [main] INFO  org.jgap.gp.impl.GPGenotype  - Best solution: (x1 - x2) * (x1 - x2) ==> (Arg(0) + Arg(2) + Arg(1)) + (Arg(1) + Arg(2) + Arg(0)) + (Arg(1) + Arg(0) + Arg(2))
[25.09.2016 08:44:32,794] [main] INFO  org.jgap.gp.impl.GPGenotype  - Depths of chroms: 2 / 2
[25.09.2016 08:44:34,913] [main] INFO  org.jgap.gp.impl.GPGenotype  - Creating initial population
[25.09.2016 08:44:34,922] [main] INFO  org.jgap.gp.impl.GPGenotype  - Mem free: 245.5 MB
[25.09.2016 08:44:34,939] [main] INFO  org.jgap.gp.impl.GPPopulation  - Prototype program set
[25.09.2016 08:44:35,127] [main] INFO  org.jgap.gp.impl.GPGenotype  - Mem free after creating population: 245.5 MB
[25.09.2016 08:44:35,131] [main] INFO  org.jgap.gp.impl.GPGenotype  - Your configuration does not contain unused commands, this is good
[25.09.2016 08:44:35,133] [main] INFO  org.jgap.gp.impl.GPGenotype  - Evolving generation 0, memory free: 240.8 MB
[25.09.2016 08:44:35,259] [main] INFO  org.jgap.gp.impl.GPGenotype  - Best solution fitness: 100.0
[25.09.2016 08:44:35,261] [main] INFO  org.jgap.gp.impl.GPGenotype  - Best solution: (x2 - x1) * (x2 - x1) ==> (Arg(0) + Arg(0) + Arg(0)) + (Arg(1) + Arg(2) + Arg(2)) + (Arg(1) + Arg(1) + Arg(2))
[25.09.2016 08:44:35,262] [main] INFO  org.jgap.gp.impl.GPGenotype  - Depths of chroms: 2 / 2
[25.09.2016 08:44:35,263] [main] INFO  org.jgap.gp.impl.GPGenotype  - Best solution fitness: 100.0
[25.09.2016 08:44:35,264] [main] INFO  org.jgap.gp.impl.GPGenotype  - Best solution: (x2 - x1) * (x2 - x1) ==> (Arg(0) + Arg(0) + Arg(0)) + (Arg(1) + Arg(2) + Arg(2)) + (Arg(1) + Arg(1) + Arg(2))
[25.09.2016 08:44:35,265] [main] INFO  org.jgap.gp.impl.GPGenotype  - Depths of chroms: 2 / 2
[25.09.2016 08:44:45,099] [main] INFO  org.jgap.gp.impl.GPGenotype  - Creating initial population
[25.09.2016 08:44:45,105] [main] INFO  org.jgap.gp.impl.GPGenotype  - Mem free: 245.5 MB
[25.09.2016 08:44:45,114] [main] INFO  org.jgap.gp.impl.GPPopulation  - Prototype program set
[25.09.2016 08:44:45,261] [main] INFO  org.jgap.gp.impl.GPGenotype  - Mem free after creating population: 245.5 MB
[25.09.2016 08:44:45,264] [main] INFO  org.jgap.gp.impl.GPGenotype  - Your configuration does not contain unused commands, this is good
[25.09.2016 08:44:45,266] [main] INFO  org.jgap.gp.impl.GPGenotype  - Evolving generation 0, memory free: 240.8 MB
[25.09.2016 08:44:45,353] [main] INFO  org.jgap.gp.impl.GPGenotype  - Best solution fitness: 100.0
[25.09.2016 08:44:45,354] [main] INFO  org.jgap.gp.impl.GPGenotype  - Best solution: (x1 - x2) * (x1 - x2) ==> (Arg(1) + Arg(0) + Arg(0)) + ((Arg(2) + Arg(1) + Arg(2)) + Arg(0) + Arg(1)) + (Arg(1) + Arg(1) + Arg(1))
[25.09.2016 08:44:45,355] [main] INFO  org.jgap.gp.impl.GPGenotype  - Depths of chroms: 2 / 3
[25.09.2016 08:44:45,355] [main] INFO  org.jgap.gp.impl.GPGenotype  - Best solution fitness: 100.0
[25.09.2016 08:44:45,357] [main] INFO  org.jgap.gp.impl.GPGenotype  - Best solution: (x1 - x2) * (x1 - x2) ==> (Arg(1) + Arg(0) + Arg(0)) + ((Arg(2) + Arg(1) + Arg(2)) + Arg(0) + Arg(1)) + (Arg(1) + Arg(1) + Arg(1))
[25.09.2016 08:44:45,357] [main] INFO  org.jgap.gp.impl.GPGenotype  - Depths of chroms: 2 / 3
[25.09.2016 08:44:46,708] [main] INFO  org.jgap.gp.impl.GPGenotype  - Creating initial population
[25.09.2016 08:44:46,715] [main] INFO  org.jgap.gp.impl.GPGenotype  - Mem free: 245.5 MB
[25.09.2016 08:44:46,726] [main] INFO  org.jgap.gp.impl.GPPopulation  - Prototype program set
[25.09.2016 08:44:46,882] [main] INFO  org.jgap.gp.impl.GPGenotype  - Mem free after creating population: 245.5 MB
[25.09.2016 08:44:46,885] [main] INFO  org.jgap.gp.impl.GPGenotype  - Your configuration does not contain unused commands, this is good
[25.09.2016 08:44:46,887] [main] INFO  org.jgap.gp.impl.GPGenotype  - Evolving generation 0, memory free: 240.8 MB
[25.09.2016 08:44:47,004] [main] INFO  org.jgap.gp.impl.GPGenotype  - Best solution fitness: 100.0
[25.09.2016 08:44:47,008] [main] INFO  org.jgap.gp.impl.GPGenotype  - Best solution: (x2 - x1) * (x2 - x1) ==> (Arg(2) + Arg(0) + Arg(1)) + (Arg(2) + Arg(1) + Arg(2)) + (Arg(2) + Arg(1) + Arg(1))
[25.09.2016 08:44:47,011] [main] INFO  org.jgap.gp.impl.GPGenotype  - Depths of chroms: 2 / 2
[25.09.2016 08:44:47,013] [main] INFO  org.jgap.gp.impl.GPGenotype  - Best solution fitness: 100.0
[25.09.2016 08:44:47,014] [main] INFO  org.jgap.gp.impl.GPGenotype  - Best solution: (x2 - x1) * (x2 - x1) ==> (Arg(2) + Arg(0) + Arg(1)) + (Arg(2) + Arg(1) + Arg(2)) + (Arg(2) + Arg(1) + Arg(1))
[25.09.2016 08:44:47,014] [main] INFO  org.jgap.gp.impl.GPGenotype  - Depths of chroms: 2 / 2
[25.09.2016 08:44:48,030] [main] INFO  org.jgap.gp.impl.GPGenotype  - Creating initial population
[25.09.2016 08:44:48,036] [main] INFO  org.jgap.gp.impl.GPGenotype  - Mem free: 245.5 MB
[25.09.2016 08:44:48,044] [main] INFO  org.jgap.gp.impl.GPPopulation  - Prototype program set
[25.09.2016 08:44:48,184] [main] INFO  org.jgap.gp.impl.GPGenotype  - Mem free after creating population: 245.5 MB
[25.09.2016 08:44:48,186] [main] INFO  org.jgap.gp.impl.GPGenotype  - Your configuration does not contain unused commands, this is good
[25.09.2016 08:44:48,188] [main] INFO  org.jgap.gp.impl.GPGenotype  - Evolving generation 0, memory free: 240.7 MB
[25.09.2016 08:44:48,269] [main] INFO  org.jgap.gp.impl.GPGenotype  - Best solution fitness: 75.0
[25.09.2016 08:44:48,271] [main] INFO  org.jgap.gp.impl.GPGenotype  - Best solution: (x1 - x2) - (x2 - x1) ==> (Arg(2) + Arg(0) + Arg(2)) + (Arg(1) + Arg(2) + Arg(0)) + (Arg(0) + Arg(1) + Arg(1))
[25.09.2016 08:44:48,272] [main] INFO  org.jgap.gp.impl.GPGenotype  - Depths of chroms: 2 / 2
[25.09.2016 08:44:48,273] [main] INFO  org.jgap.gp.impl.GPGenotype  - Evolving generation 1, memory free: 224.1 MB
[25.09.2016 08:44:48,361] [main] INFO  org.jgap.gp.impl.GPGenotype  - Best solution fitness: 100.0
[25.09.2016 08:44:48,362] [main] INFO  org.jgap.gp.impl.GPGenotype  - Best solution: (x1 - x2) * (x1 - x2) ==> (Arg(2) + Arg(1) + Arg(0)) + (Arg(2) + Arg(1) + Arg(2)) + (Arg(1) + Arg(2) + Arg(1))
[25.09.2016 08:44:48,363] [main] INFO  org.jgap.gp.impl.GPGenotype  - Depths of chroms: 2 / 2
[25.09.2016 08:44:48,363] [main] INFO  org.jgap.gp.impl.GPGenotype  - Best solution fitness: 100.0
[25.09.2016 08:44:48,364] [main] INFO  org.jgap.gp.impl.GPGenotype  - Best solution: (x1 - x2) * (x1 - x2) ==> (Arg(2) + Arg(1) + Arg(0)) + (Arg(2) + Arg(1) + Arg(2)) + (Arg(1) + Arg(2) + Arg(1))
[25.09.2016 08:44:48,365] [main] INFO  org.jgap.gp.impl.GPGenotype  - Depths of chroms: 2 / 2
[25.09.2016 08:44:49,313] [main] INFO  org.jgap.gp.impl.GPGenotype  - Creating initial population
[25.09.2016 08:44:49,318] [main] INFO  org.jgap.gp.impl.GPGenotype  - Mem free: 245.5 MB
[25.09.2016 08:44:49,328] [main] INFO  org.jgap.gp.impl.GPPopulation  - Prototype program set
[25.09.2016 08:44:49,465] [main] INFO  org.jgap.gp.impl.GPGenotype  - Mem free after creating population: 245.5 MB
[25.09.2016 08:44:49,468] [main] INFO  org.jgap.gp.impl.GPGenotype  - Your configuration does not contain unused commands, this is good
[25.09.2016 08:44:49,469] [main] INFO  org.jgap.gp.impl.GPGenotype  - Evolving generation 0, memory free: 240.8 MB
[25.09.2016 08:44:49,545] [main] INFO  org.jgap.gp.impl.GPGenotype  - Best solution fitness: 100.0
[25.09.2016 08:44:49,547] [main] INFO  org.jgap.gp.impl.GPGenotype  - Best solution: (x2 - x1) * (x2 - x1) ==> (Arg(1) + Arg(1) + Arg(1)) + (Arg(1) + Arg(1) + Arg(1)) + (Arg(2) + Arg(2) + Arg(0))
[25.09.2016 08:44:49,547] [main] INFO  org.jgap.gp.impl.GPGenotype  - Depths of chroms: 2 / 2
[25.09.2016 08:44:49,548] [main] INFO  org.jgap.gp.impl.GPGenotype  - Best solution fitness: 100.0
[25.09.2016 08:44:49,548] [main] INFO  org.jgap.gp.impl.GPGenotype  - Best solution: (x2 - x1) * (x2 - x1) ==> (Arg(1) + Arg(1) + Arg(1)) + (Arg(1) + Arg(1) + Arg(1)) + (Arg(2) + Arg(2) + Arg(0))
[25.09.2016 08:44:49,549] [main] INFO  org.jgap.gp.impl.GPGenotype  - Depths of chroms: 2 / 2
[25.09.2016 08:44:50,602] [main] INFO  org.jgap.gp.impl.GPGenotype  - Creating initial population
[25.09.2016 08:44:50,607] [main] INFO  org.jgap.gp.impl.GPGenotype  - Mem free: 245.5 MB
[25.09.2016 08:44:50,616] [main] INFO  org.jgap.gp.impl.GPPopulation  - Prototype program set
[25.09.2016 08:44:50,747] [main] INFO  org.jgap.gp.impl.GPGenotype  - Mem free after creating population: 245.5 MB
[25.09.2016 08:44:50,750] [main] INFO  org.jgap.gp.impl.GPGenotype  - Your configuration does not contain unused commands, this is good
[25.09.2016 08:44:50,751] [main] INFO  org.jgap.gp.impl.GPGenotype  - Evolving generation 0, memory free: 240.7 MB
[25.09.2016 08:44:50,839] [main] INFO  org.jgap.gp.impl.GPGenotype  - Best solution fitness: 100.0
[25.09.2016 08:44:50,840] [main] INFO  org.jgap.gp.impl.GPGenotype  - Best solution: (x2 - x1) * (x2 - x1) ==> Arg(0) + Arg(0) + Arg(0)
[25.09.2016 08:44:50,841] [main] INFO  org.jgap.gp.impl.GPGenotype  - Depths of chroms: 2 / 1
[25.09.2016 08:44:50,841] [main] INFO  org.jgap.gp.impl.GPGenotype  - Best solution fitness: 100.0
[25.09.2016 08:44:50,842] [main] INFO  org.jgap.gp.impl.GPGenotype  - Best solution: (x2 - x1) * (x2 - x1) ==> Arg(0) + Arg(0) + Arg(0)
[25.09.2016 08:44:50,842] [main] INFO  org.jgap.gp.impl.GPGenotype  - Depths of chroms: 2 / 1
[25.09.2016 08:45:12,920] [main] INFO  org.jgap.gp.impl.GPGenotype  - Creating initial population
[25.09.2016 08:45:12,925] [main] INFO  org.jgap.gp.impl.GPGenotype  - Mem free: 245.5 MB
[25.09.2016 08:45:12,934] [main] INFO  org.jgap.gp.impl.GPPopulation  - Prototype program set
[25.09.2016 08:45:13,070] [main] INFO  org.jgap.gp.impl.GPGenotype  - Mem free after creating population: 245.5 MB
[25.09.2016 08:45:13,072] [main] INFO  org.jgap.gp.impl.GPGenotype  - Your configuration does not contain unused commands, this is good
[25.09.2016 08:45:13,073] [main] INFO  org.jgap.gp.impl.GPGenotype  - Evolving generation 0, memory free: 240.8 MB
[25.09.2016 08:45:13,148] [main] INFO  org.jgap.gp.impl.GPGenotype  - Best solution fitness: 100.0
[25.09.2016 08:45:13,149] [main] INFO  org.jgap.gp.impl.GPGenotype  - Best solution: (x1 - x2) * (x1 - x2) ==> (Arg(1) + Arg(0) + Arg(2)) + (Arg(2) + Arg(1) + Arg(1)) + (Arg(2) + Arg(0) + Arg(0))
[25.09.2016 08:45:13,150] [main] INFO  org.jgap.gp.impl.GPGenotype  - Depths of chroms: 2 / 2
[25.09.2016 08:45:13,150] [main] INFO  org.jgap.gp.impl.GPGenotype  - Best solution fitness: 100.0
[25.09.2016 08:45:13,151] [main] INFO  org.jgap.gp.impl.GPGenotype  - Best solution: (x1 - x2) * (x1 - x2) ==> (Arg(1) + Arg(0) + Arg(2)) + (Arg(2) + Arg(1) + Arg(1)) + (Arg(2) + Arg(0) + Arg(0))
[25.09.2016 08:45:13,151] [main] INFO  org.jgap.gp.impl.GPGenotype  - Depths of chroms: 2 / 2
[25.09.2016 08:45:14,360] [main] INFO  org.jgap.gp.impl.GPGenotype  - Creating initial population
[25.09.2016 08:45:14,366] [main] INFO  org.jgap.gp.impl.GPGenotype  - Mem free: 245.5 MB
[25.09.2016 08:45:14,379] [main] INFO  org.jgap.gp.impl.GPPopulation  - Prototype program set
[25.09.2016 08:45:14,510] [main] INFO  org.jgap.gp.impl.GPGenotype  - Mem free after creating population: 245.5 MB
[25.09.2016 08:45:14,513] [main] INFO  org.jgap.gp.impl.GPGenotype  - Your configuration does not contain unused commands, this is good
[25.09.2016 08:45:14,514] [main] INFO  org.jgap.gp.impl.GPGenotype  - Evolving generation 0, memory free: 240.8 MB
[25.09.2016 08:45:14,595] [main] INFO  org.jgap.gp.impl.GPGenotype  - Best solution fitness: 100.0
[25.09.2016 08:45:14,596] [main] INFO  org.jgap.gp.impl.GPGenotype  - Best solution: (x2 - x1) * (x2 - x1) ==> (Arg(0) + Arg(0) + Arg(2)) + (Arg(2) + Arg(0) + Arg(0)) + (Arg(2) + Arg(1) + Arg(0))
[25.09.2016 08:45:14,597] [main] INFO  org.jgap.gp.impl.GPGenotype  - Depths of chroms: 2 / 2
[25.09.2016 08:45:14,597] [main] INFO  org.jgap.gp.impl.GPGenotype  - Best solution fitness: 100.0
[25.09.2016 08:45:14,598] [main] INFO  org.jgap.gp.impl.GPGenotype  - Best solution: (x2 - x1) * (x2 - x1) ==> (Arg(0) + Arg(0) + Arg(2)) + (Arg(2) + Arg(0) + Arg(0)) + (Arg(2) + Arg(1) + Arg(0))
[25.09.2016 08:45:14,599] [main] INFO  org.jgap.gp.impl.GPGenotype  - Depths of chroms: 2 / 2
[25.09.2016 08:45:15,615] [main] INFO  org.jgap.gp.impl.GPGenotype  - Creating initial population
[25.09.2016 08:45:15,620] [main] INFO  org.jgap.gp.impl.GPGenotype  - Mem free: 245.5 MB
[25.09.2016 08:45:15,629] [main] INFO  org.jgap.gp.impl.GPPopulation  - Prototype program set
[25.09.2016 08:45:15,760] [main] INFO  org.jgap.gp.impl.GPGenotype  - Mem free after creating population: 245.5 MB
[25.09.2016 08:45:15,764] [main] INFO  org.jgap.gp.impl.GPGenotype  - Your configuration does not contain unused commands, this is good
[25.09.2016 08:45:15,766] [main] INFO  org.jgap.gp.impl.GPGenotype  - Evolving generation 0, memory free: 240.7 MB
[25.09.2016 08:45:15,843] [main] INFO  org.jgap.gp.impl.GPGenotype  - Best solution fitness: 100.0
[25.09.2016 08:45:15,844] [main] INFO  org.jgap.gp.impl.GPGenotype  - Best solution: ((x1 * x1) - x2) * (x1 - x2) ==> Arg(1)
[25.09.2016 08:45:15,845] [main] INFO  org.jgap.gp.impl.GPGenotype  - Depths of chroms: 3 / 0
[25.09.2016 08:45:15,845] [main] INFO  org.jgap.gp.impl.GPGenotype  - Best solution fitness: 100.0
[25.09.2016 08:45:15,846] [main] INFO  org.jgap.gp.impl.GPGenotype  - Best solution: ((x1 * x1) - x2) * (x1 - x2) ==> Arg(1)
[25.09.2016 08:45:15,846] [main] INFO  org.jgap.gp.impl.GPGenotype  - Depths of chroms: 3 / 0
[25.09.2016 08:45:16,846] [main] INFO  org.jgap.gp.impl.GPGenotype  - Creating initial population
[25.09.2016 08:45:16,852] [main] INFO  org.jgap.gp.impl.GPGenotype  - Mem free: 245.5 MB
[25.09.2016 08:45:16,861] [main] INFO  org.jgap.gp.impl.GPPopulation  - Prototype program set
[25.09.2016 08:45:16,983] [main] INFO  org.jgap.gp.impl.GPGenotype  - Mem free after creating population: 245.5 MB
[25.09.2016 08:45:16,987] [main] INFO  org.jgap.gp.impl.GPGenotype  - Your configuration does not contain unused commands, this is good
[25.09.2016 08:45:16,988] [main] INFO  org.jgap.gp.impl.GPGenotype  - Evolving generation 0, memory free: 240.7 MB
[25.09.2016 08:45:17,085] [main] INFO  org.jgap.gp.impl.GPGenotype  - Best solution fitness: 100.0
[25.09.2016 08:45:17,087] [main] INFO  org.jgap.gp.impl.GPGenotype  - Best solution: (x1 - x2) * (x1 - x2) ==> Arg(1) + Arg(1) + (Arg(0) + Arg(1) + Arg(0))
[25.09.2016 08:45:17,088] [main] INFO  org.jgap.gp.impl.GPGenotype  - Depths of chroms: 2 / 2
[25.09.2016 08:45:17,088] [main] INFO  org.jgap.gp.impl.GPGenotype  - Best solution fitness: 100.0
[25.09.2016 08:45:17,089] [main] INFO  org.jgap.gp.impl.GPGenotype  - Best solution: (x1 - x2) * (x1 - x2) ==> Arg(1) + Arg(1) + (Arg(0) + Arg(1) + Arg(0))
[25.09.2016 08:45:17,089] [main] INFO  org.jgap.gp.impl.GPGenotype  - Depths of chroms: 2 / 2
[25.09.2016 08:45:17,864] [main] INFO  org.jgap.gp.impl.GPGenotype  - Creating initial population
[25.09.2016 08:45:17,870] [main] INFO  org.jgap.gp.impl.GPGenotype  - Mem free: 245.5 MB
[25.09.2016 08:45:17,879] [main] INFO  org.jgap.gp.impl.GPPopulation  - Prototype program set
[25.09.2016 08:45:18,011] [main] INFO  org.jgap.gp.impl.GPGenotype  - Mem free after creating population: 245.5 MB
[25.09.2016 08:45:18,014] [main] INFO  org.jgap.gp.impl.GPGenotype  - Your configuration does not contain unused commands, this is good
[25.09.2016 08:45:18,016] [main] INFO  org.jgap.gp.impl.GPGenotype  - Evolving generation 0, memory free: 240.7 MB
[25.09.2016 08:45:18,103] [main] INFO  org.jgap.gp.impl.GPGenotype  - Best solution fitness: 100.0
[25.09.2016 08:45:18,104] [main] INFO  org.jgap.gp.impl.GPGenotype  - Best solution: (x2 - x1) * (x2 - x1) ==> Arg(1)
[25.09.2016 08:45:18,104] [main] INFO  org.jgap.gp.impl.GPGenotype  - Depths of chroms: 2 / 0
[25.09.2016 08:45:18,104] [main] INFO  org.jgap.gp.impl.GPGenotype  - Best solution fitness: 100.0
[25.09.2016 08:45:18,105] [main] INFO  org.jgap.gp.impl.GPGenotype  - Best solution: (x2 - x1) * (x2 - x1) ==> Arg(1)
[25.09.2016 08:45:18,105] [main] INFO  org.jgap.gp.impl.GPGenotype  - Depths of chroms: 2 / 0
[25.09.2016 08:45:19,482] [main] INFO  org.jgap.gp.impl.GPGenotype  - Creating initial population
[25.09.2016 08:45:19,488] [main] INFO  org.jgap.gp.impl.GPGenotype  - Mem free: 245.5 MB
[25.09.2016 08:45:19,499] [main] INFO  org.jgap.gp.impl.GPPopulation  - Prototype program set
[25.09.2016 08:45:19,631] [main] INFO  org.jgap.gp.impl.GPGenotype  - Mem free after creating population: 245.5 MB
[25.09.2016 08:45:19,634] [main] INFO  org.jgap.gp.impl.GPGenotype  - Your configuration does not contain unused commands, this is good
[25.09.2016 08:45:19,635] [main] INFO  org.jgap.gp.impl.GPGenotype  - Evolving generation 0, memory free: 240.7 MB
[25.09.2016 08:45:19,717] [main] INFO  org.jgap.gp.impl.GPGenotype  - Best solution fitness: 100.0
[25.09.2016 08:45:19,718] [main] INFO  org.jgap.gp.impl.GPGenotype  - Best solution: (x1 - x2) * (x1 - x2) ==> Arg(0) + Arg(1) + Arg(0)
[25.09.2016 08:45:19,718] [main] INFO  org.jgap.gp.impl.GPGenotype  - Depths of chroms: 2 / 1
[25.09.2016 08:45:19,719] [main] INFO  org.jgap.gp.impl.GPGenotype  - Best solution fitness: 100.0
[25.09.2016 08:45:19,719] [main] INFO  org.jgap.gp.impl.GPGenotype  - Best solution: (x1 - x2) * (x1 - x2) ==> Arg(0) + Arg(1) + Arg(0)
[25.09.2016 08:45:19,720] [main] INFO  org.jgap.gp.impl.GPGenotype  - Depths of chroms: 2 / 1
[25.09.2016 08:45:28,689] [main] INFO  org.jgap.gp.impl.GPGenotype  - Creating initial population
[25.09.2016 08:45:28,696] [main] INFO  org.jgap.gp.impl.GPGenotype  - Mem free: 245.5 MB
[25.09.2016 08:45:28,708] [main] INFO  org.jgap.gp.impl.GPPopulation  - Prototype program set
[25.09.2016 08:45:28,875] [main] INFO  org.jgap.gp.impl.GPGenotype  - Mem free after creating population: 245.5 MB
[25.09.2016 08:45:28,881] [main] INFO  org.jgap.gp.impl.GPGenotype  - Your configuration does not contain unused commands, this is good
[25.09.2016 08:45:28,882] [main] INFO  org.jgap.gp.impl.GPGenotype  - Evolving generation 0, memory free: 240.7 MB
[25.09.2016 08:45:29,007] [main] INFO  org.jgap.gp.impl.GPGenotype  - Best solution fitness: 100.0
[25.09.2016 08:45:29,009] [main] INFO  org.jgap.gp.impl.GPGenotype  - Best solution: x1 - (((x2 * x1) - (x2 * (x2 - x1))) - (x2 - x2)) ==> Arg(0)
[25.09.2016 08:45:29,009] [main] INFO  org.jgap.gp.impl.GPGenotype  - Depths of chroms: 5 / 0
[25.09.2016 08:45:29,010] [main] INFO  org.jgap.gp.impl.GPGenotype  - Best solution fitness: 100.0
[25.09.2016 08:45:29,011] [main] INFO  org.jgap.gp.impl.GPGenotype  - Best solution: x1 - (((x2 * x1) - (x2 * (x2 - x1))) - (x2 - x2)) ==> Arg(0)
[25.09.2016 08:45:29,011] [main] INFO  org.jgap.gp.impl.GPGenotype  - Depths of chroms: 5 / 0
[25.09.2016 08:45:30,829] [main] INFO  org.jgap.gp.impl.GPGenotype  - Creating initial population
[25.09.2016 08:45:30,839] [main] INFO  org.jgap.gp.impl.GPGenotype  - Mem free: 245.5 MB
[25.09.2016 08:45:30,862] [main] INFO  org.jgap.gp.impl.GPPopulation  - Prototype program set
[25.09.2016 08:45:31,029] [main] INFO  org.jgap.gp.impl.GPGenotype  - Mem free after creating population: 245.5 MB
[25.09.2016 08:45:31,032] [main] INFO  org.jgap.gp.impl.GPGenotype  - Your configuration does not contain unused commands, this is good
[25.09.2016 08:45:31,034] [main] INFO  org.jgap.gp.impl.GPGenotype  - Evolving generation 0, memory free: 240.7 MB
[25.09.2016 08:45:31,190] [main] INFO  org.jgap.gp.impl.GPGenotype  - Best solution fitness: 100.0
[25.09.2016 08:45:31,192] [main] INFO  org.jgap.gp.impl.GPGenotype  - Best solution: (((x1 - x1) * x1) - (x1 - x2)) * (x2 - x1) ==> Arg(0)
[25.09.2016 08:45:31,193] [main] INFO  org.jgap.gp.impl.GPGenotype  - Depths of chroms: 4 / 0
[25.09.2016 08:45:31,194] [main] INFO  org.jgap.gp.impl.GPGenotype  - Best solution fitness: 100.0
[25.09.2016 08:45:31,195] [main] INFO  org.jgap.gp.impl.GPGenotype  - Best solution: (((x1 - x1) * x1) - (x1 - x2)) * (x2 - x1) ==> Arg(0)
[25.09.2016 08:45:31,196] [main] INFO  org.jgap.gp.impl.GPGenotype  - Depths of chroms: 4 / 0
[25.09.2016 08:45:32,621] [main] INFO  org.jgap.gp.impl.GPGenotype  - Creating initial population
[25.09.2016 08:45:32,627] [main] INFO  org.jgap.gp.impl.GPGenotype  - Mem free: 245.5 MB
[25.09.2016 08:45:32,637] [main] INFO  org.jgap.gp.impl.GPPopulation  - Prototype program set
[25.09.2016 08:45:32,762] [main] INFO  org.jgap.gp.impl.GPGenotype  - Mem free after creating population: 245.5 MB
[25.09.2016 08:45:32,765] [main] INFO  org.jgap.gp.impl.GPGenotype  - Your configuration does not contain unused commands, this is good
[25.09.2016 08:45:32,766] [main] INFO  org.jgap.gp.impl.GPGenotype  - Evolving generation 0, memory free: 240.7 MB
[25.09.2016 08:45:32,861] [main] INFO  org.jgap.gp.impl.GPGenotype  - Best solution fitness: 100.0
[25.09.2016 08:45:32,863] [main] INFO  org.jgap.gp.impl.GPGenotype  - Best solution: (x1 * x1) - ((x1 - (x2 - x2)) - ((x1 - x2) * (x1 - x2))) ==> Arg(0)
[25.09.2016 08:45:32,863] [main] INFO  org.jgap.gp.impl.GPGenotype  - Depths of chroms: 4 / 0
[25.09.2016 08:45:32,864] [main] INFO  org.jgap.gp.impl.GPGenotype  - Best solution fitness: 100.0
[25.09.2016 08:45:32,865] [main] INFO  org.jgap.gp.impl.GPGenotype  - Best solution: (x1 * x1) - ((x1 - (x2 - x2)) - ((x1 - x2) * (x1 - x2))) ==> Arg(0)
[25.09.2016 08:45:32,866] [main] INFO  org.jgap.gp.impl.GPGenotype  - Depths of chroms: 4 / 0
[25.09.2016 08:45:33,974] [main] INFO  org.jgap.gp.impl.GPGenotype  - Creating initial population
[25.09.2016 08:45:33,979] [main] INFO  org.jgap.gp.impl.GPGenotype  - Mem free: 245.5 MB
[25.09.2016 08:45:33,988] [main] INFO  org.jgap.gp.impl.GPPopulation  - Prototype program set
[25.09.2016 08:45:34,118] [main] INFO  org.jgap.gp.impl.GPGenotype  - Mem free after creating population: 245.5 MB
[25.09.2016 08:45:34,122] [main] INFO  org.jgap.gp.impl.GPGenotype  - Your configuration does not contain unused commands, this is good
[25.09.2016 08:45:34,124] [main] INFO  org.jgap.gp.impl.GPGenotype  - Evolving generation 0, memory free: 240.8 MB
[25.09.2016 08:45:34,231] [main] INFO  org.jgap.gp.impl.GPGenotype  - Best solution fitness: 100.0
[25.09.2016 08:45:34,232] [main] INFO  org.jgap.gp.impl.GPGenotype  - Best solution: (x2 - x1) * (x2 - x1) ==> Arg(0)
[25.09.2016 08:45:34,233] [main] INFO  org.jgap.gp.impl.GPGenotype  - Depths of chroms: 2 / 0
[25.09.2016 08:45:34,233] [main] INFO  org.jgap.gp.impl.GPGenotype  - Best solution fitness: 100.0
[25.09.2016 08:45:34,234] [main] INFO  org.jgap.gp.impl.GPGenotype  - Best solution: (x2 - x1) * (x2 - x1) ==> Arg(0)
[25.09.2016 08:45:34,234] [main] INFO  org.jgap.gp.impl.GPGenotype  - Depths of chroms: 2 / 0
[25.09.2016 08:45:34,707] [main] INFO  org.jgap.gp.impl.GPGenotype  - Creating initial population
[25.09.2016 08:45:34,712] [main] INFO  org.jgap.gp.impl.GPGenotype  - Mem free: 245.5 MB
[25.09.2016 08:45:34,721] [main] INFO  org.jgap.gp.impl.GPPopulation  - Prototype program set
[25.09.2016 08:45:34,857] [main] INFO  org.jgap.gp.impl.GPGenotype  - Mem free after creating population: 245.5 MB
[25.09.2016 08:45:34,862] [main] INFO  org.jgap.gp.impl.GPGenotype  - Your configuration does not contain unused commands, this is good
[25.09.2016 08:45:34,863] [main] INFO  org.jgap.gp.impl.GPGenotype  - Evolving generation 0, memory free: 240.8 MB
[25.09.2016 08:45:34,949] [main] INFO  org.jgap.gp.impl.GPGenotype  - Best solution fitness: 100.0
[25.09.2016 08:45:34,950] [main] INFO  org.jgap.gp.impl.GPGenotype  - Best solution: (x2 - x1) * (x2 - x1) ==> (Arg(2) + Arg(2) + Arg(1)) + (Arg(2) + Arg(1) + Arg(2)) + (Arg(1) + Arg(1) + Arg(1))
[25.09.2016 08:45:34,951] [main] INFO  org.jgap.gp.impl.GPGenotype  - Depths of chroms: 2 / 2
[25.09.2016 08:45:34,952] [main] INFO  org.jgap.gp.impl.GPGenotype  - Best solution fitness: 100.0
[25.09.2016 08:45:34,953] [main] INFO  org.jgap.gp.impl.GPGenotype  - Best solution: (x2 - x1) * (x2 - x1) ==> (Arg(2) + Arg(2) + Arg(1)) + (Arg(2) + Arg(1) + Arg(2)) + (Arg(1) + Arg(1) + Arg(1))
[25.09.2016 08:45:34,953] [main] INFO  org.jgap.gp.impl.GPGenotype  - Depths of chroms: 2 / 2
[25.09.2016 08:55:18,818] [main] INFO  org.jgap.gp.impl.GPGenotype  - Creating initial population
[25.09.2016 08:55:18,824] [main] INFO  org.jgap.gp.impl.GPGenotype  - Mem free: 245.5 MB
[25.09.2016 08:55:18,833] [main] INFO  org.jgap.gp.impl.GPPopulation  - Prototype program set
[25.09.2016 08:55:18,946] [main] INFO  org.jgap.gp.impl.GPGenotype  - Mem free after creating population: 245.5 MB
[25.09.2016 08:55:18,949] [main] INFO  org.jgap.gp.impl.GPGenotype  - Your configuration does not contain unused commands, this is good
[25.09.2016 08:55:18,950] [main] INFO  org.jgap.gp.impl.GPGenotype  - Evolving generation 0, memory free: 240.7 MB
[25.09.2016 08:55:19,037] [main] INFO  org.jgap.gp.impl.GPGenotype  - Best solution fitness: 100.0
[25.09.2016 08:55:19,038] [main] INFO  org.jgap.gp.impl.GPGenotype  - Best solution: (x1 - x2) * (x1 - x2) ==> (Arg(2) + Arg(1) + Arg(0)) + (Arg(0) + Arg(1) + Arg(1)) + (Arg(2) + Arg(2) + Arg(2))
[25.09.2016 08:55:19,039] [main] INFO  org.jgap.gp.impl.GPGenotype  - Depths of chroms: 2 / 2
[25.09.2016 08:55:19,040] [main] INFO  org.jgap.gp.impl.GPGenotype  - Best solution fitness: 100.0
[25.09.2016 08:55:19,041] [main] INFO  org.jgap.gp.impl.GPGenotype  - Best solution: (x1 - x2) * (x1 - x2) ==> (Arg(2) + Arg(1) + Arg(0)) + (Arg(0) + Arg(1) + Arg(1)) + (Arg(2) + Arg(2) + Arg(2))
[25.09.2016 08:55:19,041] [main] INFO  org.jgap.gp.impl.GPGenotype  - Depths of chroms: 2 / 2
[25.09.2016 08:55:26,351] [main] INFO  org.jgap.gp.impl.GPGenotype  - Creating initial population
[25.09.2016 08:55:26,358] [main] INFO  org.jgap.gp.impl.GPGenotype  - Mem free: 245.5 MB
[25.09.2016 08:55:26,370] [main] INFO  org.jgap.gp.impl.GPPopulation  - Prototype program set
[25.09.2016 08:55:26,524] [main] INFO  org.jgap.gp.impl.GPGenotype  - Mem free after creating population: 245.5 MB
[25.09.2016 08:55:26,527] [main] INFO  org.jgap.gp.impl.GPGenotype  - Your configuration does not contain unused commands, this is good
[25.09.2016 08:55:26,529] [main] INFO  org.jgap.gp.impl.GPGenotype  - Evolving generation 0, memory free: 240.8 MB
[25.09.2016 08:55:26,619] [main] INFO  org.jgap.gp.impl.GPGenotype  - Best solution fitness: 100.0
[25.09.2016 08:55:26,621] [main] INFO  org.jgap.gp.impl.GPGenotype  - Best solution: (x1 - x2) * (x1 - x2) ==> (Arg(2) + Arg(0) + Arg(2)) + (Arg(2) + Arg(2) + Arg(1)) + (Arg(2) + Arg(1) + Arg(2))
[25.09.2016 08:55:26,622] [main] INFO  org.jgap.gp.impl.GPGenotype  - Depths of chroms: 2 / 2
[25.09.2016 08:55:26,622] [main] INFO  org.jgap.gp.impl.GPGenotype  - Best solution fitness: 100.0
[25.09.2016 08:55:26,624] [main] INFO  org.jgap.gp.impl.GPGenotype  - Best solution: (x1 - x2) * (x1 - x2) ==> (Arg(2) + Arg(0) + Arg(2)) + (Arg(2) + Arg(2) + Arg(1)) + (Arg(2) + Arg(1) + Arg(2))
[25.09.2016 08:55:26,625] [main] INFO  org.jgap.gp.impl.GPGenotype  - Depths of chroms: 2 / 2
[25.09.2016 08:55:32,747] [main] INFO  org.jgap.gp.impl.GPGenotype  - Creating initial population
[25.09.2016 08:55:32,753] [main] INFO  org.jgap.gp.impl.GPGenotype  - Mem free: 245.5 MB
[25.09.2016 08:55:32,762] [main] INFO  org.jgap.gp.impl.GPPopulation  - Prototype program set
[25.09.2016 08:55:32,906] [main] INFO  org.jgap.gp.impl.GPGenotype  - Mem free after creating population: 245.5 MB
[25.09.2016 08:55:32,909] [main] INFO  org.jgap.gp.impl.GPGenotype  - Your configuration does not contain unused commands, this is good
[25.09.2016 08:55:32,910] [main] INFO  org.jgap.gp.impl.GPGenotype  - Evolving generation 0, memory free: 240.8 MB
[25.09.2016 08:55:32,995] [main] INFO  org.jgap.gp.impl.GPGenotype  - Best solution fitness: 100.0
[25.09.2016 08:55:32,996] [main] INFO  org.jgap.gp.impl.GPGenotype  - Best solution: (x1 - x2) * (x1 - x2) ==> (Arg(2) + Arg(2) + Arg(2)) + (Arg(0) + Arg(1) + Arg(0)) + (Arg(2) + Arg(1) + Arg(2))
[25.09.2016 08:55:32,997] [main] INFO  org.jgap.gp.impl.GPGenotype  - Depths of chroms: 2 / 2
[25.09.2016 08:55:32,997] [main] INFO  org.jgap.gp.impl.GPGenotype  - Best solution fitness: 100.0
[25.09.2016 08:55:32,998] [main] INFO  org.jgap.gp.impl.GPGenotype  - Best solution: (x1 - x2) * (x1 - x2) ==> (Arg(2) + Arg(2) + Arg(2)) + (Arg(0) + Arg(1) + Arg(0)) + (Arg(2) + Arg(1) + Arg(2))
[25.09.2016 08:55:32,999] [main] INFO  org.jgap.gp.impl.GPGenotype  - Depths of chroms: 2 / 2
[25.09.2016 08:55:39,271] [main] INFO  org.jgap.gp.impl.GPGenotype  - Creating initial population
[25.09.2016 08:55:39,278] [main] INFO  org.jgap.gp.impl.GPGenotype  - Mem free: 245.5 MB
[25.09.2016 08:55:39,290] [main] INFO  org.jgap.gp.impl.GPPopulation  - Prototype program set
[25.09.2016 08:55:39,432] [main] INFO  org.jgap.gp.impl.GPGenotype  - Mem free after creating population: 245.5 MB
[25.09.2016 08:55:39,435] [main] INFO  org.jgap.gp.impl.GPGenotype  - Your configuration does not contain unused commands, this is good
[25.09.2016 08:55:39,436] [main] INFO  org.jgap.gp.impl.GPGenotype  - Evolving generation 0, memory free: 240.8 MB
[25.09.2016 08:55:39,532] [main] INFO  org.jgap.gp.impl.GPGenotype  - Best solution fitness: 100.0
[25.09.2016 08:55:39,535] [main] INFO  org.jgap.gp.impl.GPGenotype  - Best solution: (x2 - x1) * (x2 - x1) ==> (Arg(2) + Arg(1) + Arg(0)) + (Arg(1) + Arg(1) + Arg(2)) + (Arg(1) + Arg(1) + Arg(2))
[25.09.2016 08:55:39,536] [main] INFO  org.jgap.gp.impl.GPGenotype  - Depths of chroms: 2 / 2
[25.09.2016 08:55:39,537] [main] INFO  org.jgap.gp.impl.GPGenotype  - Best solution fitness: 100.0
[25.09.2016 08:55:39,538] [main] INFO  org.jgap.gp.impl.GPGenotype  - Best solution: (x2 - x1) * (x2 - x1) ==> (Arg(2) + Arg(1) + Arg(0)) + (Arg(1) + Arg(1) + Arg(2)) + (Arg(1) + Arg(1) + Arg(2))
[25.09.2016 08:55:39,540] [main] INFO  org.jgap.gp.impl.GPGenotype  - Depths of chroms: 2 / 2
[25.09.2016 08:55:42,202] [main] INFO  org.jgap.gp.impl.GPGenotype  - Creating initial population
[25.09.2016 08:55:42,208] [main] INFO  org.jgap.gp.impl.GPGenotype  - Mem free: 245.5 MB
[25.09.2016 08:55:42,217] [main] INFO  org.jgap.gp.impl.GPPopulation  - Prototype program set
[25.09.2016 08:55:42,354] [main] INFO  org.jgap.gp.impl.GPGenotype  - Mem free after creating population: 245.5 MB
[25.09.2016 08:55:42,358] [main] INFO  org.jgap.gp.impl.GPGenotype  - Your configuration does not contain unused commands, this is good
[25.09.2016 08:55:42,361] [main] INFO  org.jgap.gp.impl.GPGenotype  - Evolving generation 0, memory free: 240.8 MB
[25.09.2016 08:55:42,450] [main] INFO  org.jgap.gp.impl.GPGenotype  - Best solution fitness: 100.0
[25.09.2016 08:55:42,452] [main] INFO  org.jgap.gp.impl.GPGenotype  - Best solution: (x2 * x2) - ((x2 * x1) - ((x1 - x2) * x1)) ==> Arg(2) + Arg(0) + Arg(0)
[25.09.2016 08:55:42,453] [main] INFO  org.jgap.gp.impl.GPGenotype  - Depths of chroms: 4 / 1
[25.09.2016 08:55:42,453] [main] INFO  org.jgap.gp.impl.GPGenotype  - Best solution fitness: 100.0
[25.09.2016 08:55:42,454] [main] INFO  org.jgap.gp.impl.GPGenotype  - Best solution: (x2 * x2) - ((x2 * x1) - ((x1 - x2) * x1)) ==> Arg(2) + Arg(0) + Arg(0)
[25.09.2016 08:55:42,454] [main] INFO  org.jgap.gp.impl.GPGenotype  - Depths of chroms: 4 / 1
[25.09.2016 08:55:45,564] [main] INFO  org.jgap.gp.impl.GPGenotype  - Creating initial population
[25.09.2016 08:55:45,570] [main] INFO  org.jgap.gp.impl.GPGenotype  - Mem free: 245.5 MB
[25.09.2016 08:55:45,580] [main] INFO  org.jgap.gp.impl.GPPopulation  - Prototype program set
[25.09.2016 08:55:45,766] [main] INFO  org.jgap.gp.impl.GPGenotype  - Mem free after creating population: 245.5 MB
[25.09.2016 08:55:45,769] [main] INFO  org.jgap.gp.impl.GPGenotype  - Your configuration does not contain unused commands, this is good
[25.09.2016 08:55:45,770] [main] INFO  org.jgap.gp.impl.GPGenotype  - Evolving generation 0, memory free: 240.8 MB
[25.09.2016 08:55:45,886] [main] INFO  org.jgap.gp.impl.GPGenotype  - Best solution fitness: 100.0
[25.09.2016 08:55:45,914] [main] INFO  org.jgap.gp.impl.GPGenotype  - Best solution: (x1 - x2) * (x1 - x2) ==> (Arg(0) + Arg(2) + Arg(1)) + (Arg(2) + Arg(0) + Arg(0)) + (Arg(1) + Arg(1) + Arg(2))
[25.09.2016 08:55:45,924] [main] INFO  org.jgap.gp.impl.GPGenotype  - Depths of chroms: 2 / 2
[25.09.2016 08:55:45,928] [main] INFO  org.jgap.gp.impl.GPGenotype  - Best solution fitness: 100.0
[25.09.2016 08:55:45,929] [main] INFO  org.jgap.gp.impl.GPGenotype  - Best solution: (x1 - x2) * (x1 - x2) ==> (Arg(0) + Arg(2) + Arg(1)) + (Arg(2) + Arg(0) + Arg(0)) + (Arg(1) + Arg(1) + Arg(2))
[25.09.2016 08:55:45,930] [main] INFO  org.jgap.gp.impl.GPGenotype  - Depths of chroms: 2 / 2
[25.09.2016 08:55:48,826] [main] INFO  org.jgap.gp.impl.GPGenotype  - Creating initial population
[25.09.2016 08:55:48,832] [main] INFO  org.jgap.gp.impl.GPGenotype  - Mem free: 245.5 MB
[25.09.2016 08:55:48,844] [main] INFO  org.jgap.gp.impl.GPPopulation  - Prototype program set
[25.09.2016 08:55:49,008] [main] INFO  org.jgap.gp.impl.GPGenotype  - Mem free after creating population: 245.5 MB
[25.09.2016 08:55:49,010] [main] INFO  org.jgap.gp.impl.GPGenotype  - Your configuration does not contain unused commands, this is good
[25.09.2016 08:55:49,011] [main] INFO  org.jgap.gp.impl.GPGenotype  - Evolving generation 0, memory free: 242.0 MB
[25.09.2016 08:55:49,087] [main] INFO  org.jgap.gp.impl.GPGenotype  - Best solution fitness: 75.0
[25.09.2016 08:55:49,090] [main] INFO  org.jgap.gp.impl.GPGenotype  - Best solution: (x2 * x2) * (x2 - x1) ==> (Arg(2) + Arg(2) + Arg(0)) + (Arg(1) + Arg(1) + Arg(2)) + (Arg(2) + Arg(2) + Arg(1))
[25.09.2016 08:55:49,091] [main] INFO  org.jgap.gp.impl.GPGenotype  - Depths of chroms: 2 / 2
[25.09.2016 08:55:49,091] [main] INFO  org.jgap.gp.impl.GPGenotype  - Evolving generation 1, memory free: 224.1 MB
[25.09.2016 08:55:49,174] [main] INFO  org.jgap.gp.impl.GPGenotype  - Best solution fitness: 100.0
[25.09.2016 08:55:49,175] [main] INFO  org.jgap.gp.impl.GPGenotype  - Best solution: (x1 - x2) * (x1 - x2) ==> Arg(0)
[25.09.2016 08:55:49,176] [main] INFO  org.jgap.gp.impl.GPGenotype  - Depths of chroms: 2 / 0
[25.09.2016 08:55:49,178] [main] INFO  org.jgap.gp.impl.GPGenotype  - Best solution fitness: 100.0
[25.09.2016 08:55:49,181] [main] INFO  org.jgap.gp.impl.GPGenotype  - Best solution: (x1 - x2) * (x1 - x2) ==> Arg(0)
[25.09.2016 08:55:49,182] [main] INFO  org.jgap.gp.impl.GPGenotype  - Depths of chroms: 2 / 0
[25.09.2016 08:56:45,459] [main] INFO  org.jgap.gp.impl.GPGenotype  - Creating initial population
[25.09.2016 08:56:45,465] [main] INFO  org.jgap.gp.impl.GPGenotype  - Mem free: 245.5 MB
[25.09.2016 08:56:45,474] [main] INFO  org.jgap.gp.impl.GPPopulation  - Prototype program set
[25.09.2016 08:56:45,600] [main] INFO  org.jgap.gp.impl.GPGenotype  - Mem free after creating population: 245.5 MB
[25.09.2016 08:56:45,602] [main] INFO  org.jgap.gp.impl.GPGenotype  - Your configuration does not contain unused commands, this is good
[25.09.2016 08:56:45,604] [main] INFO  org.jgap.gp.impl.GPGenotype  - Evolving generation 0, memory free: 240.7 MB
[25.09.2016 08:56:45,694] [main] INFO  org.jgap.gp.impl.GPGenotype  - Best solution fitness: 100.0
[25.09.2016 08:56:45,695] [main] INFO  org.jgap.gp.impl.GPGenotype  - Best solution: ((x2 * x2) * (x2 - x1)) - ((x2 - x1) * x1) ==> Arg(0)
[25.09.2016 08:56:45,696] [main] INFO  org.jgap.gp.impl.GPGenotype  - Depths of chroms: 3 / 0
[25.09.2016 08:56:45,696] [main] INFO  org.jgap.gp.impl.GPGenotype  - Best solution fitness: 100.0
[25.09.2016 08:56:45,697] [main] INFO  org.jgap.gp.impl.GPGenotype  - Best solution: ((x2 * x2) * (x2 - x1)) - ((x2 - x1) * x1) ==> Arg(0)
[25.09.2016 08:56:45,697] [main] INFO  org.jgap.gp.impl.GPGenotype  - Depths of chroms: 3 / 0
[25.09.2016 08:57:25,722] [main] INFO  org.jgap.gp.impl.GPGenotype  - Creating initial population
[25.09.2016 08:57:25,728] [main] INFO  org.jgap.gp.impl.GPGenotype  - Mem free: 245.5 MB
[25.09.2016 08:57:25,736] [main] INFO  org.jgap.gp.impl.GPPopulation  - Prototype program set
[25.09.2016 08:57:25,855] [main] INFO  org.jgap.gp.impl.GPGenotype  - Mem free after creating population: 245.5 MB
[25.09.2016 08:57:25,858] [main] INFO  org.jgap.gp.impl.GPGenotype  - Your configuration does not contain unused commands, this is good
[25.09.2016 08:57:25,859] [main] INFO  org.jgap.gp.impl.GPGenotype  - Evolving generation 0, memory free: 240.8 MB
[25.09.2016 08:57:25,935] [main] INFO  org.jgap.gp.impl.GPGenotype  - Best solution fitness: 100.0
[25.09.2016 08:57:25,937] [main] INFO  org.jgap.gp.impl.GPGenotype  - Best solution: ((x1 - (x2 * x1)) * x1) - ((x1 - x2) * x2) ==> Arg(1)
[25.09.2016 08:57:25,937] [main] INFO  org.jgap.gp.impl.GPGenotype  - Depths of chroms: 4 / 0
[25.09.2016 08:57:25,938] [main] INFO  org.jgap.gp.impl.GPGenotype  - Best solution fitness: 100.0
[25.09.2016 08:57:25,939] [main] INFO  org.jgap.gp.impl.GPGenotype  - Best solution: ((x1 - (x2 * x1)) * x1) - ((x1 - x2) * x2) ==> Arg(1)
[25.09.2016 08:57:25,940] [main] INFO  org.jgap.gp.impl.GPGenotype  - Depths of chroms: 4 / 0
[25.09.2016 08:57:50,149] [main] INFO  org.jgap.gp.impl.GPGenotype  - Creating initial population
[25.09.2016 08:57:50,154] [main] INFO  org.jgap.gp.impl.GPGenotype  - Mem free: 245.5 MB
[25.09.2016 08:57:50,164] [main] INFO  org.jgap.gp.impl.GPPopulation  - Prototype program set
[25.09.2016 08:57:50,287] [main] INFO  org.jgap.gp.impl.GPGenotype  - Mem free after creating population: 245.5 MB
[25.09.2016 08:57:50,290] [main] INFO  org.jgap.gp.impl.GPGenotype  - Your configuration does not contain unused commands, this is good
[25.09.2016 08:57:50,292] [main] INFO  org.jgap.gp.impl.GPGenotype  - Evolving generation 0, memory free: 240.7 MB
[25.09.2016 08:57:50,376] [main] INFO  org.jgap.gp.impl.GPGenotype  - Best solution fitness: 100.0
[25.09.2016 08:57:50,377] [main] INFO  org.jgap.gp.impl.GPGenotype  - Best solution: ((x2 - x1) * (x2 - x1)) - (x1 - x1) ==> Arg(1)
[25.09.2016 08:57:50,378] [main] INFO  org.jgap.gp.impl.GPGenotype  - Depths of chroms: 3 / 0
[25.09.2016 08:57:50,378] [main] INFO  org.jgap.gp.impl.GPGenotype  - Best solution fitness: 100.0
[25.09.2016 08:57:50,379] [main] INFO  org.jgap.gp.impl.GPGenotype  - Best solution: ((x2 - x1) * (x2 - x1)) - (x1 - x1) ==> Arg(1)
[25.09.2016 08:57:50,379] [main] INFO  org.jgap.gp.impl.GPGenotype  - Depths of chroms: 3 / 0
[25.09.2016 08:57:54,310] [main] INFO  org.jgap.gp.impl.GPGenotype  - Creating initial population
[25.09.2016 08:57:54,316] [main] INFO  org.jgap.gp.impl.GPGenotype  - Mem free: 245.5 MB
[25.09.2016 08:57:54,325] [main] INFO  org.jgap.gp.impl.GPPopulation  - Prototype program set
[25.09.2016 08:57:54,448] [main] INFO  org.jgap.gp.impl.GPGenotype  - Mem free after creating population: 245.5 MB
[25.09.2016 08:57:54,451] [main] INFO  org.jgap.gp.impl.GPGenotype  - Your configuration does not contain unused commands, this is good
[25.09.2016 08:57:54,452] [main] INFO  org.jgap.gp.impl.GPGenotype  - Evolving generation 0, memory free: 240.7 MB
[25.09.2016 08:57:54,535] [main] INFO  org.jgap.gp.impl.GPGenotype  - Best solution fitness: 100.0
[25.09.2016 08:57:54,536] [main] INFO  org.jgap.gp.impl.GPGenotype  - Best solution: (x2 - x2) - ((x1 - x2) * ((x2 * x2) - x1)) ==> Arg(1)
[25.09.2016 08:57:54,537] [main] INFO  org.jgap.gp.impl.GPGenotype  - Depths of chroms: 4 / 0
[25.09.2016 08:57:54,537] [main] INFO  org.jgap.gp.impl.GPGenotype  - Best solution fitness: 100.0
[25.09.2016 08:57:54,538] [main] INFO  org.jgap.gp.impl.GPGenotype  - Best solution: (x2 - x2) - ((x1 - x2) * ((x2 * x2) - x1)) ==> Arg(1)
[25.09.2016 08:57:54,538] [main] INFO  org.jgap.gp.impl.GPGenotype  - Depths of chroms: 4 / 0
[25.09.2016 08:57:59,429] [main] INFO  org.jgap.gp.impl.GPGenotype  - Creating initial population
[25.09.2016 08:57:59,436] [main] INFO  org.jgap.gp.impl.GPGenotype  - Mem free: 245.5 MB
[25.09.2016 08:57:59,446] [main] INFO  org.jgap.gp.impl.GPPopulation  - Prototype program set
[25.09.2016 08:57:59,576] [main] INFO  org.jgap.gp.impl.GPGenotype  - Mem free after creating population: 245.5 MB
[25.09.2016 08:57:59,579] [main] INFO  org.jgap.gp.impl.GPGenotype  - Your configuration does not contain unused commands, this is good
[25.09.2016 08:57:59,580] [main] INFO  org.jgap.gp.impl.GPGenotype  - Evolving generation 0, memory free: 240.7 MB
[25.09.2016 08:57:59,646] [main] INFO  org.jgap.gp.impl.GPGenotype  - Best solution fitness: 75.0
[25.09.2016 08:57:59,648] [main] INFO  org.jgap.gp.impl.GPGenotype  - Best solution: (x1 * x1) - (x2 * x1) ==> (Arg(1) + Arg(2) + Arg(0)) + (Arg(0) + Arg(2) + Arg(2)) + (Arg(0) + Arg(1) + Arg(1))
[25.09.2016 08:57:59,648] [main] INFO  org.jgap.gp.impl.GPGenotype  - Depths of chroms: 2 / 2
[25.09.2016 08:57:59,649] [main] INFO  org.jgap.gp.impl.GPGenotype  - Evolving generation 1, memory free: 224.1 MB
[25.09.2016 08:57:59,708] [main] INFO  org.jgap.gp.impl.GPGenotype  - Best solution fitness: 100.0
[25.09.2016 08:57:59,709] [main] INFO  org.jgap.gp.impl.GPGenotype  - Best solution: (x2 - x1) * (x2 - x1) ==> (Arg(2) + Arg(1) + Arg(1)) + (Arg(0) + Arg(0) + Arg(2)) + (Arg(0) + Arg(0) + Arg(0))
[25.09.2016 08:57:59,710] [main] INFO  org.jgap.gp.impl.GPGenotype  - Depths of chroms: 2 / 2
[25.09.2016 08:57:59,711] [main] INFO  org.jgap.gp.impl.GPGenotype  - Best solution fitness: 100.0
[25.09.2016 08:57:59,712] [main] INFO  org.jgap.gp.impl.GPGenotype  - Best solution: (x2 - x1) * (x2 - x1) ==> (Arg(2) + Arg(1) + Arg(1)) + (Arg(0) + Arg(0) + Arg(2)) + (Arg(0) + Arg(0) + Arg(0))
[25.09.2016 08:57:59,712] [main] INFO  org.jgap.gp.impl.GPGenotype  - Depths of chroms: 2 / 2
[25.09.2016 09:01:31,827] [main] INFO  org.jgap.gp.impl.GPGenotype  - Creating initial population
[25.09.2016 09:01:31,834] [main] INFO  org.jgap.gp.impl.GPGenotype  - Mem free: 245.5 MB
[25.09.2016 09:01:31,843] [main] INFO  org.jgap.gp.impl.GPPopulation  - Prototype program set
[25.09.2016 09:01:31,963] [main] INFO  org.jgap.gp.impl.GPGenotype  - Mem free after creating population: 245.5 MB
[25.09.2016 09:01:31,966] [main] INFO  org.jgap.gp.impl.GPGenotype  - Your configuration does not contain unused commands, this is good
[25.09.2016 09:01:31,967] [main] INFO  org.jgap.gp.impl.GPGenotype  - Evolving generation 0, memory free: 240.8 MB
[25.09.2016 09:01:32,061] [main] INFO  org.jgap.gp.impl.GPGenotype  - Best solution fitness: 100.0
[25.09.2016 09:01:32,063] [main] INFO  org.jgap.gp.impl.GPGenotype  - Best solution: (x2 - x1) * (x2 - x1) ==> (Arg(1) + Arg(1) + Arg(2)) + (Arg(0) + Arg(1) + Arg(2)) + (Arg(2) + Arg(0) + Arg(1))
[25.09.2016 09:01:32,063] [main] INFO  org.jgap.gp.impl.GPGenotype  - Depths of chroms: 2 / 2
[25.09.2016 09:01:32,064] [main] INFO  org.jgap.gp.impl.GPGenotype  - Best solution fitness: 100.0
[25.09.2016 09:01:32,065] [main] INFO  org.jgap.gp.impl.GPGenotype  - Best solution: (x2 - x1) * (x2 - x1) ==> (Arg(1) + Arg(1) + Arg(2)) + (Arg(0) + Arg(1) + Arg(2)) + (Arg(2) + Arg(0) + Arg(1))
[25.09.2016 09:01:32,065] [main] INFO  org.jgap.gp.impl.GPGenotype  - Depths of chroms: 2 / 2
[25.09.2016 09:01:33,123] [main] INFO  org.jgap.gp.impl.GPGenotype  - Creating initial population
[25.09.2016 09:01:33,129] [main] INFO  org.jgap.gp.impl.GPGenotype  - Mem free: 245.5 MB
[25.09.2016 09:01:33,138] [main] INFO  org.jgap.gp.impl.GPPopulation  - Prototype program set
[25.09.2016 09:01:33,262] [main] INFO  org.jgap.gp.impl.GPGenotype  - Mem free after creating population: 245.5 MB
[25.09.2016 09:01:33,264] [main] INFO  org.jgap.gp.impl.GPGenotype  - Your configuration does not contain unused commands, this is good
[25.09.2016 09:01:33,265] [main] INFO  org.jgap.gp.impl.GPGenotype  - Evolving generation 0, memory free: 240.8 MB
[25.09.2016 09:01:33,343] [main] INFO  org.jgap.gp.impl.GPGenotype  - Best solution fitness: 100.0
[25.09.2016 09:01:33,345] [main] INFO  org.jgap.gp.impl.GPGenotype  - Best solution: (x2 - x1) * (x2 - x1) ==> (Arg(0) + Arg(0) + Arg(0)) + (Arg(2) + Arg(0) + Arg(2)) + (Arg(2) + Arg(2) + Arg(0))
[25.09.2016 09:01:33,345] [main] INFO  org.jgap.gp.impl.GPGenotype  - Depths of chroms: 2 / 2
[25.09.2016 09:01:33,346] [main] INFO  org.jgap.gp.impl.GPGenotype  - Best solution fitness: 100.0
[25.09.2016 09:01:33,347] [main] INFO  org.jgap.gp.impl.GPGenotype  - Best solution: (x2 - x1) * (x2 - x1) ==> (Arg(0) + Arg(0) + Arg(0)) + (Arg(2) + Arg(0) + Arg(2)) + (Arg(2) + Arg(2) + Arg(0))
[25.09.2016 09:01:33,347] [main] INFO  org.jgap.gp.impl.GPGenotype  - Depths of chroms: 2 / 2
[25.09.2016 09:01:34,404] [main] INFO  org.jgap.gp.impl.GPGenotype  - Creating initial population
[25.09.2016 09:01:34,410] [main] INFO  org.jgap.gp.impl.GPGenotype  - Mem free: 245.5 MB
[25.09.2016 09:01:34,419] [main] INFO  org.jgap.gp.impl.GPPopulation  - Prototype program set
[25.09.2016 09:01:34,545] [main] INFO  org.jgap.gp.impl.GPGenotype  - Mem free after creating population: 245.5 MB
[25.09.2016 09:01:34,548] [main] INFO  org.jgap.gp.impl.GPGenotype  - Your configuration does not contain unused commands, this is good
[25.09.2016 09:01:34,549] [main] INFO  org.jgap.gp.impl.GPGenotype  - Evolving generation 0, memory free: 242.0 MB
[25.09.2016 09:01:34,660] [main] INFO  org.jgap.gp.impl.GPGenotype  - Best solution fitness: 100.0
[25.09.2016 09:01:34,661] [main] INFO  org.jgap.gp.impl.GPGenotype  - Best solution: (x1 - x2) * ((x1 - x2) - (x1 * x2)) ==> Arg(1)
[25.09.2016 09:01:34,662] [main] INFO  org.jgap.gp.impl.GPGenotype  - Depths of chroms: 3 / 0
[25.09.2016 09:01:34,663] [main] INFO  org.jgap.gp.impl.GPGenotype  - Best solution fitness: 100.0
[25.09.2016 09:01:34,664] [main] INFO  org.jgap.gp.impl.GPGenotype  - Best solution: (x1 - x2) * ((x1 - x2) - (x1 * x2)) ==> Arg(1)
[25.09.2016 09:01:34,664] [main] INFO  org.jgap.gp.impl.GPGenotype  - Depths of chroms: 3 / 0
[25.09.2016 09:01:37,435] [main] INFO  org.jgap.gp.impl.GPGenotype  - Creating initial population
[25.09.2016 09:01:37,441] [main] INFO  org.jgap.gp.impl.GPGenotype  - Mem free: 245.5 MB
[25.09.2016 09:01:37,450] [main] INFO  org.jgap.gp.impl.GPPopulation  - Prototype program set
[25.09.2016 09:01:37,575] [main] INFO  org.jgap.gp.impl.GPGenotype  - Mem free after creating population: 245.5 MB
[25.09.2016 09:01:37,578] [main] INFO  org.jgap.gp.impl.GPGenotype  - Your configuration does not contain unused commands, this is good
[25.09.2016 09:01:37,579] [main] INFO  org.jgap.gp.impl.GPGenotype  - Evolving generation 0, memory free: 240.7 MB
[25.09.2016 09:01:37,662] [main] INFO  org.jgap.gp.impl.GPGenotype  - Best solution fitness: 100.0
[25.09.2016 09:01:37,663] [main] INFO  org.jgap.gp.impl.GPGenotype  - Best solution: (x2 - x1) * (x2 - x1) ==> Arg(0) + Arg(1) + Arg(1)
[25.09.2016 09:01:37,663] [main] INFO  org.jgap.gp.impl.GPGenotype  - Depths of chroms: 2 / 1
[25.09.2016 09:01:37,664] [main] INFO  org.jgap.gp.impl.GPGenotype  - Best solution fitness: 100.0
[25.09.2016 09:01:37,665] [main] INFO  org.jgap.gp.impl.GPGenotype  - Best solution: (x2 - x1) * (x2 - x1) ==> Arg(0) + Arg(1) + Arg(1)
[25.09.2016 09:01:37,665] [main] INFO  org.jgap.gp.impl.GPGenotype  - Depths of chroms: 2 / 1
