[14.09.2016 00:49:06,574] [main] INFO  org.jgap.gp.impl.GPGenotype  - Creating initial population
[14.09.2016 00:49:06,578] [main] INFO  org.jgap.gp.impl.GPGenotype  - Mem free: 245.5 MB
[14.09.2016 00:49:06,585] [main] INFO  org.jgap.gp.impl.GPPopulation  - Prototype program set
[14.09.2016 00:49:06,652] [main] INFO  org.jgap.gp.impl.GPGenotype  - Mem free after creating population: 245.5 MB
[14.09.2016 00:49:06,654] [main] INFO  org.jgap.gp.impl.GPGenotype  - Your configuration does not contain unused commands, this is good
[14.09.2016 00:49:06,655] [main] INFO  org.jgap.gp.impl.GPGenotype  - Evolving generation 0, memory free: 240.7 MB
[14.09.2016 00:49:06,781] [main] INFO  org.jgap.gp.impl.GPGenotype  - Best solution fitness: 90.93
[14.09.2016 00:49:06,783] [main] INFO  org.jgap.gp.impl.GPGenotype  - Best solution: (9 - bareNuclei) / blandChromatin ==> Arg(1)
[14.09.2016 00:49:06,783] [main] INFO  org.jgap.gp.impl.GPGenotype  - Depths of chroms: 2 / 0
[14.09.2016 00:49:06,783] [main] INFO  org.jgap.gp.impl.GPGenotype  - Evolving generation 1, memory free: 211.2 MB
[14.09.2016 00:49:06,818] [main] INFO  org.jgap.gp.impl.GPGenotype  - Evolving generation 2, memory free: 188.2 MB
[14.09.2016 00:49:06,852] [main] INFO  org.jgap.gp.impl.GPGenotype  - Evolving generation 3, memory free: 228.6 MB
[14.09.2016 00:49:06,882] [main] INFO  org.jgap.gp.impl.GPGenotype  - Best solution fitness: 93.55
[14.09.2016 00:49:06,883] [main] INFO  org.jgap.gp.impl.GPGenotype  - Best solution: ((9 - bareNuclei) / blandChromatin) / uniformityOfCellSize ==> Arg(1)
[14.09.2016 00:49:06,883] [main] INFO  org.jgap.gp.impl.GPGenotype  - Depths of chroms: 3 / 0
[14.09.2016 00:49:06,883] [main] INFO  org.jgap.gp.impl.GPGenotype  - Evolving generation 4, memory free: 204.7 MB
[14.09.2016 00:49:06,915] [main] INFO  org.jgap.gp.impl.GPGenotype  - Evolving generation 5, memory free: 182.1 MB
[14.09.2016 00:49:06,944] [main] INFO  org.jgap.gp.impl.GPGenotype  - Best solution fitness: 94.03
[14.09.2016 00:49:06,945] [main] INFO  org.jgap.gp.impl.GPGenotype  - Best solution: (9 - bareNuclei) - (normalNucleoli * bareNuclei) ==> (Arg(2) + Arg(1) + Arg(1)) + Arg(2) + (Arg(1) + Arg(1) + Arg(1))
[14.09.2016 00:49:06,945] [main] INFO  org.jgap.gp.impl.GPGenotype  - Depths of chroms: 2 / 2
[14.09.2016 00:49:06,945] [main] INFO  org.jgap.gp.impl.GPGenotype  - Evolving generation 6, memory free: 223.3 MB
[14.09.2016 00:49:06,975] [main] INFO  org.jgap.gp.impl.GPGenotype  - Best solution fitness: 94.74
[14.09.2016 00:49:06,976] [main] INFO  org.jgap.gp.impl.GPGenotype  - Best solution: (9 - bareNuclei) - (singleEpithelialCellSize * normalNucleoli) ==> (Arg(2) + Arg(2) + Arg(1)) + Arg(2) + (Arg(2) + Arg(1) + Arg(0))
[14.09.2016 00:49:06,976] [main] INFO  org.jgap.gp.impl.GPGenotype  - Depths of chroms: 2 / 2
[14.09.2016 00:49:06,976] [main] INFO  org.jgap.gp.impl.GPGenotype  - Evolving generation 7, memory free: 198.7 MB
[14.09.2016 00:49:07,007] [main] INFO  org.jgap.gp.impl.GPGenotype  - Evolving generation 8, memory free: 239.7 MB
[14.09.2016 00:49:07,037] [main] INFO  org.jgap.gp.impl.GPGenotype  - Evolving generation 9, memory free: 216.5 MB
[14.09.2016 00:49:07,069] [main] INFO  org.jgap.gp.impl.GPGenotype  - Evolving generation 10, memory free: 193.7 MB
[14.09.2016 00:49:07,101] [main] INFO  org.jgap.gp.impl.GPGenotype  - Evolving generation 11, memory free: 234.2 MB
[14.09.2016 00:49:07,132] [main] INFO  org.jgap.gp.impl.GPGenotype  - Evolving generation 12, memory free: 211.4 MB
[14.09.2016 00:49:07,163] [main] INFO  org.jgap.gp.impl.GPGenotype  - Best solution fitness: 95.46
[14.09.2016 00:49:07,164] [main] INFO  org.jgap.gp.impl.GPGenotype  - Best solution: (((clumpThickness + ((6 / bareNuclei) * 5)) / (marginalAdhesion * uniformityOfCellShape)) / (mitoses * uniformityOfCellShape)) / bareNuclei ==> Arg(2)
[14.09.2016 00:49:07,164] [main] INFO  org.jgap.gp.impl.GPGenotype  - Depths of chroms: 6 / 0
[14.09.2016 00:49:07,164] [main] INFO  org.jgap.gp.impl.GPGenotype  - Evolving generation 13, memory free: 188.6 MB
[14.09.2016 00:49:07,195] [main] INFO  org.jgap.gp.impl.GPGenotype  - Evolving generation 14, memory free: 219.2 MB
[14.09.2016 00:49:07,227] [main] INFO  org.jgap.gp.impl.GPGenotype  - Best solution fitness: 95.70
[14.09.2016 00:49:07,227] [main] INFO  org.jgap.gp.impl.GPGenotype  - Best solution: (10 + ((4 - bareNuclei) - (normalNucleoli * bareNuclei))) / (mitoses * uniformityOfCellShape) ==> Arg(2) + Arg(1) + Arg(0)
[14.09.2016 00:49:07,227] [main] INFO  org.jgap.gp.impl.GPGenotype  - Depths of chroms: 4 / 1
[14.09.2016 00:49:07,227] [main] INFO  org.jgap.gp.impl.GPGenotype  - Evolving generation 15, memory free: 195.5 MB
[14.09.2016 00:49:07,258] [main] INFO  org.jgap.gp.impl.GPGenotype  - Evolving generation 16, memory free: 171.9 MB
[14.09.2016 00:49:07,280] [main] INFO  org.jgap.gp.impl.GPGenotype  - Best solution fitness: 95.94
[14.09.2016 00:49:07,280] [main] INFO  org.jgap.gp.impl.GPGenotype  - Best solution: ((10 + ((5 - bareNuclei) - (normalNucleoli * bareNuclei))) / (mitoses * uniformityOfCellShape)) / uniformityOfCellSize ==> Arg(0)
[14.09.2016 00:49:07,280] [main] INFO  org.jgap.gp.impl.GPGenotype  - Depths of chroms: 5 / 0
[14.09.2016 00:49:07,280] [main] INFO  org.jgap.gp.impl.GPGenotype  - Evolving generation 17, memory free: 210.3 MB
[14.09.2016 00:49:07,311] [main] INFO  org.jgap.gp.impl.GPGenotype  - Evolving generation 18, memory free: 187.2 MB
[14.09.2016 00:49:07,358] [main] INFO  org.jgap.gp.impl.GPGenotype  - Evolving generation 19, memory free: 223.9 MB
[14.09.2016 00:49:07,396] [main] INFO  org.jgap.gp.impl.GPGenotype  - Evolving generation 20, memory free: 201.1 MB
[14.09.2016 00:49:07,431] [main] INFO  org.jgap.gp.impl.GPGenotype  - Best solution fitness: 96.18
[14.09.2016 00:49:07,431] [main] INFO  org.jgap.gp.impl.GPGenotype  - Best solution: ((10 + ((mitoses * uniformityOfCellShape) - (normalNucleoli * bareNuclei))) / (mitoses * uniformityOfCellShape)) / uniformityOfCellSize ==> Arg(2)
[14.09.2016 00:49:07,431] [main] INFO  org.jgap.gp.impl.GPGenotype  - Depths of chroms: 5 / 0
[14.09.2016 00:49:07,432] [main] INFO  org.jgap.gp.impl.GPGenotype  - Evolving generation 21, memory free: 177.2 MB
[14.09.2016 00:49:07,469] [main] INFO  org.jgap.gp.impl.GPGenotype  - Evolving generation 22, memory free: 213.4 MB
[14.09.2016 00:49:07,504] [main] INFO  org.jgap.gp.impl.GPGenotype  - Evolving generation 23, memory free: 189.9 MB
[14.09.2016 00:49:07,541] [main] INFO  org.jgap.gp.impl.GPGenotype  - Evolving generation 24, memory free: 225.4 MB
[14.09.2016 00:49:07,576] [main] INFO  org.jgap.gp.impl.GPGenotype  - Evolving generation 25, memory free: 202.2 MB
[14.09.2016 00:49:07,617] [main] INFO  org.jgap.gp.impl.GPGenotype  - Evolving generation 26, memory free: 179.1 MB
[14.09.2016 00:49:07,658] [main] INFO  org.jgap.gp.impl.GPGenotype  - Best solution fitness: 96.42
[14.09.2016 00:49:07,658] [main] INFO  org.jgap.gp.impl.GPGenotype  - Best solution: ((10 + ((10 + ((7 - bareNuclei) - (mitoses * uniformityOfCellShape))) - (normalNucleoli * bareNuclei))) / blandChromatin) / uniformityOfCellSize ==> Arg(2)
[14.09.2016 00:49:07,658] [main] INFO  org.jgap.gp.impl.GPGenotype  - Depths of chroms: 7 / 0
[14.09.2016 00:49:07,658] [main] INFO  org.jgap.gp.impl.GPGenotype  - Evolving generation 27, memory free: 212.9 MB
[14.09.2016 00:49:07,696] [main] INFO  org.jgap.gp.impl.GPGenotype  - Evolving generation 28, memory free: 190.1 MB
[14.09.2016 00:49:07,734] [main] INFO  org.jgap.gp.impl.GPGenotype  - Evolving generation 29, memory free: 222.3 MB
[14.09.2016 00:49:07,772] [main] INFO  org.jgap.gp.impl.GPGenotype  - Evolving generation 30, memory free: 199.9 MB
[14.09.2016 00:49:07,803] [main] INFO  org.jgap.gp.impl.GPGenotype  - Evolving generation 31, memory free: 176.4 MB
[14.09.2016 00:49:07,841] [main] INFO  org.jgap.gp.impl.GPGenotype  - Evolving generation 32, memory free: 207.9 MB
[14.09.2016 00:49:07,888] [main] INFO  org.jgap.gp.impl.GPGenotype  - Evolving generation 33, memory free: 184.8 MB
[14.09.2016 00:49:07,921] [main] INFO  org.jgap.gp.impl.GPGenotype  - Evolving generation 34, memory free: 215.8 MB
[14.09.2016 00:49:07,972] [main] INFO  org.jgap.gp.impl.GPGenotype  - Evolving generation 35, memory free: 193.1 MB
[14.09.2016 00:49:08,004] [main] INFO  org.jgap.gp.impl.GPGenotype  - Evolving generation 36, memory free: 170.4 MB
[14.09.2016 00:49:08,057] [main] INFO  org.jgap.gp.impl.GPGenotype  - Evolving generation 37, memory free: 199.9 MB
[14.09.2016 00:49:08,088] [main] INFO  org.jgap.gp.impl.GPGenotype  - Evolving generation 38, memory free: 176.6 MB
[14.09.2016 00:49:08,141] [main] INFO  org.jgap.gp.impl.GPGenotype  - Evolving generation 39, memory free: 206.5 MB
[14.09.2016 00:49:08,173] [main] INFO  org.jgap.gp.impl.GPGenotype  - Evolving generation 40, memory free: 183.6 MB
[14.09.2016 00:49:08,220] [main] INFO  org.jgap.gp.impl.GPGenotype  - Evolving generation 41, memory free: 211.9 MB
[14.09.2016 00:49:08,277] [main] INFO  org.jgap.gp.impl.GPGenotype  - Evolving generation 42, memory free: 188.5 MB
[14.09.2016 00:49:08,325] [main] INFO  org.jgap.gp.impl.GPGenotype  - Evolving generation 43, memory free: 214.8 MB
[14.09.2016 00:49:08,364] [main] INFO  org.jgap.gp.impl.GPGenotype  - Evolving generation 44, memory free: 191.8 MB
[14.09.2016 00:49:08,410] [main] INFO  org.jgap.gp.impl.GPGenotype  - Evolving generation 45, memory free: 168.8 MB
[14.09.2016 00:49:08,448] [main] INFO  org.jgap.gp.impl.GPGenotype  - Evolving generation 46, memory free: 195.1 MB
[14.09.2016 00:49:08,495] [main] INFO  org.jgap.gp.impl.GPGenotype  - Evolving generation 47, memory free: 172.5 MB
[14.09.2016 00:49:08,548] [main] INFO  org.jgap.gp.impl.GPGenotype  - Evolving generation 48, memory free: 197.3 MB
[14.09.2016 00:49:08,600] [main] INFO  org.jgap.gp.impl.GPGenotype  - Evolving generation 49, memory free: 174.3 MB
[14.09.2016 00:49:08,648] [main] INFO  org.jgap.gp.impl.GPGenotype  - Evolving generation 50, memory free: 198.4 MB
[14.09.2016 00:49:08,695] [main] INFO  org.jgap.gp.impl.GPGenotype  - Evolving generation 51, memory free: 174.9 MB
[14.09.2016 00:49:08,733] [main] INFO  org.jgap.gp.impl.GPGenotype  - Evolving generation 52, memory free: 198.9 MB
[14.09.2016 00:49:08,780] [main] INFO  org.jgap.gp.impl.GPGenotype  - Evolving generation 53, memory free: 175.6 MB
[14.09.2016 00:49:08,833] [main] INFO  org.jgap.gp.impl.GPGenotype  - Evolving generation 54, memory free: 198.4 MB
[14.09.2016 00:49:08,895] [main] INFO  org.jgap.gp.impl.GPGenotype  - Evolving generation 55, memory free: 175.5 MB
[14.09.2016 00:49:08,934] [main] INFO  org.jgap.gp.impl.GPGenotype  - Evolving generation 56, memory free: 198.0 MB
[14.09.2016 00:49:08,996] [main] INFO  org.jgap.gp.impl.GPGenotype  - Evolving generation 57, memory free: 175.1 MB
[14.09.2016 00:49:09,034] [main] INFO  org.jgap.gp.impl.GPGenotype  - Best solution fitness: 96.65
[14.09.2016 00:49:09,034] [main] INFO  org.jgap.gp.impl.GPGenotype  - Best solution: ((10 + ((10 + ((7 - bareNuclei) - normalNucleoli)) - ((mitoses * uniformityOfCellShape) * bareNuclei))) / blandChromatin) / uniformityOfCellSize ==> (Arg(1) + Arg(2) + Arg(0)) + (Arg(0) + (Arg(0) + Arg(1) + Arg(0)) + Arg(1)) + (Arg(2) + Arg(0) + Arg(0))
[14.09.2016 00:49:09,034] [main] INFO  org.jgap.gp.impl.GPGenotype  - Depths of chroms: 7 / 3
[14.09.2016 00:49:09,034] [main] INFO  org.jgap.gp.impl.GPGenotype  - Evolving generation 58, memory free: 195.7 MB
[14.09.2016 00:49:09,096] [main] INFO  org.jgap.gp.impl.GPGenotype  - Evolving generation 59, memory free: 173.2 MB
[14.09.2016 00:49:09,150] [main] INFO  org.jgap.gp.impl.GPGenotype  - Evolving generation 60, memory free: 194.4 MB
[14.09.2016 00:49:09,196] [main] INFO  org.jgap.gp.impl.GPGenotype  - Evolving generation 61, memory free: 171.2 MB
[14.09.2016 00:49:09,250] [main] INFO  org.jgap.gp.impl.GPGenotype  - Evolving generation 62, memory free: 191.3 MB
[14.09.2016 00:49:09,297] [main] INFO  org.jgap.gp.impl.GPGenotype  - Evolving generation 63, memory free: 168.4 MB
[14.09.2016 00:49:09,350] [main] INFO  org.jgap.gp.impl.GPGenotype  - Evolving generation 64, memory free: 189.2 MB
[14.09.2016 00:49:09,388] [main] INFO  org.jgap.gp.impl.GPGenotype  - Evolving generation 65, memory free: 208.6 MB
[14.09.2016 00:49:09,450] [main] INFO  org.jgap.gp.impl.GPGenotype  - Evolving generation 66, memory free: 185.4 MB
[14.09.2016 00:49:09,497] [main] INFO  org.jgap.gp.impl.GPGenotype  - Evolving generation 67, memory free: 204.6 MB
[14.09.2016 00:49:09,551] [main] INFO  org.jgap.gp.impl.GPGenotype  - Evolving generation 68, memory free: 180.8 MB
[14.09.2016 00:49:09,607] [main] INFO  org.jgap.gp.impl.GPGenotype  - Evolving generation 69, memory free: 199.5 MB
[14.09.2016 00:49:09,659] [main] INFO  org.jgap.gp.impl.GPGenotype  - Evolving generation 70, memory free: 176.0 MB
[14.09.2016 00:49:09,706] [main] INFO  org.jgap.gp.impl.GPGenotype  - Evolving generation 71, memory free: 194.2 MB
[14.09.2016 00:49:09,766] [main] INFO  org.jgap.gp.impl.GPGenotype  - Evolving generation 72, memory free: 171.8 MB
[14.09.2016 00:49:09,813] [main] INFO  org.jgap.gp.impl.GPGenotype  - Evolving generation 73, memory free: 189.6 MB
[14.09.2016 00:49:09,867] [main] INFO  org.jgap.gp.impl.GPGenotype  - Evolving generation 74, memory free: 167.5 MB
[14.09.2016 00:49:09,916] [main] INFO  org.jgap.gp.impl.GPGenotype  - Evolving generation 75, memory free: 185.2 MB
[14.09.2016 00:49:09,967] [main] INFO  org.jgap.gp.impl.GPGenotype  - Evolving generation 76, memory free: 201.7 MB
[14.09.2016 00:49:10,052] [main] INFO  org.jgap.gp.impl.GPGenotype  - Evolving generation 77, memory free: 178.5 MB
[14.09.2016 00:49:10,114] [main] INFO  org.jgap.gp.impl.GPGenotype  - Evolving generation 78, memory free: 194.6 MB
[14.09.2016 00:49:10,168] [main] INFO  org.jgap.gp.impl.GPGenotype  - Evolving generation 79, memory free: 171.7 MB
[14.09.2016 00:49:10,215] [main] INFO  org.jgap.gp.impl.GPGenotype  - Evolving generation 80, memory free: 188.0 MB
[14.09.2016 00:49:10,268] [main] INFO  org.jgap.gp.impl.GPGenotype  - Evolving generation 81, memory free: 165.4 MB
[14.09.2016 00:49:10,315] [main] INFO  org.jgap.gp.impl.GPGenotype  - Evolving generation 82, memory free: 180.7 MB
[14.09.2016 00:49:10,384] [main] INFO  org.jgap.gp.impl.GPGenotype  - Evolving generation 83, memory free: 195.3 MB
[14.09.2016 00:49:10,437] [main] INFO  org.jgap.gp.impl.GPGenotype  - Evolving generation 84, memory free: 173.3 MB
[14.09.2016 00:49:10,484] [main] INFO  org.jgap.gp.impl.GPGenotype  - Evolving generation 85, memory free: 187.0 MB
[14.09.2016 00:49:10,561] [main] INFO  org.jgap.gp.impl.GPGenotype  - Evolving generation 86, memory free: 200.8 MB
[14.09.2016 00:49:10,613] [main] INFO  org.jgap.gp.impl.GPGenotype  - Evolving generation 87, memory free: 177.8 MB
[14.09.2016 00:49:10,665] [main] INFO  org.jgap.gp.impl.GPGenotype  - Evolving generation 88, memory free: 199.7 MB
[14.09.2016 00:49:10,715] [main] INFO  org.jgap.gp.impl.GPGenotype  - Evolving generation 89, memory free: 176.9 MB
[14.09.2016 00:49:10,765] [main] INFO  org.jgap.gp.impl.GPGenotype  - Evolving generation 90, memory free: 204.9 MB
[14.09.2016 00:49:10,813] [main] INFO  org.jgap.gp.impl.GPGenotype  - Evolving generation 91, memory free: 181.7 MB
[14.09.2016 00:49:10,865] [main] INFO  org.jgap.gp.impl.GPGenotype  - Evolving generation 92, memory free: 209.0 MB
[14.09.2016 00:49:10,915] [main] INFO  org.jgap.gp.impl.GPGenotype  - Evolving generation 93, memory free: 185.8 MB
[14.09.2016 00:49:10,965] [main] INFO  org.jgap.gp.impl.GPGenotype  - Evolving generation 94, memory free: 212.4 MB
[14.09.2016 00:49:11,014] [main] INFO  org.jgap.gp.impl.GPGenotype  - Evolving generation 95, memory free: 188.6 MB
[14.09.2016 00:49:11,063] [main] INFO  org.jgap.gp.impl.GPGenotype  - Evolving generation 96, memory free: 165.7 MB
[14.09.2016 00:49:11,113] [main] INFO  org.jgap.gp.impl.GPGenotype  - Evolving generation 97, memory free: 191.4 MB
[14.09.2016 00:49:11,163] [main] INFO  org.jgap.gp.impl.GPGenotype  - Evolving generation 98, memory free: 169.1 MB
[14.09.2016 00:49:11,214] [main] INFO  org.jgap.gp.impl.GPGenotype  - Evolving generation 99, memory free: 193.0 MB
[14.09.2016 00:49:11,264] [main] INFO  org.jgap.gp.impl.GPGenotype  - Evolving generation 100, memory free: 169.3 MB
[14.09.2016 00:49:11,315] [main] INFO  org.jgap.gp.impl.GPGenotype  - Evolving generation 101, memory free: 192.3 MB
[14.09.2016 00:49:11,368] [main] INFO  org.jgap.gp.impl.GPGenotype  - Evolving generation 102, memory free: 169.0 MB
[14.09.2016 00:49:11,426] [main] INFO  org.jgap.gp.impl.GPGenotype  - Evolving generation 103, memory free: 191.5 MB
[14.09.2016 00:49:11,479] [main] INFO  org.jgap.gp.impl.GPGenotype  - Evolving generation 104, memory free: 168.5 MB
[14.09.2016 00:49:11,533] [main] INFO  org.jgap.gp.impl.GPGenotype  - Evolving generation 105, memory free: 191.3 MB
[14.09.2016 00:49:11,617] [main] INFO  org.jgap.gp.impl.GPGenotype  - Evolving generation 106, memory free: 167.6 MB
[14.09.2016 00:49:11,686] [main] INFO  org.jgap.gp.impl.GPGenotype  - Best solution fitness: 96.89
[14.09.2016 00:49:11,687] [main] INFO  org.jgap.gp.impl.GPGenotype  - Best solution: ((((10 + 3) + (5 - (mitoses * uniformityOfCellShape))) - (normalNucleoli * bareNuclei)) / blandChromatin) / uniformityOfCellShape ==> Arg(1) + Arg(2) + Arg(2)
[14.09.2016 00:49:11,687] [main] INFO  org.jgap.gp.impl.GPGenotype  - Depths of chroms: 6 / 1
[14.09.2016 00:49:11,687] [main] INFO  org.jgap.gp.impl.GPGenotype  - Evolving generation 107, memory free: 189.0 MB
[14.09.2016 00:49:11,742] [main] INFO  org.jgap.gp.impl.GPGenotype  - Evolving generation 108, memory free: 166.5 MB
[14.09.2016 00:49:11,806] [main] INFO  org.jgap.gp.impl.GPGenotype  - Evolving generation 109, memory free: 187.8 MB
[14.09.2016 00:49:11,863] [main] INFO  org.jgap.gp.impl.GPGenotype  - Evolving generation 110, memory free: 163.7 MB
[14.09.2016 00:49:11,932] [main] INFO  org.jgap.gp.impl.GPGenotype  - Evolving generation 111, memory free: 184.3 MB
[14.09.2016 00:49:11,987] [main] INFO  org.jgap.gp.impl.GPGenotype  - Evolving generation 112, memory free: 205.2 MB
[14.09.2016 00:49:12,042] [main] INFO  org.jgap.gp.impl.GPGenotype  - Evolving generation 113, memory free: 181.7 MB
[14.09.2016 00:49:12,097] [main] INFO  org.jgap.gp.impl.GPGenotype  - Evolving generation 114, memory free: 202.8 MB
[14.09.2016 00:49:12,149] [main] INFO  org.jgap.gp.impl.GPGenotype  - Evolving generation 115, memory free: 180.5 MB
[14.09.2016 00:49:12,203] [main] INFO  org.jgap.gp.impl.GPGenotype  - Evolving generation 116, memory free: 200.6 MB
[14.09.2016 00:49:12,255] [main] INFO  org.jgap.gp.impl.GPGenotype  - Evolving generation 117, memory free: 178.5 MB
[14.09.2016 00:49:12,305] [main] INFO  org.jgap.gp.impl.GPGenotype  - Evolving generation 118, memory free: 197.1 MB
[14.09.2016 00:49:12,354] [main] INFO  org.jgap.gp.impl.GPGenotype  - Evolving generation 119, memory free: 175.2 MB
[14.09.2016 00:49:12,405] [main] INFO  org.jgap.gp.impl.GPGenotype  - Evolving generation 120, memory free: 194.1 MB
[14.09.2016 00:49:12,453] [main] INFO  org.jgap.gp.impl.GPGenotype  - Evolving generation 121, memory free: 171.7 MB
[14.09.2016 00:49:12,502] [main] INFO  org.jgap.gp.impl.GPGenotype  - Evolving generation 122, memory free: 189.5 MB
[14.09.2016 00:49:12,552] [main] INFO  org.jgap.gp.impl.GPGenotype  - Evolving generation 123, memory free: 167.4 MB
[14.09.2016 00:49:12,606] [main] INFO  org.jgap.gp.impl.GPGenotype  - Evolving generation 124, memory free: 185.8 MB
[14.09.2016 00:49:12,655] [main] INFO  org.jgap.gp.impl.GPGenotype  - Evolving generation 125, memory free: 163.1 MB
[14.09.2016 00:49:12,703] [main] INFO  org.jgap.gp.impl.GPGenotype  - Evolving generation 126, memory free: 180.3 MB
[14.09.2016 00:49:12,752] [main] INFO  org.jgap.gp.impl.GPGenotype  - Evolving generation 127, memory free: 197.6 MB
[14.09.2016 00:49:12,801] [main] INFO  org.jgap.gp.impl.GPGenotype  - Evolving generation 128, memory free: 175.5 MB
[14.09.2016 00:49:12,835] [main] INFO  org.jgap.gp.impl.GPGenotype  - Evolving generation 129, memory free: 192.0 MB
[14.09.2016 00:49:12,898] [main] INFO  org.jgap.gp.impl.GPGenotype  - Evolving generation 130, memory free: 169.4 MB
[14.09.2016 00:49:12,935] [main] INFO  org.jgap.gp.impl.GPGenotype  - Evolving generation 131, memory free: 185.5 MB
[14.09.2016 00:49:12,982] [main] INFO  org.jgap.gp.impl.GPGenotype  - Evolving generation 132, memory free: 163.1 MB
[14.09.2016 00:49:13,036] [main] INFO  org.jgap.gp.impl.GPGenotype  - Evolving generation 133, memory free: 178.6 MB
[14.09.2016 00:49:13,082] [main] INFO  org.jgap.gp.impl.GPGenotype  - Evolving generation 134, memory free: 194.3 MB
[14.09.2016 00:49:13,136] [main] INFO  org.jgap.gp.impl.GPGenotype  - Evolving generation 135, memory free: 171.0 MB
[14.09.2016 00:49:13,182] [main] INFO  org.jgap.gp.impl.GPGenotype  - Evolving generation 136, memory free: 193.6 MB
[14.09.2016 00:49:13,235] [main] INFO  org.jgap.gp.impl.GPGenotype  - Evolving generation 137, memory free: 171.1 MB
[14.09.2016 00:49:13,282] [main] INFO  org.jgap.gp.impl.GPGenotype  - Evolving generation 138, memory free: 193.0 MB
[14.09.2016 00:49:13,336] [main] INFO  org.jgap.gp.impl.GPGenotype  - Evolving generation 139, memory free: 169.9 MB
[14.09.2016 00:49:13,383] [main] INFO  org.jgap.gp.impl.GPGenotype  - Evolving generation 140, memory free: 191.2 MB
[14.09.2016 00:49:13,420] [main] INFO  org.jgap.gp.impl.GPGenotype  - Evolving generation 141, memory free: 169.2 MB
[14.09.2016 00:49:13,467] [main] INFO  org.jgap.gp.impl.GPGenotype  - Evolving generation 142, memory free: 190.1 MB
[14.09.2016 00:49:13,520] [main] INFO  org.jgap.gp.impl.GPGenotype  - Evolving generation 143, memory free: 167.5 MB
[14.09.2016 00:49:13,567] [main] INFO  org.jgap.gp.impl.GPGenotype  - Evolving generation 144, memory free: 188.7 MB
[14.09.2016 00:49:13,620] [main] INFO  org.jgap.gp.impl.GPGenotype  - Evolving generation 145, memory free: 166.3 MB
[14.09.2016 00:49:13,667] [main] INFO  org.jgap.gp.impl.GPGenotype  - Evolving generation 146, memory free: 185.8 MB
[14.09.2016 00:49:13,699] [main] INFO  org.jgap.gp.impl.GPGenotype  - Evolving generation 147, memory free: 163.7 MB
[14.09.2016 00:49:13,752] [main] INFO  org.jgap.gp.impl.GPGenotype  - Evolving generation 148, memory free: 182.4 MB
[14.09.2016 00:49:13,798] [main] INFO  org.jgap.gp.impl.GPGenotype  - Evolving generation 149, memory free: 160.6 MB
[14.09.2016 00:49:13,852] [main] INFO  org.jgap.gp.impl.GPGenotype  - Evolving generation 150, memory free: 179.8 MB
[14.09.2016 00:49:13,899] [main] INFO  org.jgap.gp.impl.GPGenotype  - Evolving generation 151, memory free: 197.5 MB
[14.09.2016 00:49:13,936] [main] INFO  org.jgap.gp.impl.GPGenotype  - Evolving generation 152, memory free: 175.4 MB
[14.09.2016 00:49:13,983] [main] INFO  org.jgap.gp.impl.GPGenotype  - Evolving generation 153, memory free: 192.9 MB
[14.09.2016 00:49:14,037] [main] INFO  org.jgap.gp.impl.GPGenotype  - Evolving generation 154, memory free: 170.2 MB
[14.09.2016 00:49:14,083] [main] INFO  org.jgap.gp.impl.GPGenotype  - Evolving generation 155, memory free: 187.0 MB
[14.09.2016 00:49:14,121] [main] INFO  org.jgap.gp.impl.GPGenotype  - Evolving generation 156, memory free: 164.6 MB
[14.09.2016 00:49:14,168] [main] INFO  org.jgap.gp.impl.GPGenotype  - Evolving generation 157, memory free: 181.9 MB
[14.09.2016 00:49:14,217] [main] INFO  org.jgap.gp.impl.GPGenotype  - Evolving generation 158, memory free: 159.0 MB
[14.09.2016 00:49:14,253] [main] INFO  org.jgap.gp.impl.GPGenotype  - Evolving generation 159, memory free: 176.2 MB
[14.09.2016 00:49:14,300] [main] INFO  org.jgap.gp.impl.GPGenotype  - Evolving generation 160, memory free: 200.4 MB
[14.09.2016 00:49:14,353] [main] INFO  org.jgap.gp.impl.GPGenotype  - Evolving generation 161, memory free: 177.8 MB
[14.09.2016 00:49:14,400] [main] INFO  org.jgap.gp.impl.GPGenotype  - Evolving generation 162, memory free: 210.6 MB
[14.09.2016 00:49:14,438] [main] INFO  org.jgap.gp.impl.GPGenotype  - Evolving generation 163, memory free: 188.0 MB
[14.09.2016 00:49:14,485] [main] INFO  org.jgap.gp.impl.GPGenotype  - Evolving generation 164, memory free: 165.4 MB
[14.09.2016 00:49:14,538] [main] INFO  org.jgap.gp.impl.GPGenotype  - Evolving generation 165, memory free: 198.6 MB
[14.09.2016 00:49:14,585] [main] INFO  org.jgap.gp.impl.GPGenotype  - Evolving generation 166, memory free: 176.4 MB
[14.09.2016 00:49:14,622] [main] INFO  org.jgap.gp.impl.GPGenotype  - Evolving generation 167, memory free: 208.8 MB
[14.09.2016 00:49:14,669] [main] INFO  org.jgap.gp.impl.GPGenotype  - Evolving generation 168, memory free: 185.9 MB
[14.09.2016 00:49:14,722] [main] INFO  org.jgap.gp.impl.GPGenotype  - Evolving generation 169, memory free: 164.1 MB
[14.09.2016 00:49:14,769] [main] INFO  org.jgap.gp.impl.GPGenotype  - Evolving generation 170, memory free: 194.8 MB
[14.09.2016 00:49:14,822] [main] INFO  org.jgap.gp.impl.GPGenotype  - Evolving generation 171, memory free: 172.3 MB
[14.09.2016 00:49:14,869] [main] INFO  org.jgap.gp.impl.GPGenotype  - Evolving generation 172, memory free: 201.7 MB
[14.09.2016 00:49:14,919] [main] INFO  org.jgap.gp.impl.GPGenotype  - Evolving generation 173, memory free: 179.6 MB
[14.09.2016 00:49:14,969] [main] INFO  org.jgap.gp.impl.GPGenotype  - Evolving generation 174, memory free: 156.5 MB
[14.09.2016 00:49:15,018] [main] INFO  org.jgap.gp.impl.GPGenotype  - Evolving generation 175, memory free: 185.9 MB
[14.09.2016 00:49:15,069] [main] INFO  org.jgap.gp.impl.GPGenotype  - Evolving generation 176, memory free: 163.3 MB
[14.09.2016 00:49:15,122] [main] INFO  org.jgap.gp.impl.GPGenotype  - Evolving generation 177, memory free: 190.8 MB
[14.09.2016 00:49:15,169] [main] INFO  org.jgap.gp.impl.GPGenotype  - Evolving generation 178, memory free: 168.5 MB
[14.09.2016 00:49:15,223] [main] INFO  org.jgap.gp.impl.GPGenotype  - Evolving generation 179, memory free: 195.8 MB
[14.09.2016 00:49:15,270] [main] INFO  org.jgap.gp.impl.GPGenotype  - Evolving generation 180, memory free: 173.0 MB
[14.09.2016 00:49:15,323] [main] INFO  org.jgap.gp.impl.GPGenotype  - Evolving generation 181, memory free: 198.9 MB
[14.09.2016 00:49:15,370] [main] INFO  org.jgap.gp.impl.GPGenotype  - Evolving generation 182, memory free: 176.6 MB
[14.09.2016 00:49:15,423] [main] INFO  org.jgap.gp.impl.GPGenotype  - Evolving generation 183, memory free: 201.8 MB
[14.09.2016 00:49:15,454] [main] INFO  org.jgap.gp.impl.GPGenotype  - Evolving generation 184, memory free: 179.9 MB
[14.09.2016 00:49:15,501] [main] INFO  org.jgap.gp.impl.GPGenotype  - Evolving generation 185, memory free: 157.1 MB
[14.09.2016 00:49:15,554] [main] INFO  org.jgap.gp.impl.GPGenotype  - Evolving generation 186, memory free: 181.1 MB
[14.09.2016 00:49:15,604] [main] INFO  org.jgap.gp.impl.GPGenotype  - Evolving generation 187, memory free: 158.7 MB
[14.09.2016 00:49:15,654] [main] INFO  org.jgap.gp.impl.GPGenotype  - Evolving generation 188, memory free: 181.6 MB
[14.09.2016 00:49:15,701] [main] INFO  org.jgap.gp.impl.GPGenotype  - Evolving generation 189, memory free: 159.5 MB
[14.09.2016 00:49:15,754] [main] INFO  org.jgap.gp.impl.GPGenotype  - Evolving generation 190, memory free: 182.0 MB
[14.09.2016 00:49:15,801] [main] INFO  org.jgap.gp.impl.GPGenotype  - Evolving generation 191, memory free: 160.2 MB
[14.09.2016 00:49:15,839] [main] INFO  org.jgap.gp.impl.GPGenotype  - Evolving generation 192, memory free: 183.4 MB
[14.09.2016 00:49:15,902] [main] INFO  org.jgap.gp.impl.GPGenotype  - Evolving generation 193, memory free: 160.9 MB
[14.09.2016 00:49:15,939] [main] INFO  org.jgap.gp.impl.GPGenotype  - Evolving generation 194, memory free: 182.6 MB
[14.09.2016 00:49:15,997] [main] INFO  org.jgap.gp.impl.GPGenotype  - Evolving generation 195, memory free: 160.3 MB
[14.09.2016 00:49:16,049] [main] INFO  org.jgap.gp.impl.GPGenotype  - Evolving generation 196, memory free: 182.3 MB
[14.09.2016 00:49:16,100] [main] INFO  org.jgap.gp.impl.GPGenotype  - Evolving generation 197, memory free: 159.4 MB
[14.09.2016 00:49:16,151] [main] INFO  org.jgap.gp.impl.GPGenotype  - Evolving generation 198, memory free: 180.2 MB
[14.09.2016 00:49:16,200] [main] INFO  org.jgap.gp.impl.GPGenotype  - Evolving generation 199, memory free: 158.4 MB
[14.09.2016 00:49:16,250] [main] INFO  org.jgap.gp.impl.GPGenotype  - Evolving generation 200, memory free: 178.1 MB
[14.09.2016 00:49:16,300] [main] INFO  org.jgap.gp.impl.GPGenotype  - Evolving generation 201, memory free: 155.7 MB
[14.09.2016 00:49:16,350] [main] INFO  org.jgap.gp.impl.GPGenotype  - Evolving generation 202, memory free: 175.6 MB
[14.09.2016 00:49:16,400] [main] INFO  org.jgap.gp.impl.GPGenotype  - Evolving generation 203, memory free: 195.7 MB
[14.09.2016 00:49:16,448] [main] INFO  org.jgap.gp.impl.GPGenotype  - Evolving generation 204, memory free: 173.8 MB
[14.09.2016 00:49:16,500] [main] INFO  org.jgap.gp.impl.GPGenotype  - Evolving generation 205, memory free: 192.5 MB
[14.09.2016 00:49:16,550] [main] INFO  org.jgap.gp.impl.GPGenotype  - Evolving generation 206, memory free: 170.1 MB
[14.09.2016 00:49:16,602] [main] INFO  org.jgap.gp.impl.GPGenotype  - Evolving generation 207, memory free: 188.3 MB
[14.09.2016 00:49:16,654] [main] INFO  org.jgap.gp.impl.GPGenotype  - Evolving generation 208, memory free: 166.1 MB
[14.09.2016 00:49:16,704] [main] INFO  org.jgap.gp.impl.GPGenotype  - Evolving generation 209, memory free: 183.4 MB
[14.09.2016 00:49:16,755] [main] INFO  org.jgap.gp.impl.GPGenotype  - Evolving generation 210, memory free: 161.5 MB
[14.09.2016 00:49:16,803] [main] INFO  org.jgap.gp.impl.GPGenotype  - Evolving generation 211, memory free: 179.6 MB
[14.09.2016 00:49:16,839] [main] INFO  org.jgap.gp.impl.GPGenotype  - Evolving generation 212, memory free: 157.2 MB
[14.09.2016 00:49:16,900] [main] INFO  org.jgap.gp.impl.GPGenotype  - Evolving generation 213, memory free: 174.0 MB
[14.09.2016 00:49:16,952] [main] INFO  org.jgap.gp.impl.GPGenotype  - Evolving generation 214, memory free: 190.8 MB
[14.09.2016 00:49:17,003] [main] INFO  org.jgap.gp.impl.GPGenotype  - Evolving generation 215, memory free: 168.2 MB
[14.09.2016 00:49:17,053] [main] INFO  org.jgap.gp.impl.GPGenotype  - Evolving generation 216, memory free: 192.4 MB
[14.09.2016 00:49:17,103] [main] INFO  org.jgap.gp.impl.GPGenotype  - Evolving generation 217, memory free: 169.8 MB
[14.09.2016 00:49:17,154] [main] INFO  org.jgap.gp.impl.GPGenotype  - Evolving generation 218, memory free: 194.0 MB
[14.09.2016 00:49:17,204] [main] INFO  org.jgap.gp.impl.GPGenotype  - Evolving generation 219, memory free: 171.6 MB
[14.09.2016 00:49:17,257] [main] INFO  org.jgap.gp.impl.GPGenotype  - Evolving generation 220, memory free: 195.2 MB
[14.09.2016 00:49:17,309] [main] INFO  org.jgap.gp.impl.GPGenotype  - Evolving generation 221, memory free: 173.1 MB
[14.09.2016 00:49:17,360] [main] INFO  org.jgap.gp.impl.GPGenotype  - Evolving generation 222, memory free: 195.6 MB
[14.09.2016 00:49:17,408] [main] INFO  org.jgap.gp.impl.GPGenotype  - Evolving generation 223, memory free: 173.7 MB
[14.09.2016 00:49:17,459] [main] INFO  org.jgap.gp.impl.GPGenotype  - Evolving generation 224, memory free: 195.9 MB
[14.09.2016 00:49:17,508] [main] INFO  org.jgap.gp.impl.GPGenotype  - Evolving generation 225, memory free: 173.4 MB
[14.09.2016 00:49:17,560] [main] INFO  org.jgap.gp.impl.GPGenotype  - Evolving generation 226, memory free: 195.3 MB
[14.09.2016 00:49:17,612] [main] INFO  org.jgap.gp.impl.GPGenotype  - Evolving generation 227, memory free: 173.1 MB
[14.09.2016 00:49:17,665] [main] INFO  org.jgap.gp.impl.GPGenotype  - Evolving generation 228, memory free: 194.7 MB
[14.09.2016 00:49:17,719] [main] INFO  org.jgap.gp.impl.GPGenotype  - Evolving generation 229, memory free: 172.6 MB
[14.09.2016 00:49:17,780] [main] INFO  org.jgap.gp.impl.GPGenotype  - Evolving generation 230, memory free: 193.7 MB
[14.09.2016 00:49:17,833] [main] INFO  org.jgap.gp.impl.GPGenotype  - Evolving generation 231, memory free: 171.1 MB
[14.09.2016 00:49:17,883] [main] INFO  org.jgap.gp.impl.GPGenotype  - Evolving generation 232, memory free: 190.9 MB
[14.09.2016 00:49:17,930] [main] INFO  org.jgap.gp.impl.GPGenotype  - Evolving generation 233, memory free: 168.5 MB
[14.09.2016 00:49:17,982] [main] INFO  org.jgap.gp.impl.GPGenotype  - Evolving generation 234, memory free: 188.6 MB
[14.09.2016 00:49:18,032] [main] INFO  org.jgap.gp.impl.GPGenotype  - Evolving generation 235, memory free: 165.7 MB
[14.09.2016 00:49:18,083] [main] INFO  org.jgap.gp.impl.GPGenotype  - Evolving generation 236, memory free: 184.9 MB
[14.09.2016 00:49:18,140] [main] INFO  org.jgap.gp.impl.GPGenotype  - Evolving generation 237, memory free: 162.2 MB
[14.09.2016 00:49:18,191] [main] INFO  org.jgap.gp.impl.GPGenotype  - Evolving generation 238, memory free: 181.7 MB
[14.09.2016 00:49:18,240] [main] INFO  org.jgap.gp.impl.GPGenotype  - Evolving generation 239, memory free: 159.2 MB
[14.09.2016 00:49:18,290] [main] INFO  org.jgap.gp.impl.GPGenotype  - Evolving generation 240, memory free: 177.5 MB
[14.09.2016 00:49:18,339] [main] INFO  org.jgap.gp.impl.GPGenotype  - Evolving generation 241, memory free: 155.3 MB
[14.09.2016 00:49:18,390] [main] INFO  org.jgap.gp.impl.GPGenotype  - Evolving generation 242, memory free: 173.4 MB
[14.09.2016 00:49:18,441] [main] INFO  org.jgap.gp.impl.GPGenotype  - Evolving generation 243, memory free: 190.2 MB
[14.09.2016 00:49:18,490] [main] INFO  org.jgap.gp.impl.GPGenotype  - Evolving generation 244, memory free: 167.8 MB
[14.09.2016 00:49:18,538] [main] INFO  org.jgap.gp.impl.GPGenotype  - Evolving generation 245, memory free: 184.9 MB
[14.09.2016 00:49:18,588] [main] INFO  org.jgap.gp.impl.GPGenotype  - Evolving generation 246, memory free: 161.9 MB
[14.09.2016 00:49:18,639] [main] INFO  org.jgap.gp.impl.GPGenotype  - Evolving generation 247, memory free: 178.3 MB
[14.09.2016 00:49:18,689] [main] INFO  org.jgap.gp.impl.GPGenotype  - Evolving generation 248, memory free: 155.7 MB
[14.09.2016 00:49:18,741] [main] INFO  org.jgap.gp.impl.GPGenotype  - Evolving generation 249, memory free: 171.9 MB
[14.09.2016 00:49:18,794] [main] INFO  org.jgap.gp.impl.GPGenotype  - Evolving generation 250, memory free: 187.5 MB
[14.09.2016 00:49:18,844] [main] INFO  org.jgap.gp.impl.GPGenotype  - Evolving generation 251, memory free: 165.5 MB
[14.09.2016 00:49:18,896] [main] INFO  org.jgap.gp.impl.GPGenotype  - Evolving generation 252, memory free: 179.9 MB
[14.09.2016 00:49:18,947] [main] INFO  org.jgap.gp.impl.GPGenotype  - Evolving generation 253, memory free: 157.4 MB
[14.09.2016 00:49:18,998] [main] INFO  org.jgap.gp.impl.GPGenotype  - Evolving generation 254, memory free: 171.8 MB
[14.09.2016 00:49:19,047] [main] INFO  org.jgap.gp.impl.GPGenotype  - Evolving generation 255, memory free: 149.6 MB
[14.09.2016 00:49:19,098] [main] INFO  org.jgap.gp.impl.GPGenotype  - Evolving generation 256, memory free: 164.8 MB
[14.09.2016 00:49:19,149] [main] INFO  org.jgap.gp.impl.GPGenotype  - Evolving generation 257, memory free: 177.4 MB
[14.09.2016 00:49:19,201] [main] INFO  org.jgap.gp.impl.GPGenotype  - Evolving generation 258, memory free: 154.3 MB
[14.09.2016 00:49:19,252] [main] INFO  org.jgap.gp.impl.GPGenotype  - Evolving generation 259, memory free: 167.4 MB
[14.09.2016 00:49:19,305] [main] INFO  org.jgap.gp.impl.GPGenotype  - Evolving generation 260, memory free: 179.7 MB
[14.09.2016 00:49:19,354] [main] INFO  org.jgap.gp.impl.GPGenotype  - Evolving generation 261, memory free: 157.3 MB
[14.09.2016 00:49:19,406] [main] INFO  org.jgap.gp.impl.GPGenotype  - Evolving generation 262, memory free: 169.3 MB
[14.09.2016 00:49:19,458] [main] INFO  org.jgap.gp.impl.GPGenotype  - Evolving generation 263, memory free: 180.5 MB
[14.09.2016 00:49:19,509] [main] INFO  org.jgap.gp.impl.GPGenotype  - Evolving generation 264, memory free: 158.7 MB
[14.09.2016 00:49:19,562] [main] INFO  org.jgap.gp.impl.GPGenotype  - Evolving generation 265, memory free: 177.6 MB
[14.09.2016 00:49:19,619] [main] INFO  org.jgap.gp.impl.GPGenotype  - Evolving generation 266, memory free: 154.6 MB
[14.09.2016 00:49:19,672] [main] INFO  org.jgap.gp.impl.GPGenotype  - Evolving generation 267, memory free: 172.5 MB
[14.09.2016 00:49:19,729] [main] INFO  org.jgap.gp.impl.GPGenotype  - Evolving generation 268, memory free: 149.8 MB
[14.09.2016 00:49:19,793] [main] INFO  org.jgap.gp.impl.GPGenotype  - Evolving generation 269, memory free: 167.3 MB
[14.09.2016 00:49:19,860] [main] INFO  org.jgap.gp.impl.GPGenotype  - Evolving generation 270, memory free: 184.4 MB
[14.09.2016 00:49:19,913] [main] INFO  org.jgap.gp.impl.GPGenotype  - Evolving generation 271, memory free: 162.3 MB
[14.09.2016 00:49:19,969] [main] INFO  org.jgap.gp.impl.GPGenotype  - Evolving generation 272, memory free: 178.1 MB
[14.09.2016 00:49:20,017] [main] INFO  org.jgap.gp.impl.GPGenotype  - Evolving generation 273, memory free: 155.5 MB
[14.09.2016 00:49:20,070] [main] INFO  org.jgap.gp.impl.GPGenotype  - Evolving generation 274, memory free: 171.1 MB
[14.09.2016 00:49:20,120] [main] INFO  org.jgap.gp.impl.GPGenotype  - Evolving generation 275, memory free: 148.8 MB
[14.09.2016 00:49:20,172] [main] INFO  org.jgap.gp.impl.GPGenotype  - Evolving generation 276, memory free: 164.9 MB
[14.09.2016 00:49:20,222] [main] INFO  org.jgap.gp.impl.GPGenotype  - Evolving generation 277, memory free: 180.3 MB
[14.09.2016 00:49:20,279] [main] INFO  org.jgap.gp.impl.GPGenotype  - Evolving generation 278, memory free: 157.8 MB
[14.09.2016 00:49:20,331] [main] INFO  org.jgap.gp.impl.GPGenotype  - Evolving generation 279, memory free: 172.2 MB
[14.09.2016 00:49:20,392] [main] INFO  org.jgap.gp.impl.GPGenotype  - Evolving generation 280, memory free: 150.0 MB
[14.09.2016 00:49:20,445] [main] INFO  org.jgap.gp.impl.GPGenotype  - Evolving generation 281, memory free: 164.1 MB
[14.09.2016 00:49:20,497] [main] INFO  org.jgap.gp.impl.GPGenotype  - Evolving generation 282, memory free: 178.3 MB
[14.09.2016 00:49:20,552] [main] INFO  org.jgap.gp.impl.GPGenotype  - Evolving generation 283, memory free: 156.0 MB
[14.09.2016 00:49:20,609] [main] INFO  org.jgap.gp.impl.GPGenotype  - Evolving generation 284, memory free: 169.2 MB
[14.09.2016 00:49:20,668] [main] INFO  org.jgap.gp.impl.GPGenotype  - Evolving generation 285, memory free: 147.2 MB
[14.09.2016 00:49:20,725] [main] INFO  org.jgap.gp.impl.GPGenotype  - Evolving generation 286, memory free: 159.7 MB
[14.09.2016 00:49:20,782] [main] INFO  org.jgap.gp.impl.GPGenotype  - Evolving generation 287, memory free: 171.2 MB
[14.09.2016 00:49:20,840] [main] INFO  org.jgap.gp.impl.GPGenotype  - Evolving generation 288, memory free: 149.1 MB
[14.09.2016 00:49:20,895] [main] INFO  org.jgap.gp.impl.GPGenotype  - Evolving generation 289, memory free: 160.5 MB
[14.09.2016 00:49:20,955] [main] INFO  org.jgap.gp.impl.GPGenotype  - Evolving generation 290, memory free: 171.2 MB
[14.09.2016 00:49:21,007] [main] INFO  org.jgap.gp.impl.GPGenotype  - Evolving generation 291, memory free: 148.5 MB
[14.09.2016 00:49:21,066] [main] INFO  org.jgap.gp.impl.GPGenotype  - Evolving generation 292, memory free: 159.3 MB
[14.09.2016 00:49:21,117] [main] INFO  org.jgap.gp.impl.GPGenotype  - Evolving generation 293, memory free: 169.1 MB
[14.09.2016 00:49:21,173] [main] INFO  org.jgap.gp.impl.GPGenotype  - Evolving generation 294, memory free: 146.9 MB
[14.09.2016 00:49:21,227] [main] INFO  org.jgap.gp.impl.GPGenotype  - Evolving generation 295, memory free: 156.2 MB
[14.09.2016 00:49:21,278] [main] INFO  org.jgap.gp.impl.GPGenotype  - Evolving generation 296, memory free: 165.2 MB
[14.09.2016 00:49:21,333] [main] INFO  org.jgap.gp.impl.GPGenotype  - Evolving generation 297, memory free: 172.4 MB
[14.09.2016 00:49:21,401] [main] INFO  org.jgap.gp.impl.GPGenotype  - Evolving generation 298, memory free: 150.1 MB
[14.09.2016 00:49:21,454] [main] INFO  org.jgap.gp.impl.GPGenotype  - Evolving generation 299, memory free: 158.3 MB
[14.09.2016 00:49:21,505] [main] INFO  org.jgap.gp.impl.GPGenotype  - Evolving generation 300, memory free: 165.7 MB
[14.09.2016 00:49:21,554] [main] INFO  org.jgap.gp.impl.GPGenotype  - Evolving generation 301, memory free: 143.8 MB
[14.09.2016 00:49:21,606] [main] INFO  org.jgap.gp.impl.GPGenotype  - Evolving generation 302, memory free: 151.0 MB
[14.09.2016 00:49:21,658] [main] INFO  org.jgap.gp.impl.GPGenotype  - Evolving generation 303, memory free: 160.2 MB
[14.09.2016 00:49:21,710] [main] INFO  org.jgap.gp.impl.GPGenotype  - Evolving generation 304, memory free: 171.7 MB
[14.09.2016 00:49:21,760] [main] INFO  org.jgap.gp.impl.GPGenotype  - Evolving generation 305, memory free: 148.9 MB
[14.09.2016 00:49:21,815] [main] INFO  org.jgap.gp.impl.GPGenotype  - Evolving generation 306, memory free: 160.3 MB
[14.09.2016 00:49:21,868] [main] INFO  org.jgap.gp.impl.GPGenotype  - Evolving generation 307, memory free: 171.3 MB
[14.09.2016 00:49:21,920] [main] INFO  org.jgap.gp.impl.GPGenotype  - Evolving generation 308, memory free: 149.2 MB
[14.09.2016 00:49:21,970] [main] INFO  org.jgap.gp.impl.GPGenotype  - Evolving generation 309, memory free: 159.4 MB
[14.09.2016 00:49:22,021] [main] INFO  org.jgap.gp.impl.GPGenotype  - Evolving generation 310, memory free: 169.4 MB
[14.09.2016 00:49:22,070] [main] INFO  org.jgap.gp.impl.GPGenotype  - Evolving generation 311, memory free: 147.3 MB
[14.09.2016 00:49:22,118] [main] INFO  org.jgap.gp.impl.GPGenotype  - Evolving generation 312, memory free: 156.6 MB
[14.09.2016 00:49:22,167] [main] INFO  org.jgap.gp.impl.GPGenotype  - Evolving generation 313, memory free: 167.0 MB
[14.09.2016 00:49:22,217] [main] INFO  org.jgap.gp.impl.GPGenotype  - Evolving generation 314, memory free: 144.8 MB
[14.09.2016 00:49:22,268] [main] INFO  org.jgap.gp.impl.GPGenotype  - Evolving generation 315, memory free: 154.3 MB
[14.09.2016 00:49:22,318] [main] INFO  org.jgap.gp.impl.GPGenotype  - Evolving generation 316, memory free: 163.2 MB
[14.09.2016 00:49:22,369] [main] INFO  org.jgap.gp.impl.GPGenotype  - Evolving generation 317, memory free: 141.4 MB
[14.09.2016 00:49:22,422] [main] INFO  org.jgap.gp.impl.GPGenotype  - Evolving generation 318, memory free: 151.5 MB
[14.09.2016 00:49:22,471] [main] INFO  org.jgap.gp.impl.GPGenotype  - Evolving generation 319, memory free: 167.4 MB
[14.09.2016 00:49:22,522] [main] INFO  org.jgap.gp.impl.GPGenotype  - Evolving generation 320, memory free: 145.1 MB
[14.09.2016 00:49:22,574] [main] INFO  org.jgap.gp.impl.GPGenotype  - Evolving generation 321, memory free: 160.6 MB
[14.09.2016 00:49:22,624] [main] INFO  org.jgap.gp.impl.GPGenotype  - Evolving generation 322, memory free: 139.1 MB
[14.09.2016 00:49:22,674] [main] INFO  org.jgap.gp.impl.GPGenotype  - Evolving generation 323, memory free: 154.4 MB
[14.09.2016 00:49:22,725] [main] INFO  org.jgap.gp.impl.GPGenotype  - Evolving generation 324, memory free: 177.5 MB
[14.09.2016 00:49:22,775] [main] INFO  org.jgap.gp.impl.GPGenotype  - Evolving generation 325, memory free: 154.5 MB
[14.09.2016 00:49:22,825] [main] INFO  org.jgap.gp.impl.GPGenotype  - Evolving generation 326, memory free: 178.6 MB
[14.09.2016 00:49:22,874] [main] INFO  org.jgap.gp.impl.GPGenotype  - Evolving generation 327, memory free: 156.6 MB
[14.09.2016 00:49:22,924] [main] INFO  org.jgap.gp.impl.GPGenotype  - Evolving generation 328, memory free: 179.4 MB
[14.09.2016 00:49:22,973] [main] INFO  org.jgap.gp.impl.GPGenotype  - Evolving generation 329, memory free: 157.3 MB
[14.09.2016 00:49:23,023] [main] INFO  org.jgap.gp.impl.GPGenotype  - Evolving generation 330, memory free: 190.1 MB
[14.09.2016 00:49:23,072] [main] INFO  org.jgap.gp.impl.GPGenotype  - Evolving generation 331, memory free: 167.9 MB
[14.09.2016 00:49:23,121] [main] INFO  org.jgap.gp.impl.GPGenotype  - Evolving generation 332, memory free: 145.7 MB
[14.09.2016 00:49:23,172] [main] INFO  org.jgap.gp.impl.GPGenotype  - Evolving generation 333, memory free: 176.4 MB
[14.09.2016 00:49:23,220] [main] INFO  org.jgap.gp.impl.GPGenotype  - Evolving generation 334, memory free: 154.6 MB
[14.09.2016 00:49:23,271] [main] INFO  org.jgap.gp.impl.GPGenotype  - Evolving generation 335, memory free: 185.3 MB
[14.09.2016 00:49:23,318] [main] INFO  org.jgap.gp.impl.GPGenotype  - Evolving generation 336, memory free: 162.9 MB
[14.09.2016 00:49:23,365] [main] INFO  org.jgap.gp.impl.GPGenotype  - Evolving generation 337, memory free: 141.4 MB
[14.09.2016 00:49:23,413] [main] INFO  org.jgap.gp.impl.GPGenotype  - Evolving generation 338, memory free: 171.7 MB
[14.09.2016 00:49:23,461] [main] INFO  org.jgap.gp.impl.GPGenotype  - Evolving generation 339, memory free: 148.6 MB
[14.09.2016 00:49:23,510] [main] INFO  org.jgap.gp.impl.GPGenotype  - Evolving generation 340, memory free: 177.9 MB
[14.09.2016 00:49:23,557] [main] INFO  org.jgap.gp.impl.GPGenotype  - Evolving generation 341, memory free: 155.3 MB
[14.09.2016 00:49:23,605] [main] INFO  org.jgap.gp.impl.GPGenotype  - Evolving generation 342, memory free: 184.2 MB
[14.09.2016 00:49:23,654] [main] INFO  org.jgap.gp.impl.GPGenotype  - Evolving generation 343, memory free: 162.0 MB
[14.09.2016 00:49:23,701] [main] INFO  org.jgap.gp.impl.GPGenotype  - Evolving generation 344, memory free: 139.8 MB
[14.09.2016 00:49:23,751] [main] INFO  org.jgap.gp.impl.GPGenotype  - Evolving generation 345, memory free: 166.2 MB
[14.09.2016 00:49:23,801] [main] INFO  org.jgap.gp.impl.GPGenotype  - Evolving generation 346, memory free: 144.4 MB
[14.09.2016 00:49:23,853] [main] INFO  org.jgap.gp.impl.GPGenotype  - Evolving generation 347, memory free: 170.3 MB
[14.09.2016 00:49:23,903] [main] INFO  org.jgap.gp.impl.GPGenotype  - Evolving generation 348, memory free: 148.0 MB
[14.09.2016 00:49:23,954] [main] INFO  org.jgap.gp.impl.GPGenotype  - Evolving generation 349, memory free: 173.2 MB
[14.09.2016 00:49:24,002] [main] INFO  org.jgap.gp.impl.GPGenotype  - Evolving generation 350, memory free: 150.4 MB
[14.09.2016 00:49:24,050] [main] INFO  org.jgap.gp.impl.GPGenotype  - Evolving generation 351, memory free: 174.1 MB
[14.09.2016 00:49:24,099] [main] INFO  org.jgap.gp.impl.GPGenotype  - Evolving generation 352, memory free: 151.8 MB
[14.09.2016 00:49:24,150] [main] INFO  org.jgap.gp.impl.GPGenotype  - Evolving generation 353, memory free: 174.8 MB
[14.09.2016 00:49:24,199] [main] INFO  org.jgap.gp.impl.GPGenotype  - Evolving generation 354, memory free: 152.7 MB
[14.09.2016 00:49:24,248] [main] INFO  org.jgap.gp.impl.GPGenotype  - Evolving generation 355, memory free: 175.9 MB
[14.09.2016 00:49:24,296] [main] INFO  org.jgap.gp.impl.GPGenotype  - Evolving generation 356, memory free: 154.1 MB
[14.09.2016 00:49:24,347] [main] INFO  org.jgap.gp.impl.GPGenotype  - Evolving generation 357, memory free: 176.3 MB
[14.09.2016 00:49:24,395] [main] INFO  org.jgap.gp.impl.GPGenotype  - Evolving generation 358, memory free: 153.8 MB
[14.09.2016 00:49:24,444] [main] INFO  org.jgap.gp.impl.GPGenotype  - Evolving generation 359, memory free: 175.7 MB
[14.09.2016 00:49:24,492] [main] INFO  org.jgap.gp.impl.GPGenotype  - Evolving generation 360, memory free: 153.4 MB
[14.09.2016 00:49:24,541] [main] INFO  org.jgap.gp.impl.GPGenotype  - Evolving generation 361, memory free: 175.1 MB
[14.09.2016 00:49:24,590] [main] INFO  org.jgap.gp.impl.GPGenotype  - Evolving generation 362, memory free: 153.1 MB
[14.09.2016 00:49:24,640] [main] INFO  org.jgap.gp.impl.GPGenotype  - Evolving generation 363, memory free: 173.7 MB
[14.09.2016 00:49:24,688] [main] INFO  org.jgap.gp.impl.GPGenotype  - Evolving generation 364, memory free: 151.1 MB
[14.09.2016 00:49:24,738] [main] INFO  org.jgap.gp.impl.GPGenotype  - Evolving generation 365, memory free: 171.5 MB
[14.09.2016 00:49:24,793] [main] INFO  org.jgap.gp.impl.GPGenotype  - Evolving generation 366, memory free: 149.1 MB
[14.09.2016 00:49:24,844] [main] INFO  org.jgap.gp.impl.GPGenotype  - Evolving generation 367, memory free: 168.9 MB
[14.09.2016 00:49:24,895] [main] INFO  org.jgap.gp.impl.GPGenotype  - Evolving generation 368, memory free: 145.9 MB
[14.09.2016 00:49:24,946] [main] INFO  org.jgap.gp.impl.GPGenotype  - Evolving generation 369, memory free: 165.9 MB
[14.09.2016 00:49:24,996] [main] INFO  org.jgap.gp.impl.GPGenotype  - Evolving generation 370, memory free: 143.2 MB
[14.09.2016 00:49:25,047] [main] INFO  org.jgap.gp.impl.GPGenotype  - Evolving generation 371, memory free: 161.2 MB
[14.09.2016 00:49:25,099] [main] INFO  org.jgap.gp.impl.GPGenotype  - Evolving generation 372, memory free: 139.6 MB
[14.09.2016 00:49:25,152] [main] INFO  org.jgap.gp.impl.GPGenotype  - Evolving generation 373, memory free: 157.4 MB
[14.09.2016 00:49:25,200] [main] INFO  org.jgap.gp.impl.GPGenotype  - Evolving generation 374, memory free: 135.3 MB
[14.09.2016 00:49:25,252] [main] INFO  org.jgap.gp.impl.GPGenotype  - Evolving generation 375, memory free: 152.9 MB
[14.09.2016 00:49:25,304] [main] INFO  org.jgap.gp.impl.GPGenotype  - Evolving generation 376, memory free: 170.3 MB
[14.09.2016 00:49:25,355] [main] INFO  org.jgap.gp.impl.GPGenotype  - Evolving generation 377, memory free: 147.9 MB
[14.09.2016 00:49:25,405] [main] INFO  org.jgap.gp.impl.GPGenotype  - Evolving generation 378, memory free: 165.4 MB
[14.09.2016 00:49:25,457] [main] INFO  org.jgap.gp.impl.GPGenotype  - Evolving generation 379, memory free: 142.5 MB
[14.09.2016 00:49:25,509] [main] INFO  org.jgap.gp.impl.GPGenotype  - Evolving generation 380, memory free: 159.5 MB
[14.09.2016 00:49:25,556] [main] INFO  org.jgap.gp.impl.GPGenotype  - Evolving generation 381, memory free: 136.9 MB
[14.09.2016 00:49:25,607] [main] INFO  org.jgap.gp.impl.GPGenotype  - Evolving generation 382, memory free: 152.9 MB
[14.09.2016 00:49:25,659] [main] INFO  org.jgap.gp.impl.GPGenotype  - Evolving generation 383, memory free: 167.8 MB
[14.09.2016 00:49:25,709] [main] INFO  org.jgap.gp.impl.GPGenotype  - Evolving generation 384, memory free: 145.8 MB
[14.09.2016 00:49:25,759] [main] INFO  org.jgap.gp.impl.GPGenotype  - Evolving generation 385, memory free: 161.1 MB
[14.09.2016 00:49:25,808] [main] INFO  org.jgap.gp.impl.GPGenotype  - Evolving generation 386, memory free: 138.6 MB
[14.09.2016 00:49:25,861] [main] INFO  org.jgap.gp.impl.GPGenotype  - Evolving generation 387, memory free: 153.1 MB
[14.09.2016 00:49:25,912] [main] INFO  org.jgap.gp.impl.GPGenotype  - Evolving generation 388, memory free: 167.4 MB
[14.09.2016 00:49:25,960] [main] INFO  org.jgap.gp.impl.GPGenotype  - Evolving generation 389, memory free: 144.8 MB
[14.09.2016 00:49:26,011] [main] INFO  org.jgap.gp.impl.GPGenotype  - Evolving generation 390, memory free: 158.0 MB
[14.09.2016 00:49:26,057] [main] INFO  org.jgap.gp.impl.GPGenotype  - Evolving generation 391, memory free: 135.7 MB
[14.09.2016 00:49:26,111] [main] INFO  org.jgap.gp.impl.GPGenotype  - Evolving generation 392, memory free: 148.8 MB
[14.09.2016 00:49:26,161] [main] INFO  org.jgap.gp.impl.GPGenotype  - Evolving generation 393, memory free: 167.1 MB
[14.09.2016 00:49:26,209] [main] INFO  org.jgap.gp.impl.GPGenotype  - Evolving generation 394, memory free: 144.7 MB
[14.09.2016 00:49:26,257] [main] INFO  org.jgap.gp.impl.GPGenotype  - Evolving generation 395, memory free: 163.0 MB
[14.09.2016 00:49:26,307] [main] INFO  org.jgap.gp.impl.GPGenotype  - Evolving generation 396, memory free: 140.1 MB
[14.09.2016 00:49:26,356] [main] INFO  org.jgap.gp.impl.GPGenotype  - Evolving generation 397, memory free: 158.5 MB
[14.09.2016 00:49:26,410] [main] INFO  org.jgap.gp.impl.GPGenotype  - Evolving generation 398, memory free: 135.8 MB
[14.09.2016 00:49:26,461] [main] INFO  org.jgap.gp.impl.GPGenotype  - Evolving generation 399, memory free: 153.2 MB
[14.09.2016 00:49:26,511] [main] INFO  org.jgap.gp.impl.GPGenotype  - Evolving generation 400, memory free: 170.3 MB
[14.09.2016 00:49:26,561] [main] INFO  org.jgap.gp.impl.GPGenotype  - Evolving generation 401, memory free: 148.1 MB
[14.09.2016 00:49:26,611] [main] INFO  org.jgap.gp.impl.GPGenotype  - Evolving generation 402, memory free: 165.0 MB
[14.09.2016 00:49:26,661] [main] INFO  org.jgap.gp.impl.GPGenotype  - Evolving generation 403, memory free: 142.4 MB
[14.09.2016 00:49:26,712] [main] INFO  org.jgap.gp.impl.GPGenotype  - Evolving generation 404, memory free: 158.2 MB
[14.09.2016 00:49:26,761] [main] INFO  org.jgap.gp.impl.GPGenotype  - Evolving generation 405, memory free: 136.6 MB
[14.09.2016 00:49:26,812] [main] INFO  org.jgap.gp.impl.GPGenotype  - Evolving generation 406, memory free: 151.6 MB
[14.09.2016 00:49:26,863] [main] INFO  org.jgap.gp.impl.GPGenotype  - Evolving generation 407, memory free: 167.1 MB
[14.09.2016 00:49:26,916] [main] INFO  org.jgap.gp.impl.GPGenotype  - Evolving generation 408, memory free: 144.6 MB
[14.09.2016 00:49:26,963] [main] INFO  org.jgap.gp.impl.GPGenotype  - Evolving generation 409, memory free: 158.8 MB
[14.09.2016 00:49:27,010] [main] INFO  org.jgap.gp.impl.GPGenotype  - Evolving generation 410, memory free: 136.6 MB
[14.09.2016 00:49:27,059] [main] INFO  org.jgap.gp.impl.GPGenotype  - Evolving generation 411, memory free: 150.4 MB
[14.09.2016 00:49:27,109] [main] INFO  org.jgap.gp.impl.GPGenotype  - Evolving generation 412, memory free: 163.7 MB
[14.09.2016 00:49:27,160] [main] INFO  org.jgap.gp.impl.GPGenotype  - Evolving generation 413, memory free: 141.4 MB
[14.09.2016 00:49:27,211] [main] INFO  org.jgap.gp.impl.GPGenotype  - Evolving generation 414, memory free: 154.5 MB
[14.09.2016 00:49:27,261] [main] INFO  org.jgap.gp.impl.GPGenotype  - Evolving generation 415, memory free: 132.4 MB
[14.09.2016 00:49:27,312] [main] INFO  org.jgap.gp.impl.GPGenotype  - Evolving generation 416, memory free: 145.0 MB
[14.09.2016 00:49:27,363] [main] INFO  org.jgap.gp.impl.GPGenotype  - Evolving generation 417, memory free: 156.7 MB
[14.09.2016 00:49:27,414] [main] INFO  org.jgap.gp.impl.GPGenotype  - Evolving generation 418, memory free: 133.9 MB
[14.09.2016 00:49:27,464] [main] INFO  org.jgap.gp.impl.GPGenotype  - Evolving generation 419, memory free: 145.8 MB
[14.09.2016 00:49:27,517] [main] INFO  org.jgap.gp.impl.GPGenotype  - Evolving generation 420, memory free: 157.3 MB
[14.09.2016 00:49:27,569] [main] INFO  org.jgap.gp.impl.GPGenotype  - Evolving generation 421, memory free: 134.2 MB
[14.09.2016 00:49:27,623] [main] INFO  org.jgap.gp.impl.GPGenotype  - Evolving generation 422, memory free: 145.5 MB
[14.09.2016 00:49:27,674] [main] INFO  org.jgap.gp.impl.GPGenotype  - Evolving generation 423, memory free: 164.3 MB
[14.09.2016 00:49:27,724] [main] INFO  org.jgap.gp.impl.GPGenotype  - Evolving generation 424, memory free: 142.2 MB
[14.09.2016 00:49:27,776] [main] INFO  org.jgap.gp.impl.GPGenotype  - Evolving generation 425, memory free: 159.0 MB
[14.09.2016 00:49:27,827] [main] INFO  org.jgap.gp.impl.GPGenotype  - Evolving generation 426, memory free: 136.4 MB
[14.09.2016 00:49:27,878] [main] INFO  org.jgap.gp.impl.GPGenotype  - Evolving generation 427, memory free: 154.6 MB
[14.09.2016 00:49:27,929] [main] INFO  org.jgap.gp.impl.GPGenotype  - Evolving generation 428, memory free: 131.4 MB
[14.09.2016 00:49:27,980] [main] INFO  org.jgap.gp.impl.GPGenotype  - Evolving generation 429, memory free: 148.6 MB
[14.09.2016 00:49:28,030] [main] INFO  org.jgap.gp.impl.GPGenotype  - Evolving generation 430, memory free: 165.4 MB
[14.09.2016 00:49:28,081] [main] INFO  org.jgap.gp.impl.GPGenotype  - Evolving generation 431, memory free: 142.8 MB
[14.09.2016 00:49:28,134] [main] INFO  org.jgap.gp.impl.GPGenotype  - Evolving generation 432, memory free: 159.2 MB
[14.09.2016 00:49:28,185] [main] INFO  org.jgap.gp.impl.GPGenotype  - Evolving generation 433, memory free: 137.3 MB
[14.09.2016 00:49:28,238] [main] INFO  org.jgap.gp.impl.GPGenotype  - Evolving generation 434, memory free: 161.9 MB
[14.09.2016 00:49:28,292] [main] INFO  org.jgap.gp.impl.GPGenotype  - Evolving generation 435, memory free: 139.3 MB
[14.09.2016 00:49:28,345] [main] INFO  org.jgap.gp.impl.GPGenotype  - Evolving generation 436, memory free: 162.7 MB
[14.09.2016 00:49:28,394] [main] INFO  org.jgap.gp.impl.GPGenotype  - Evolving generation 437, memory free: 140.4 MB
[14.09.2016 00:49:28,447] [main] INFO  org.jgap.gp.impl.GPGenotype  - Evolving generation 438, memory free: 163.0 MB
[14.09.2016 00:49:28,495] [main] INFO  org.jgap.gp.impl.GPGenotype  - Evolving generation 439, memory free: 140.9 MB
[14.09.2016 00:49:28,546] [main] INFO  org.jgap.gp.impl.GPGenotype  - Evolving generation 440, memory free: 164.2 MB
[14.09.2016 00:49:28,597] [main] INFO  org.jgap.gp.impl.GPGenotype  - Evolving generation 441, memory free: 142.3 MB
[14.09.2016 00:49:28,648] [main] INFO  org.jgap.gp.impl.GPGenotype  - Evolving generation 442, memory free: 164.9 MB
[14.09.2016 00:49:28,699] [main] INFO  org.jgap.gp.impl.GPGenotype  - Evolving generation 443, memory free: 142.4 MB
[14.09.2016 00:49:28,758] [main] INFO  org.jgap.gp.impl.GPGenotype  - Evolving generation 444, memory free: 164.4 MB
[14.09.2016 00:49:28,821] [main] INFO  org.jgap.gp.impl.GPGenotype  - Evolving generation 445, memory free: 143.0 MB
[14.09.2016 00:49:28,874] [main] INFO  org.jgap.gp.impl.GPGenotype  - Evolving generation 446, memory free: 162.9 MB
[14.09.2016 00:49:28,925] [main] INFO  org.jgap.gp.impl.GPGenotype  - Evolving generation 447, memory free: 140.9 MB
[14.09.2016 00:49:28,983] [main] INFO  org.jgap.gp.impl.GPGenotype  - Evolving generation 448, memory free: 162.0 MB
[14.09.2016 00:49:29,035] [main] INFO  org.jgap.gp.impl.GPGenotype  - Evolving generation 449, memory free: 140.2 MB
[14.09.2016 00:49:29,090] [main] INFO  org.jgap.gp.impl.GPGenotype  - Evolving generation 450, memory free: 160.1 MB
[14.09.2016 00:49:29,143] [main] INFO  org.jgap.gp.impl.GPGenotype  - Evolving generation 451, memory free: 137.7 MB
[14.09.2016 00:49:29,198] [main] INFO  org.jgap.gp.impl.GPGenotype  - Evolving generation 452, memory free: 158.0 MB
[14.09.2016 00:49:29,251] [main] INFO  org.jgap.gp.impl.GPGenotype  - Evolving generation 453, memory free: 135.9 MB
[14.09.2016 00:49:29,305] [main] INFO  org.jgap.gp.impl.GPGenotype  - Evolving generation 454, memory free: 155.8 MB
[14.09.2016 00:49:29,358] [main] INFO  org.jgap.gp.impl.GPGenotype  - Evolving generation 455, memory free: 133.1 MB
[14.09.2016 00:49:29,412] [main] INFO  org.jgap.gp.impl.GPGenotype  - Evolving generation 456, memory free: 152.1 MB
[14.09.2016 00:49:29,463] [main] INFO  org.jgap.gp.impl.GPGenotype  - Evolving generation 457, memory free: 129.7 MB
[14.09.2016 00:49:29,519] [main] INFO  org.jgap.gp.impl.GPGenotype  - Evolving generation 458, memory free: 148.4 MB
[14.09.2016 00:49:29,572] [main] INFO  org.jgap.gp.impl.GPGenotype  - Evolving generation 459, memory free: 126.3 MB
[14.09.2016 00:49:29,624] [main] INFO  org.jgap.gp.impl.GPGenotype  - Evolving generation 460, memory free: 144.8 MB
[14.09.2016 00:49:29,677] [main] INFO  org.jgap.gp.impl.GPGenotype  - Evolving generation 461, memory free: 162.1 MB
[14.09.2016 00:49:29,731] [main] INFO  org.jgap.gp.impl.GPGenotype  - Evolving generation 462, memory free: 139.7 MB
[14.09.2016 00:49:29,784] [main] INFO  org.jgap.gp.impl.GPGenotype  - Evolving generation 463, memory free: 156.8 MB
[14.09.2016 00:49:29,838] [main] INFO  org.jgap.gp.impl.GPGenotype  - Evolving generation 464, memory free: 133.9 MB
[14.09.2016 00:49:29,894] [main] INFO  org.jgap.gp.impl.GPGenotype  - Evolving generation 465, memory free: 150.6 MB
[14.09.2016 00:49:29,948] [main] INFO  org.jgap.gp.impl.GPGenotype  - Evolving generation 466, memory free: 128.0 MB
[14.09.2016 00:49:30,003] [main] INFO  org.jgap.gp.impl.GPGenotype  - Evolving generation 467, memory free: 144.0 MB
[14.09.2016 00:49:30,057] [main] INFO  org.jgap.gp.impl.GPGenotype  - Evolving generation 468, memory free: 159.6 MB
[14.09.2016 00:49:30,109] [main] INFO  org.jgap.gp.impl.GPGenotype  - Evolving generation 469, memory free: 137.6 MB
[14.09.2016 00:49:30,163] [main] INFO  org.jgap.gp.impl.GPGenotype  - Evolving generation 470, memory free: 152.1 MB
[14.09.2016 00:49:30,215] [main] INFO  org.jgap.gp.impl.GPGenotype  - Evolving generation 471, memory free: 129.6 MB
[14.09.2016 00:49:30,267] [main] INFO  org.jgap.gp.impl.GPGenotype  - Evolving generation 472, memory free: 144.3 MB
[14.09.2016 00:49:30,318] [main] INFO  org.jgap.gp.impl.GPGenotype  - Evolving generation 473, memory free: 158.6 MB
[14.09.2016 00:49:30,372] [main] INFO  org.jgap.gp.impl.GPGenotype  - Evolving generation 474, memory free: 136.7 MB
[14.09.2016 00:49:30,424] [main] INFO  org.jgap.gp.impl.GPGenotype  - Evolving generation 475, memory free: 149.2 MB
[14.09.2016 00:49:30,474] [main] INFO  org.jgap.gp.impl.GPGenotype  - Evolving generation 476, memory free: 126.8 MB
[14.09.2016 00:49:30,524] [main] INFO  org.jgap.gp.impl.GPGenotype  - Evolving generation 477, memory free: 140.2 MB
[14.09.2016 00:49:30,575] [main] INFO  org.jgap.gp.impl.GPGenotype  - Evolving generation 478, memory free: 152.5 MB
[14.09.2016 00:49:30,627] [main] INFO  org.jgap.gp.impl.GPGenotype  - Evolving generation 479, memory free: 130.1 MB
[14.09.2016 00:49:30,677] [main] INFO  org.jgap.gp.impl.GPGenotype  - Evolving generation 480, memory free: 141.6 MB
[14.09.2016 00:49:30,726] [main] INFO  org.jgap.gp.impl.GPGenotype  - Evolving generation 481, memory free: 153.4 MB
[14.09.2016 00:49:30,775] [main] INFO  org.jgap.gp.impl.GPGenotype  - Evolving generation 482, memory free: 131.0 MB
[14.09.2016 00:49:30,824] [main] INFO  org.jgap.gp.impl.GPGenotype  - Evolving generation 483, memory free: 142.1 MB
[14.09.2016 00:49:30,874] [main] INFO  org.jgap.gp.impl.GPGenotype  - Evolving generation 484, memory free: 152.2 MB
[14.09.2016 00:49:30,924] [main] INFO  org.jgap.gp.impl.GPGenotype  - Evolving generation 485, memory free: 129.8 MB
[14.09.2016 00:49:30,978] [main] INFO  org.jgap.gp.impl.GPGenotype  - Evolving generation 486, memory free: 140.4 MB
[14.09.2016 00:49:31,030] [main] INFO  org.jgap.gp.impl.GPGenotype  - Evolving generation 487, memory free: 152.3 MB
[14.09.2016 00:49:31,083] [main] INFO  org.jgap.gp.impl.GPGenotype  - Evolving generation 488, memory free: 129.2 MB
[14.09.2016 00:49:31,136] [main] INFO  org.jgap.gp.impl.GPGenotype  - Evolving generation 489, memory free: 141.3 MB
[14.09.2016 00:49:31,188] [main] INFO  org.jgap.gp.impl.GPGenotype  - Evolving generation 490, memory free: 153.0 MB
[14.09.2016 00:49:31,237] [main] INFO  org.jgap.gp.impl.GPGenotype  - Evolving generation 491, memory free: 130.6 MB
[14.09.2016 00:49:31,286] [main] INFO  org.jgap.gp.impl.GPGenotype  - Evolving generation 492, memory free: 143.7 MB
[14.09.2016 00:49:31,336] [main] INFO  org.jgap.gp.impl.GPGenotype  - Evolving generation 493, memory free: 154.5 MB
[14.09.2016 00:49:31,386] [main] INFO  org.jgap.gp.impl.GPGenotype  - Evolving generation 494, memory free: 132.0 MB
[14.09.2016 00:49:31,439] [main] INFO  org.jgap.gp.impl.GPGenotype  - Evolving generation 495, memory free: 144.7 MB
[14.09.2016 00:49:31,489] [main] INFO  org.jgap.gp.impl.GPGenotype  - Evolving generation 496, memory free: 122.6 MB
[14.09.2016 00:49:31,541] [main] INFO  org.jgap.gp.impl.GPGenotype  - Evolving generation 497, memory free: 140.7 MB
[14.09.2016 00:49:31,595] [main] INFO  org.jgap.gp.impl.GPGenotype  - Evolving generation 498, memory free: 159.5 MB
[14.09.2016 00:49:31,646] [main] INFO  org.jgap.gp.impl.GPGenotype  - Evolving generation 499, memory free: 136.5 MB
[14.09.2016 00:49:31,703] [main] INFO  org.jgap.gp.impl.GPGenotype  - Evolving generation 500, memory free: 163.4 MB
[14.09.2016 00:49:31,756] [main] INFO  org.jgap.gp.impl.GPGenotype  - Evolving generation 501, memory free: 140.8 MB
[14.09.2016 00:49:31,810] [main] INFO  org.jgap.gp.impl.GPGenotype  - Evolving generation 502, memory free: 167.4 MB
[14.09.2016 00:49:31,863] [main] INFO  org.jgap.gp.impl.GPGenotype  - Evolving generation 503, memory free: 144.4 MB
[14.09.2016 00:49:31,924] [main] INFO  org.jgap.gp.impl.GPGenotype  - Evolving generation 504, memory free: 122.3 MB
[14.09.2016 00:49:31,978] [main] INFO  org.jgap.gp.impl.GPGenotype  - Evolving generation 505, memory free: 146.6 MB
[14.09.2016 00:49:32,031] [main] INFO  org.jgap.gp.impl.GPGenotype  - Evolving generation 506, memory free: 124.1 MB
[14.09.2016 00:49:32,079] [main] INFO  org.jgap.gp.impl.GPGenotype  - Evolving generation 507, memory free: 148.5 MB
[14.09.2016 00:49:32,126] [main] INFO  org.jgap.gp.impl.GPGenotype  - Evolving generation 508, memory free: 126.2 MB
[14.09.2016 00:49:32,175] [main] INFO  org.jgap.gp.impl.GPGenotype  - Evolving generation 509, memory free: 149.4 MB
[14.09.2016 00:49:32,223] [main] INFO  org.jgap.gp.impl.GPGenotype  - Evolving generation 510, memory free: 127.3 MB
[14.09.2016 00:49:32,275] [main] INFO  org.jgap.gp.impl.GPGenotype  - Evolving generation 511, memory free: 149.9 MB
[14.09.2016 00:49:32,326] [main] INFO  org.jgap.gp.impl.GPGenotype  - Evolving generation 512, memory free: 127.1 MB
[14.09.2016 00:49:32,377] [main] INFO  org.jgap.gp.impl.GPGenotype  - Evolving generation 513, memory free: 149.0 MB
[14.09.2016 00:49:32,428] [main] INFO  org.jgap.gp.impl.GPGenotype  - Evolving generation 514, memory free: 127.4 MB
[14.09.2016 00:49:32,481] [main] INFO  org.jgap.gp.impl.GPGenotype  - Evolving generation 515, memory free: 148.7 MB
[14.09.2016 00:49:32,533] [main] INFO  org.jgap.gp.impl.GPGenotype  - Evolving generation 516, memory free: 127.3 MB
[14.09.2016 00:49:32,585] [main] INFO  org.jgap.gp.impl.GPGenotype  - Evolving generation 517, memory free: 148.3 MB
[14.09.2016 00:49:32,636] [main] INFO  org.jgap.gp.impl.GPGenotype  - Evolving generation 518, memory free: 126.3 MB
[14.09.2016 00:49:32,687] [main] INFO  org.jgap.gp.impl.GPGenotype  - Evolving generation 519, memory free: 146.9 MB
[14.09.2016 00:49:32,736] [main] INFO  org.jgap.gp.impl.GPGenotype  - Evolving generation 520, memory free: 124.3 MB
[14.09.2016 00:49:32,786] [main] INFO  org.jgap.gp.impl.GPGenotype  - Evolving generation 521, memory free: 144.4 MB
[14.09.2016 00:49:32,834] [main] INFO  org.jgap.gp.impl.GPGenotype  - Evolving generation 522, memory free: 122.1 MB
[14.09.2016 00:49:32,883] [main] INFO  org.jgap.gp.impl.GPGenotype  - Evolving generation 523, memory free: 142.6 MB
[14.09.2016 00:49:32,933] [main] INFO  org.jgap.gp.impl.GPGenotype  - Evolving generation 524, memory free: 120.5 MB
[14.09.2016 00:49:32,981] [main] INFO  org.jgap.gp.impl.GPGenotype  - Evolving generation 525, memory free: 140.6 MB
[14.09.2016 00:49:33,030] [main] INFO  org.jgap.gp.impl.GPGenotype  - Evolving generation 526, memory free: 159.3 MB
[14.09.2016 00:49:33,077] [main] INFO  org.jgap.gp.impl.GPGenotype  - Evolving generation 527, memory free: 136.8 MB
[14.09.2016 00:49:33,126] [main] INFO  org.jgap.gp.impl.GPGenotype  - Evolving generation 528, memory free: 155.0 MB
[14.09.2016 00:49:33,176] [main] INFO  org.jgap.gp.impl.GPGenotype  - Evolving generation 529, memory free: 132.0 MB
[14.09.2016 00:49:33,226] [main] INFO  org.jgap.gp.impl.GPGenotype  - Evolving generation 530, memory free: 150.5 MB
[14.09.2016 00:49:33,274] [main] INFO  org.jgap.gp.impl.GPGenotype  - Evolving generation 531, memory free: 127.8 MB
[14.09.2016 00:49:33,323] [main] INFO  org.jgap.gp.impl.GPGenotype  - Evolving generation 532, memory free: 145.2 MB
[14.09.2016 00:49:33,370] [main] INFO  org.jgap.gp.impl.GPGenotype  - Evolving generation 533, memory free: 122.8 MB
[14.09.2016 00:49:33,419] [main] INFO  org.jgap.gp.impl.GPGenotype  - Evolving generation 534, memory free: 140.0 MB
[14.09.2016 00:49:33,466] [main] INFO  org.jgap.gp.impl.GPGenotype  - Evolving generation 535, memory free: 156.5 MB
[14.09.2016 00:49:33,514] [main] INFO  org.jgap.gp.impl.GPGenotype  - Evolving generation 536, memory free: 133.9 MB
[14.09.2016 00:49:33,563] [main] INFO  org.jgap.gp.impl.GPGenotype  - Evolving generation 537, memory free: 158.1 MB
[14.09.2016 00:49:33,611] [main] INFO  org.jgap.gp.impl.GPGenotype  - Evolving generation 538, memory free: 135.8 MB
[14.09.2016 00:49:33,658] [main] INFO  org.jgap.gp.impl.GPGenotype  - Evolving generation 539, memory free: 161.0 MB
[14.09.2016 00:49:33,705] [main] INFO  org.jgap.gp.impl.GPGenotype  - Evolving generation 540, memory free: 138.5 MB
[14.09.2016 00:49:33,751] [main] INFO  org.jgap.gp.impl.GPGenotype  - Evolving generation 541, memory free: 162.7 MB
[14.09.2016 00:49:33,797] [main] INFO  org.jgap.gp.impl.GPGenotype  - Evolving generation 542, memory free: 140.4 MB
[14.09.2016 00:49:33,843] [main] INFO  org.jgap.gp.impl.GPGenotype  - Evolving generation 543, memory free: 118.1 MB
[14.09.2016 00:49:33,892] [main] INFO  org.jgap.gp.impl.GPGenotype  - Evolving generation 544, memory free: 141.0 MB
[14.09.2016 00:49:33,939] [main] INFO  org.jgap.gp.impl.GPGenotype  - Evolving generation 545, memory free: 118.9 MB
[14.09.2016 00:49:33,987] [main] INFO  org.jgap.gp.impl.GPGenotype  - Evolving generation 546, memory free: 142.4 MB
[14.09.2016 00:49:34,034] [main] INFO  org.jgap.gp.impl.GPGenotype  - Evolving generation 547, memory free: 119.7 MB
[14.09.2016 00:49:34,087] [main] INFO  org.jgap.gp.impl.GPGenotype  - Evolving generation 548, memory free: 142.9 MB
[14.09.2016 00:49:34,136] [main] INFO  org.jgap.gp.impl.GPGenotype  - Evolving generation 549, memory free: 120.4 MB
[14.09.2016 00:49:34,189] [main] INFO  org.jgap.gp.impl.GPGenotype  - Evolving generation 550, memory free: 142.5 MB
[14.09.2016 00:49:34,239] [main] INFO  org.jgap.gp.impl.GPGenotype  - Evolving generation 551, memory free: 120.3 MB
[14.09.2016 00:49:34,288] [main] INFO  org.jgap.gp.impl.GPGenotype  - Evolving generation 552, memory free: 141.7 MB
[14.09.2016 00:49:34,340] [main] INFO  org.jgap.gp.impl.GPGenotype  - Evolving generation 553, memory free: 118.8 MB
[14.09.2016 00:49:34,419] [main] INFO  org.jgap.gp.impl.GPGenotype  - Evolving generation 554, memory free: 140.7 MB
[14.09.2016 00:49:34,473] [main] INFO  org.jgap.gp.impl.GPGenotype  - Evolving generation 555, memory free: 118.1 MB
[14.09.2016 00:49:34,526] [main] INFO  org.jgap.gp.impl.GPGenotype  - Evolving generation 556, memory free: 137.7 MB
[14.09.2016 00:49:34,586] [main] INFO  org.jgap.gp.impl.GPGenotype  - Evolving generation 557, memory free: 158.7 MB
[14.09.2016 00:49:34,636] [main] INFO  org.jgap.gp.impl.GPGenotype  - Evolving generation 558, memory free: 136.6 MB
[14.09.2016 00:49:34,687] [main] INFO  org.jgap.gp.impl.GPGenotype  - Evolving generation 559, memory free: 155.1 MB
[14.09.2016 00:49:34,740] [main] INFO  org.jgap.gp.impl.GPGenotype  - Evolving generation 560, memory free: 133.3 MB
[14.09.2016 00:49:34,798] [main] INFO  org.jgap.gp.impl.GPGenotype  - Evolving generation 561, memory free: 152.3 MB
[14.09.2016 00:49:34,850] [main] INFO  org.jgap.gp.impl.GPGenotype  - Evolving generation 562, memory free: 129.9 MB
[14.09.2016 00:49:34,909] [main] INFO  org.jgap.gp.impl.GPGenotype  - Evolving generation 563, memory free: 148.3 MB
[14.09.2016 00:49:34,961] [main] INFO  org.jgap.gp.impl.GPGenotype  - Evolving generation 564, memory free: 126.1 MB
[14.09.2016 00:49:35,015] [main] INFO  org.jgap.gp.impl.GPGenotype  - Evolving generation 565, memory free: 143.8 MB
[14.09.2016 00:49:35,067] [main] INFO  org.jgap.gp.impl.GPGenotype  - Evolving generation 566, memory free: 121.9 MB
[14.09.2016 00:49:35,121] [main] INFO  org.jgap.gp.impl.GPGenotype  - Evolving generation 567, memory free: 138.9 MB
[14.09.2016 00:49:35,176] [main] INFO  org.jgap.gp.impl.GPGenotype  - Evolving generation 568, memory free: 116.5 MB
[14.09.2016 00:49:35,230] [main] INFO  org.jgap.gp.impl.GPGenotype  - Evolving generation 569, memory free: 134.0 MB
[14.09.2016 00:49:35,283] [main] INFO  org.jgap.gp.impl.GPGenotype  - Evolving generation 570, memory free: 150.1 MB
[14.09.2016 00:49:35,333] [main] INFO  org.jgap.gp.impl.GPGenotype  - Evolving generation 571, memory free: 127.5 MB
[14.09.2016 00:49:35,384] [main] INFO  org.jgap.gp.impl.GPGenotype  - Evolving generation 572, memory free: 143.2 MB
[14.09.2016 00:49:35,437] [main] INFO  org.jgap.gp.impl.GPGenotype  - Evolving generation 573, memory free: 120.9 MB
[14.09.2016 00:49:35,492] [main] INFO  org.jgap.gp.impl.GPGenotype  - Evolving generation 574, memory free: 136.2 MB
[14.09.2016 00:49:35,549] [main] INFO  org.jgap.gp.impl.GPGenotype  - Evolving generation 575, memory free: 151.2 MB
[14.09.2016 00:49:35,601] [main] INFO  org.jgap.gp.impl.GPGenotype  - Evolving generation 576, memory free: 129.4 MB
[14.09.2016 00:49:35,656] [main] INFO  org.jgap.gp.impl.GPGenotype  - Evolving generation 577, memory free: 143.6 MB
[14.09.2016 00:49:35,715] [main] INFO  org.jgap.gp.impl.GPGenotype  - Evolving generation 578, memory free: 121.4 MB
[14.09.2016 00:49:35,768] [main] INFO  org.jgap.gp.impl.GPGenotype  - Evolving generation 579, memory free: 135.9 MB
[14.09.2016 00:49:35,821] [main] INFO  org.jgap.gp.impl.GPGenotype  - Evolving generation 580, memory free: 149.5 MB
[14.09.2016 00:49:35,871] [main] INFO  org.jgap.gp.impl.GPGenotype  - Evolving generation 581, memory free: 127.2 MB
[14.09.2016 00:49:35,927] [main] INFO  org.jgap.gp.impl.GPGenotype  - Evolving generation 582, memory free: 148.2 MB
[14.09.2016 00:49:35,976] [main] INFO  org.jgap.gp.impl.GPGenotype  - Evolving generation 583, memory free: 126.4 MB
[14.09.2016 00:49:36,027] [main] INFO  org.jgap.gp.impl.GPGenotype  - Evolving generation 584, memory free: 147.1 MB
[14.09.2016 00:49:36,077] [main] INFO  org.jgap.gp.impl.GPGenotype  - Evolving generation 585, memory free: 124.5 MB
[14.09.2016 00:49:36,130] [main] INFO  org.jgap.gp.impl.GPGenotype  - Evolving generation 586, memory free: 144.9 MB
[14.09.2016 00:49:36,184] [main] INFO  org.jgap.gp.impl.GPGenotype  - Evolving generation 587, memory free: 122.5 MB
[14.09.2016 00:49:36,239] [main] INFO  org.jgap.gp.impl.GPGenotype  - Evolving generation 588, memory free: 141.5 MB
[14.09.2016 00:49:36,292] [main] INFO  org.jgap.gp.impl.GPGenotype  - Evolving generation 589, memory free: 119.4 MB
[14.09.2016 00:49:36,347] [main] INFO  org.jgap.gp.impl.GPGenotype  - Evolving generation 590, memory free: 139.6 MB
[14.09.2016 00:49:36,398] [main] INFO  org.jgap.gp.impl.GPGenotype  - Evolving generation 591, memory free: 116.9 MB
[14.09.2016 00:49:36,452] [main] INFO  org.jgap.gp.impl.GPGenotype  - Evolving generation 592, memory free: 135.8 MB
[14.09.2016 00:49:36,502] [main] INFO  org.jgap.gp.impl.GPGenotype  - Evolving generation 593, memory free: 113.4 MB
[14.09.2016 00:49:36,552] [main] INFO  org.jgap.gp.impl.GPGenotype  - Evolving generation 594, memory free: 132.2 MB
[14.09.2016 00:49:36,604] [main] INFO  org.jgap.gp.impl.GPGenotype  - Evolving generation 595, memory free: 150.0 MB
[14.09.2016 00:49:36,656] [main] INFO  org.jgap.gp.impl.GPGenotype  - Evolving generation 596, memory free: 128.1 MB
[14.09.2016 00:49:36,712] [main] INFO  org.jgap.gp.impl.GPGenotype  - Evolving generation 597, memory free: 145.4 MB
[14.09.2016 00:49:36,762] [main] INFO  org.jgap.gp.impl.GPGenotype  - Evolving generation 598, memory free: 123.0 MB
[14.09.2016 00:49:36,817] [main] INFO  org.jgap.gp.impl.GPGenotype  - Evolving generation 599, memory free: 140.2 MB
[14.09.2016 00:49:36,869] [main] INFO  org.jgap.gp.impl.GPGenotype  - Evolving generation 600, memory free: 118.1 MB
[14.09.2016 00:49:36,920] [main] INFO  org.jgap.gp.impl.GPGenotype  - Evolving generation 601, memory free: 134.3 MB
[14.09.2016 00:49:36,973] [main] INFO  org.jgap.gp.impl.GPGenotype  - Evolving generation 602, memory free: 150.2 MB
[14.09.2016 00:49:37,031] [main] INFO  org.jgap.gp.impl.GPGenotype  - Evolving generation 603, memory free: 127.9 MB
[14.09.2016 00:49:37,085] [main] INFO  org.jgap.gp.impl.GPGenotype  - Evolving generation 604, memory free: 146.4 MB
[14.09.2016 00:49:37,141] [main] INFO  org.jgap.gp.impl.GPGenotype  - Evolving generation 605, memory free: 123.7 MB
[14.09.2016 00:49:37,191] [main] INFO  org.jgap.gp.impl.GPGenotype  - Evolving generation 606, memory free: 140.7 MB
[14.09.2016 00:49:37,244] [main] INFO  org.jgap.gp.impl.GPGenotype  - Evolving generation 607, memory free: 118.4 MB
[14.09.2016 00:49:37,301] [main] INFO  org.jgap.gp.impl.GPGenotype  - Evolving generation 608, memory free: 135.6 MB
[14.09.2016 00:49:37,357] [main] INFO  org.jgap.gp.impl.GPGenotype  - Evolving generation 609, memory free: 112.7 MB
[14.09.2016 00:49:37,409] [main] INFO  org.jgap.gp.impl.GPGenotype  - Evolving generation 610, memory free: 129.7 MB
[14.09.2016 00:49:37,462] [main] INFO  org.jgap.gp.impl.GPGenotype  - Evolving generation 611, memory free: 145.5 MB
[14.09.2016 00:49:37,511] [main] INFO  org.jgap.gp.impl.GPGenotype  - Evolving generation 612, memory free: 123.2 MB
[14.09.2016 00:49:37,566] [main] INFO  org.jgap.gp.impl.GPGenotype  - Evolving generation 613, memory free: 138.8 MB
[14.09.2016 00:49:37,620] [main] INFO  org.jgap.gp.impl.GPGenotype  - Evolving generation 614, memory free: 116.7 MB
[14.09.2016 00:49:37,674] [main] INFO  org.jgap.gp.impl.GPGenotype  - Evolving generation 615, memory free: 131.5 MB
[14.09.2016 00:49:37,728] [main] INFO  org.jgap.gp.impl.GPGenotype  - Evolving generation 616, memory free: 146.0 MB
[14.09.2016 00:49:37,782] [main] INFO  org.jgap.gp.impl.GPGenotype  - Evolving generation 617, memory free: 123.1 MB
[14.09.2016 00:49:37,835] [main] INFO  org.jgap.gp.impl.GPGenotype  - Evolving generation 618, memory free: 137.2 MB
[14.09.2016 00:49:37,888] [main] INFO  org.jgap.gp.impl.GPGenotype  - Evolving generation 619, memory free: 115.3 MB
[14.09.2016 00:49:37,944] [main] INFO  org.jgap.gp.impl.GPGenotype  - Evolving generation 620, memory free: 128.1 MB
[14.09.2016 00:49:38,001] [main] INFO  org.jgap.gp.impl.GPGenotype  - Evolving generation 621, memory free: 141.3 MB
[14.09.2016 00:49:38,054] [main] INFO  org.jgap.gp.impl.GPGenotype  - Evolving generation 622, memory free: 119.3 MB
[14.09.2016 00:49:38,107] [main] INFO  org.jgap.gp.impl.GPGenotype  - Evolving generation 623, memory free: 131.5 MB
[14.09.2016 00:49:38,161] [main] INFO  org.jgap.gp.impl.GPGenotype  - Evolving generation 624, memory free: 142.8 MB
[14.09.2016 00:49:38,214] [main] INFO  org.jgap.gp.impl.GPGenotype  - Evolving generation 625, memory free: 120.1 MB
[14.09.2016 00:49:38,267] [main] INFO  org.jgap.gp.impl.GPGenotype  - Evolving generation 626, memory free: 132.2 MB
[14.09.2016 00:49:38,319] [main] INFO  org.jgap.gp.impl.GPGenotype  - Evolving generation 627, memory free: 109.8 MB
[14.09.2016 00:49:38,371] [main] INFO  org.jgap.gp.impl.GPGenotype  - Evolving generation 628, memory free: 121.4 MB
[14.09.2016 00:49:38,424] [main] INFO  org.jgap.gp.impl.GPGenotype  - Evolving generation 629, memory free: 138.8 MB
[14.09.2016 00:49:38,476] [main] INFO  org.jgap.gp.impl.GPGenotype  - Evolving generation 630, memory free: 117.0 MB
[14.09.2016 00:49:38,529] [main] INFO  org.jgap.gp.impl.GPGenotype  - Evolving generation 631, memory free: 133.9 MB
[14.09.2016 00:49:38,580] [main] INFO  org.jgap.gp.impl.GPGenotype  - Evolving generation 632, memory free: 111.5 MB
[14.09.2016 00:49:38,649] [main] INFO  org.jgap.gp.impl.GPGenotype  - Evolving generation 633, memory free: 128.4 MB
[14.09.2016 00:49:38,702] [main] INFO  org.jgap.gp.impl.GPGenotype  - Evolving generation 634, memory free: 145.4 MB
[14.09.2016 00:49:38,760] [main] INFO  org.jgap.gp.impl.GPGenotype  - Evolving generation 635, memory free: 122.8 MB
[14.09.2016 00:49:38,812] [main] INFO  org.jgap.gp.impl.GPGenotype  - Evolving generation 636, memory free: 138.4 MB
[14.09.2016 00:49:38,863] [main] INFO  org.jgap.gp.impl.GPGenotype  - Evolving generation 637, memory free: 116.0 MB
[14.09.2016 00:49:38,916] [main] INFO  org.jgap.gp.impl.GPGenotype  - Evolving generation 638, memory free: 131.9 MB
[14.09.2016 00:49:38,966] [main] INFO  org.jgap.gp.impl.GPGenotype  - Evolving generation 639, memory free: 109.9 MB
[14.09.2016 00:49:39,018] [main] INFO  org.jgap.gp.impl.GPGenotype  - Evolving generation 640, memory free: 124.4 MB
[14.09.2016 00:49:39,071] [main] INFO  org.jgap.gp.impl.GPGenotype  - Evolving generation 641, memory free: 139.9 MB
[14.09.2016 00:49:39,122] [main] INFO  org.jgap.gp.impl.GPGenotype  - Evolving generation 642, memory free: 116.9 MB
[14.09.2016 00:49:39,173] [main] INFO  org.jgap.gp.impl.GPGenotype  - Evolving generation 643, memory free: 131.1 MB
[14.09.2016 00:49:39,223] [main] INFO  org.jgap.gp.impl.GPGenotype  - Evolving generation 644, memory free: 108.5 MB
[14.09.2016 00:49:39,276] [main] INFO  org.jgap.gp.impl.GPGenotype  - Evolving generation 645, memory free: 122.8 MB
[14.09.2016 00:49:39,329] [main] INFO  org.jgap.gp.impl.GPGenotype  - Evolving generation 646, memory free: 138.9 MB
[14.09.2016 00:49:39,380] [main] INFO  org.jgap.gp.impl.GPGenotype  - Evolving generation 647, memory free: 117.2 MB
[14.09.2016 00:49:39,432] [main] INFO  org.jgap.gp.impl.GPGenotype  - Evolving generation 648, memory free: 134.2 MB
[14.09.2016 00:49:39,483] [main] INFO  org.jgap.gp.impl.GPGenotype  - Evolving generation 649, memory free: 112.1 MB
[14.09.2016 00:49:39,536] [main] INFO  org.jgap.gp.impl.GPGenotype  - Evolving generation 650, memory free: 128.3 MB
[14.09.2016 00:49:39,596] [main] INFO  org.jgap.gp.impl.GPGenotype  - Evolving generation 651, memory free: 144.1 MB
[14.09.2016 00:49:39,658] [main] INFO  org.jgap.gp.impl.GPGenotype  - Evolving generation 652, memory free: 121.8 MB
[14.09.2016 00:49:39,714] [main] INFO  org.jgap.gp.impl.GPGenotype  - Evolving generation 653, memory free: 136.7 MB
[14.09.2016 00:49:39,771] [main] INFO  org.jgap.gp.impl.GPGenotype  - Evolving generation 654, memory free: 113.9 MB
[14.09.2016 00:49:39,823] [main] INFO  org.jgap.gp.impl.GPGenotype  - Evolving generation 655, memory free: 129.3 MB
[14.09.2016 00:49:39,873] [main] INFO  org.jgap.gp.impl.GPGenotype  - Evolving generation 656, memory free: 107.6 MB
[14.09.2016 00:49:39,927] [main] INFO  org.jgap.gp.impl.GPGenotype  - Evolving generation 657, memory free: 121.0 MB
[14.09.2016 00:49:39,981] [main] INFO  org.jgap.gp.impl.GPGenotype  - Evolving generation 658, memory free: 134.9 MB
[14.09.2016 00:49:40,035] [main] INFO  org.jgap.gp.impl.GPGenotype  - Evolving generation 659, memory free: 112.3 MB
[14.09.2016 00:49:40,087] [main] INFO  org.jgap.gp.impl.GPGenotype  - Evolving generation 660, memory free: 125.5 MB
[14.09.2016 00:49:40,140] [main] INFO  org.jgap.gp.impl.GPGenotype  - Evolving generation 661, memory free: 138.6 MB
[14.09.2016 00:49:40,191] [main] INFO  org.jgap.gp.impl.GPGenotype  - Evolving generation 662, memory free: 116.6 MB
[14.09.2016 00:49:40,243] [main] INFO  org.jgap.gp.impl.GPGenotype  - Evolving generation 663, memory free: 131.1 MB
[14.09.2016 00:49:40,295] [main] INFO  org.jgap.gp.impl.GPGenotype  - Evolving generation 664, memory free: 109.2 MB
[14.09.2016 00:49:40,349] [main] INFO  org.jgap.gp.impl.GPGenotype  - Evolving generation 665, memory free: 122.2 MB
[14.09.2016 00:49:40,403] [main] INFO  org.jgap.gp.impl.GPGenotype  - Evolving generation 666, memory free: 135.3 MB
[14.09.2016 00:49:40,458] [main] INFO  org.jgap.gp.impl.GPGenotype  - Evolving generation 667, memory free: 112.6 MB
[14.09.2016 00:49:40,511] [main] INFO  org.jgap.gp.impl.GPGenotype  - Evolving generation 668, memory free: 124.8 MB
[14.09.2016 00:49:40,565] [main] INFO  org.jgap.gp.impl.GPGenotype  - Evolving generation 669, memory free: 136.9 MB
[14.09.2016 00:49:40,623] [main] INFO  org.jgap.gp.impl.GPGenotype  - Evolving generation 670, memory free: 114.8 MB
[14.09.2016 00:49:40,681] [main] INFO  org.jgap.gp.impl.GPGenotype  - Evolving generation 671, memory free: 127.5 MB
[14.09.2016 00:49:40,736] [main] INFO  org.jgap.gp.impl.GPGenotype  - Evolving generation 672, memory free: 105.4 MB
[14.09.2016 00:49:40,789] [main] INFO  org.jgap.gp.impl.GPGenotype  - Evolving generation 673, memory free: 123.3 MB
[14.09.2016 00:49:40,845] [main] INFO  org.jgap.gp.impl.GPGenotype  - Evolving generation 674, memory free: 142.6 MB
[14.09.2016 00:49:40,900] [main] INFO  org.jgap.gp.impl.GPGenotype  - Evolving generation 675, memory free: 120.5 MB
[14.09.2016 00:49:40,954] [main] INFO  org.jgap.gp.impl.GPGenotype  - Evolving generation 676, memory free: 138.5 MB
[14.09.2016 00:49:41,008] [main] INFO  org.jgap.gp.impl.GPGenotype  - Evolving generation 677, memory free: 116.1 MB
[14.09.2016 00:49:41,063] [main] INFO  org.jgap.gp.impl.GPGenotype  - Evolving generation 678, memory free: 135.9 MB
[14.09.2016 00:49:41,117] [main] INFO  org.jgap.gp.impl.GPGenotype  - Evolving generation 679, memory free: 113.5 MB
[14.09.2016 00:49:41,173] [main] INFO  org.jgap.gp.impl.GPGenotype  - Evolving generation 680, memory free: 131.3 MB
[14.09.2016 00:49:41,230] [main] INFO  org.jgap.gp.impl.GPGenotype  - Evolving generation 681, memory free: 109.2 MB
[14.09.2016 00:49:41,286] [main] INFO  org.jgap.gp.impl.GPGenotype  - Evolving generation 682, memory free: 127.6 MB
[14.09.2016 00:49:41,339] [main] INFO  org.jgap.gp.impl.GPGenotype  - Evolving generation 683, memory free: 104.9 MB
[14.09.2016 00:49:41,397] [main] INFO  org.jgap.gp.impl.GPGenotype  - Evolving generation 684, memory free: 122.0 MB
[14.09.2016 00:49:41,451] [main] INFO  org.jgap.gp.impl.GPGenotype  - Evolving generation 685, memory free: 139.4 MB
[14.09.2016 00:49:41,506] [main] INFO  org.jgap.gp.impl.GPGenotype  - Evolving generation 686, memory free: 117.3 MB
[14.09.2016 00:49:41,562] [main] INFO  org.jgap.gp.impl.GPGenotype  - Evolving generation 687, memory free: 133.0 MB
[14.09.2016 00:49:41,617] [main] INFO  org.jgap.gp.impl.GPGenotype  - Evolving generation 688, memory free: 110.3 MB
[14.09.2016 00:49:41,672] [main] INFO  org.jgap.gp.impl.GPGenotype  - Evolving generation 689, memory free: 127.3 MB
[14.09.2016 00:49:41,729] [main] INFO  org.jgap.gp.impl.GPGenotype  - Evolving generation 690, memory free: 104.9 MB
[14.09.2016 00:49:41,784] [main] INFO  org.jgap.gp.impl.GPGenotype  - Evolving generation 691, memory free: 119.9 MB
[14.09.2016 00:49:41,838] [main] INFO  org.jgap.gp.impl.GPGenotype  - Evolving generation 692, memory free: 135.3 MB
[14.09.2016 00:49:41,891] [main] INFO  org.jgap.gp.impl.GPGenotype  - Evolving generation 693, memory free: 112.1 MB
[14.09.2016 00:49:41,947] [main] INFO  org.jgap.gp.impl.GPGenotype  - Evolving generation 694, memory free: 127.2 MB
[14.09.2016 00:49:42,003] [main] INFO  org.jgap.gp.impl.GPGenotype  - Evolving generation 695, memory free: 105.0 MB
[14.09.2016 00:49:42,059] [main] INFO  org.jgap.gp.impl.GPGenotype  - Evolving generation 696, memory free: 118.8 MB
[14.09.2016 00:49:42,113] [main] INFO  org.jgap.gp.impl.GPGenotype  - Evolving generation 697, memory free: 132.1 MB
[14.09.2016 00:49:42,165] [main] INFO  org.jgap.gp.impl.GPGenotype  - Evolving generation 698, memory free: 109.8 MB
[14.09.2016 00:49:42,223] [main] INFO  org.jgap.gp.impl.GPGenotype  - Evolving generation 699, memory free: 122.7 MB
[14.09.2016 00:49:42,279] [main] INFO  org.jgap.gp.impl.GPGenotype  - Evolving generation 700, memory free: 135.2 MB
[14.09.2016 00:49:42,335] [main] INFO  org.jgap.gp.impl.GPGenotype  - Evolving generation 701, memory free: 112.1 MB
[14.09.2016 00:49:42,396] [main] INFO  org.jgap.gp.impl.GPGenotype  - Evolving generation 702, memory free: 124.0 MB
[14.09.2016 00:49:42,456] [main] INFO  org.jgap.gp.impl.GPGenotype  - Evolving generation 703, memory free: 101.9 MB
[14.09.2016 00:49:42,513] [main] INFO  org.jgap.gp.impl.GPGenotype  - Evolving generation 704, memory free: 113.0 MB
[14.09.2016 00:49:42,568] [main] INFO  org.jgap.gp.impl.GPGenotype  - Evolving generation 705, memory free: 124.2 MB
[14.09.2016 00:49:42,621] [main] INFO  org.jgap.gp.impl.GPGenotype  - Evolving generation 706, memory free: 101.5 MB
[14.09.2016 00:49:42,675] [main] INFO  org.jgap.gp.impl.GPGenotype  - Evolving generation 707, memory free: 119.9 MB
[14.09.2016 00:49:42,730] [main] INFO  org.jgap.gp.impl.GPGenotype  - Evolving generation 708, memory free: 137.2 MB
[14.09.2016 00:49:42,785] [main] INFO  org.jgap.gp.impl.GPGenotype  - Evolving generation 709, memory free: 114.8 MB
[14.09.2016 00:49:42,839] [main] INFO  org.jgap.gp.impl.GPGenotype  - Evolving generation 710, memory free: 136.5 MB
[14.09.2016 00:49:42,893] [main] INFO  org.jgap.gp.impl.GPGenotype  - Evolving generation 711, memory free: 114.9 MB
[14.09.2016 00:49:42,947] [main] INFO  org.jgap.gp.impl.GPGenotype  - Evolving generation 712, memory free: 137.2 MB
[14.09.2016 00:49:43,001] [main] INFO  org.jgap.gp.impl.GPGenotype  - Evolving generation 713, memory free: 114.9 MB
[14.09.2016 00:49:43,056] [main] INFO  org.jgap.gp.impl.GPGenotype  - Evolving generation 714, memory free: 136.6 MB
[14.09.2016 00:49:43,108] [main] INFO  org.jgap.gp.impl.GPGenotype  - Evolving generation 715, memory free: 114.6 MB
[14.09.2016 00:49:43,165] [main] INFO  org.jgap.gp.impl.GPGenotype  - Evolving generation 716, memory free: 135.2 MB
[14.09.2016 00:49:43,220] [main] INFO  org.jgap.gp.impl.GPGenotype  - Evolving generation 717, memory free: 113.4 MB
[14.09.2016 00:49:43,278] [main] INFO  org.jgap.gp.impl.GPGenotype  - Evolving generation 718, memory free: 133.3 MB
[14.09.2016 00:49:43,333] [main] INFO  org.jgap.gp.impl.GPGenotype  - Evolving generation 719, memory free: 111.0 MB
[14.09.2016 00:49:43,387] [main] INFO  org.jgap.gp.impl.GPGenotype  - Evolving generation 720, memory free: 131.1 MB
[14.09.2016 00:49:43,442] [main] INFO  org.jgap.gp.impl.GPGenotype  - Evolving generation 721, memory free: 109.0 MB
[14.09.2016 00:49:43,496] [main] INFO  org.jgap.gp.impl.GPGenotype  - Evolving generation 722, memory free: 128.9 MB
[14.09.2016 00:49:43,549] [main] INFO  org.jgap.gp.impl.GPGenotype  - Evolving generation 723, memory free: 106.3 MB
[14.09.2016 00:49:43,603] [main] INFO  org.jgap.gp.impl.GPGenotype  - Evolving generation 724, memory free: 125.1 MB
[14.09.2016 00:49:43,654] [main] INFO  org.jgap.gp.impl.GPGenotype  - Evolving generation 725, memory free: 102.7 MB
[14.09.2016 00:49:43,707] [main] INFO  org.jgap.gp.impl.GPGenotype  - Evolving generation 726, memory free: 121.4 MB
[14.09.2016 00:49:43,761] [main] INFO  org.jgap.gp.impl.GPGenotype  - Evolving generation 727, memory free: 98.4 MB
[14.09.2016 00:49:43,817] [main] INFO  org.jgap.gp.impl.GPGenotype  - Evolving generation 728, memory free: 116.9 MB
[14.09.2016 00:49:43,870] [main] INFO  org.jgap.gp.impl.GPGenotype  - Evolving generation 729, memory free: 134.2 MB
[14.09.2016 00:49:43,928] [main] INFO  org.jgap.gp.impl.GPGenotype  - Evolving generation 730, memory free: 111.8 MB
[14.09.2016 00:49:43,982] [main] INFO  org.jgap.gp.impl.GPGenotype  - Evolving generation 731, memory free: 129.0 MB
[14.09.2016 00:49:44,035] [main] INFO  org.jgap.gp.impl.GPGenotype  - Evolving generation 732, memory free: 106.9 MB
[14.09.2016 00:49:44,090] [main] INFO  org.jgap.gp.impl.GPGenotype  - Evolving generation 733, memory free: 122.7 MB
[14.09.2016 00:49:44,144] [main] INFO  org.jgap.gp.impl.GPGenotype  - Evolving generation 734, memory free: 100.8 MB
[14.09.2016 00:49:44,198] [main] INFO  org.jgap.gp.impl.GPGenotype  - Evolving generation 735, memory free: 116.9 MB
[14.09.2016 00:49:44,254] [main] INFO  org.jgap.gp.impl.GPGenotype  - Evolving generation 736, memory free: 132.5 MB
[14.09.2016 00:49:44,311] [main] INFO  org.jgap.gp.impl.GPGenotype  - Evolving generation 737, memory free: 109.7 MB
[14.09.2016 00:49:44,370] [main] INFO  org.jgap.gp.impl.GPGenotype  - Evolving generation 738, memory free: 124.9 MB
[14.09.2016 00:49:44,424] [main] INFO  org.jgap.gp.impl.GPGenotype  - Evolving generation 739, memory free: 102.4 MB
[14.09.2016 00:49:44,479] [main] INFO  org.jgap.gp.impl.GPGenotype  - Evolving generation 740, memory free: 117.1 MB
[14.09.2016 00:49:44,533] [main] INFO  org.jgap.gp.impl.GPGenotype  - Evolving generation 741, memory free: 130.6 MB
[14.09.2016 00:49:44,585] [main] INFO  org.jgap.gp.impl.GPGenotype  - Evolving generation 742, memory free: 108.0 MB
[14.09.2016 00:49:44,645] [main] INFO  org.jgap.gp.impl.GPGenotype  - Evolving generation 743, memory free: 121.2 MB
[14.09.2016 00:49:44,697] [main] INFO  org.jgap.gp.impl.GPGenotype  - Evolving generation 744, memory free: 99.6 MB
[14.09.2016 00:49:44,749] [main] INFO  org.jgap.gp.impl.GPGenotype  - Evolving generation 745, memory free: 112.3 MB
[14.09.2016 00:49:44,803] [main] INFO  org.jgap.gp.impl.GPGenotype  - Evolving generation 746, memory free: 127.4 MB
[14.09.2016 00:49:44,856] [main] INFO  org.jgap.gp.impl.GPGenotype  - Evolving generation 747, memory free: 105.2 MB
[14.09.2016 00:49:44,910] [main] INFO  org.jgap.gp.impl.GPGenotype  - Evolving generation 748, memory free: 119.8 MB
[14.09.2016 00:49:44,964] [main] INFO  org.jgap.gp.impl.GPGenotype  - Evolving generation 749, memory free: 96.8 MB
[14.09.2016 00:49:45,018] [main] INFO  org.jgap.gp.impl.GPGenotype  - Evolving generation 750, memory free: 110.8 MB
[14.09.2016 00:49:45,073] [main] INFO  org.jgap.gp.impl.GPGenotype  - Evolving generation 751, memory free: 131.5 MB
[14.09.2016 00:49:45,126] [main] INFO  org.jgap.gp.impl.GPGenotype  - Evolving generation 752, memory free: 109.5 MB
[14.09.2016 00:49:45,180] [main] INFO  org.jgap.gp.impl.GPGenotype  - Evolving generation 753, memory free: 131.0 MB
[14.09.2016 00:49:45,231] [main] INFO  org.jgap.gp.impl.GPGenotype  - Evolving generation 754, memory free: 108.9 MB
[14.09.2016 00:49:45,281] [main] INFO  org.jgap.gp.impl.GPGenotype  - Evolving generation 755, memory free: 129.0 MB
[14.09.2016 00:49:45,330] [main] INFO  org.jgap.gp.impl.GPGenotype  - Evolving generation 756, memory free: 106.4 MB
[14.09.2016 00:49:45,381] [main] INFO  org.jgap.gp.impl.GPGenotype  - Evolving generation 757, memory free: 126.9 MB
[14.09.2016 00:49:45,431] [main] INFO  org.jgap.gp.impl.GPGenotype  - Evolving generation 758, memory free: 105.4 MB
[14.09.2016 00:49:45,482] [main] INFO  org.jgap.gp.impl.GPGenotype  - Evolving generation 759, memory free: 124.6 MB
[14.09.2016 00:49:45,531] [main] INFO  org.jgap.gp.impl.GPGenotype  - Evolving generation 760, memory free: 102.5 MB
[14.09.2016 00:49:45,584] [main] INFO  org.jgap.gp.impl.GPGenotype  - Evolving generation 761, memory free: 121.7 MB
[14.09.2016 00:49:45,635] [main] INFO  org.jgap.gp.impl.GPGenotype  - Evolving generation 762, memory free: 99.8 MB
[14.09.2016 00:49:45,686] [main] INFO  org.jgap.gp.impl.GPGenotype  - Evolving generation 763, memory free: 118.7 MB
[14.09.2016 00:49:45,737] [main] INFO  org.jgap.gp.impl.GPGenotype  - Evolving generation 764, memory free: 96.3 MB
[14.09.2016 00:49:45,787] [main] INFO  org.jgap.gp.impl.GPGenotype  - Evolving generation 765, memory free: 115.1 MB
[14.09.2016 00:49:45,838] [main] INFO  org.jgap.gp.impl.GPGenotype  - Evolving generation 766, memory free: 133.3 MB
[14.09.2016 00:49:45,888] [main] INFO  org.jgap.gp.impl.GPGenotype  - Evolving generation 767, memory free: 110.6 MB
[14.09.2016 00:49:45,937] [main] INFO  org.jgap.gp.impl.GPGenotype  - Evolving generation 768, memory free: 128.7 MB
[14.09.2016 00:49:45,988] [main] INFO  org.jgap.gp.impl.GPGenotype  - Evolving generation 769, memory free: 106.3 MB
[14.09.2016 00:49:46,040] [main] INFO  org.jgap.gp.impl.GPGenotype  - Evolving generation 770, memory free: 122.4 MB
[14.09.2016 00:49:46,090] [main] INFO  org.jgap.gp.impl.GPGenotype  - Evolving generation 771, memory free: 100.3 MB
[14.09.2016 00:49:46,141] [main] INFO  org.jgap.gp.impl.GPGenotype  - Evolving generation 772, memory free: 116.5 MB
[14.09.2016 00:49:46,192] [main] INFO  org.jgap.gp.impl.GPGenotype  - Evolving generation 773, memory free: 94.7 MB
[14.09.2016 00:49:46,244] [main] INFO  org.jgap.gp.impl.GPGenotype  - Evolving generation 774, memory free: 111.2 MB
[14.09.2016 00:49:46,296] [main] INFO  org.jgap.gp.impl.GPGenotype  - Evolving generation 775, memory free: 127.1 MB
[14.09.2016 00:49:46,350] [main] INFO  org.jgap.gp.impl.GPGenotype  - Evolving generation 776, memory free: 104.3 MB
[14.09.2016 00:49:46,402] [main] INFO  org.jgap.gp.impl.GPGenotype  - Evolving generation 777, memory free: 119.6 MB
[14.09.2016 00:49:46,454] [main] INFO  org.jgap.gp.impl.GPGenotype  - Evolving generation 778, memory free: 97.1 MB
[14.09.2016 00:49:46,507] [main] INFO  org.jgap.gp.impl.GPGenotype  - Evolving generation 779, memory free: 111.4 MB
[14.09.2016 00:49:46,564] [main] INFO  org.jgap.gp.impl.GPGenotype  - Evolving generation 780, memory free: 125.1 MB
[14.09.2016 00:49:46,618] [main] INFO  org.jgap.gp.impl.GPGenotype  - Evolving generation 781, memory free: 103.2 MB
[14.09.2016 00:49:46,673] [main] INFO  org.jgap.gp.impl.GPGenotype  - Evolving generation 782, memory free: 116.6 MB
[14.09.2016 00:49:46,724] [main] INFO  org.jgap.gp.impl.GPGenotype  - Evolving generation 783, memory free: 94.2 MB
[14.09.2016 00:49:46,779] [main] INFO  org.jgap.gp.impl.GPGenotype  - Evolving generation 784, memory free: 107.6 MB
[14.09.2016 00:49:46,839] [main] INFO  org.jgap.gp.impl.GPGenotype  - Evolving generation 785, memory free: 122.6 MB
[14.09.2016 00:49:46,893] [main] INFO  org.jgap.gp.impl.GPGenotype  - Evolving generation 786, memory free: 99.5 MB
[14.09.2016 00:49:46,945] [main] INFO  org.jgap.gp.impl.GPGenotype  - Evolving generation 787, memory free: 115.9 MB
[14.09.2016 00:49:46,999] [main] INFO  org.jgap.gp.impl.GPGenotype  - Evolving generation 788, memory free: 92.8 MB
[14.09.2016 00:49:47,053] [main] INFO  org.jgap.gp.impl.GPGenotype  - Evolving generation 789, memory free: 117.3 MB
[14.09.2016 00:49:47,108] [main] INFO  org.jgap.gp.impl.GPGenotype  - Evolving generation 790, memory free: 94.9 MB
[14.09.2016 00:49:47,165] [main] INFO  org.jgap.gp.impl.GPGenotype  - Evolving generation 791, memory free: 118.2 MB
[14.09.2016 00:49:47,218] [main] INFO  org.jgap.gp.impl.GPGenotype  - Evolving generation 792, memory free: 96.1 MB
[14.09.2016 00:49:47,272] [main] INFO  org.jgap.gp.impl.GPGenotype  - Evolving generation 793, memory free: 119.5 MB
[14.09.2016 00:49:47,324] [main] INFO  org.jgap.gp.impl.GPGenotype  - Evolving generation 794, memory free: 96.8 MB
[14.09.2016 00:49:47,378] [main] INFO  org.jgap.gp.impl.GPGenotype  - Evolving generation 795, memory free: 119.1 MB
[14.09.2016 00:49:47,430] [main] INFO  org.jgap.gp.impl.GPGenotype  - Evolving generation 796, memory free: 96.6 MB
[14.09.2016 00:49:47,481] [main] INFO  org.jgap.gp.impl.GPGenotype  - Evolving generation 797, memory free: 118.2 MB
[14.09.2016 00:49:47,532] [main] INFO  org.jgap.gp.impl.GPGenotype  - Evolving generation 798, memory free: 96.0 MB
[14.09.2016 00:49:47,586] [main] INFO  org.jgap.gp.impl.GPGenotype  - Evolving generation 799, memory free: 118.0 MB
[14.09.2016 00:49:47,635] [main] INFO  org.jgap.gp.impl.GPGenotype  - Best solution fitness: 96.89
[14.09.2016 00:49:47,636] [main] INFO  org.jgap.gp.impl.GPGenotype  - Best solution: ((((10 + 3) + (5 - (mitoses * uniformityOfCellShape))) - (normalNucleoli * bareNuclei)) / blandChromatin) / uniformityOfCellShape ==> Arg(1) + Arg(2) + Arg(2)
[14.09.2016 00:49:47,636] [main] INFO  org.jgap.gp.impl.GPGenotype  - Depths of chroms: 6 / 1
